03:52:49.608 [main                     ] DEBUG Logger               - Configured Logger
03:52:49.629 [main                     ] DEBUG GameApplication      - Logging settings
Title: Zombie Invaders
Version: 0.1
Width: 1536
Height: 864
Fullscreen: true
Intro: false
Profiling: false
Single step:false
App Mode: DEVELOPER
Menu Key: ESCAPE
Stage Style: DECORATED
Scene Factory: class com.marcosguianfrancojoel.zombie_invaders.MENU.MiEscenaMenu

03:52:50.215 [JavaFX Application Thread] DEBUG FXGLApplication      - Initializing FXGL
03:52:50.224 [JavaFX Application Thread] INFO  Engine               - FXGL-17.3 (30.03.2023 11.49) on WINDOWS (J:21.0.8 FX:21.0.6)
03:52:50.224 [JavaFX Application Thread] DEBUG Engine               - JRE Vendor Name: Eclipse Adoptium
03:52:50.225 [JavaFX Application Thread] DEBUG Engine               - Running on OS: Windows 11 version 10.0
03:52:50.225 [JavaFX Application Thread] DEBUG Engine               - Architecture: amd64
03:52:50.226 [JavaFX Application Thread] INFO  Engine               - Source code and latest versions at: https://github.com/AlmasB/FXGL
03:52:50.226 [JavaFX Application Thread] INFO  Engine               -       Ask questions and discuss at: https://github.com/AlmasB/FXGL/discussions
03:52:50.226 [JavaFX Application Thread] INFO  Engine               -              Join the FXGL chat at: https://gitter.im/AlmasB/FXGL
03:52:50.477 [JavaFX Application Thread] DEBUG PrimaryStageWindow   - Creating a JavaFX scene
03:52:50.566 [JavaFX Application Thread] DEBUG PrimaryStageWindow   - Target settings size: 1536.0 x 864.0
03:52:50.566 [JavaFX Application Thread] DEBUG PrimaryStageWindow   - Scaled scene size:    1536.0 x 864.0
03:52:50.567 [JavaFX Application Thread] DEBUG PrimaryStageWindow   - Scaled ratio: (1.0, 1.0)
03:52:50.568 [JavaFX Application Thread] DEBUG PrimaryStageWindow   - Set initial scene to FXGLStartupScene
03:52:50.578 [JavaFX Application Thread] DEBUG PrimaryStageWindow   - Opening main window
03:52:50.730 [JavaFX Application Thread] DEBUG PrimaryStageWindow   - Window border size: (14.4000244140625, 37.5999755859375)
03:52:50.730 [JavaFX Application Thread] DEBUG PrimaryStageWindow   - Scaled size: 1536.0 x 864.0
03:52:50.731 [JavaFX Application Thread] DEBUG PrimaryStageWindow   - Scaled ratio: (1.0, 1.0)
03:52:50.732 [JavaFX Application Thread] DEBUG PrimaryStageWindow   - Scene size: 1536.0 x 864.0
03:52:50.733 [JavaFX Application Thread] DEBUG PrimaryStageWindow   - Stage size: 1550.4000244140625 x 901.5999755859375
03:52:50.749 [FXGL Background Thread 1 ] DEBUG Engine               - Initializing environment variables
03:52:50.870 [FXGL Background Thread 1 ] DEBUG FXGLAssetLoaderServi - User app class for loading assets: class com.marcosguianfrancojoel.zombie_invaders.GameMain
03:52:50.871 [FXGL Background Thread 1 ] DEBUG GameApplicationServi - Applying CSS: fxgl_dark.css
03:52:50.872 [FXGL Background Thread 1 ] DEBUG FXGLAssetLoaderServi - Loading from file system: jar:file:/C:/Users/locro/.m2/repository/com/github/almasb/fxgl/17.3/fxgl-17.3.jar!/fxglassets/ui/css/fxgl_dark.css
03:52:50.952 [FXGL Background Thread 1 ] DEBUG GameApplicationServi - Initializing application scenes
03:52:51.083 [FXGL Background Thread 1 ] DEBUG GameWorld            - Game world initialized
03:52:51.184 [FXGL Background Thread 1 ] DEBUG PhysicsWorld         - Physics world initialized: appHeight=864, physics.ppm=50,0
03:52:51.184 [FXGL Background Thread 1 ] DEBUG PhysicsWorld         - Using strategy: BRUTE_FORCE
03:52:51.188 [FXGL Background Thread 1 ] DEBUG GameScene            - Game scene initialized: 1536x864
03:52:51.201 [FXGL Background Thread 1 ] DEBUG FXGLAssetLoaderServi - Loading from file system: file:/C:/Users/locro/OneDrive/Desktop/Zombie%20Invaders/target/classes/assets/textures/ui/fondoMenu.png
03:52:51.282 [FXGL Background Thread 1 ] DEBUG GameApplicationServi - Application scenes initialized
03:52:51.314 [FXGL Background Thread 1 ] DEBUG SystemBundleService  - Loading FXGL system data
03:52:51.320 [FXGL Background Thread 1 ] DEBUG FileSystemAccess     - Reading from: C:\Users\locro\OneDrive\Desktop\Zombie Invaders\system\fxgl.bundle
03:52:51.336 [FXGL Background Thread 1 ] DEBUG SystemBundleService  - Bundle FXGL: {}
03:52:51.336 [FXGL Background Thread 1 ] DEBUG UpdaterService       - Checking for updates
03:52:51.349 [FXGL Background Thread 4 ] DEBUG FXGLApplication      - Loading fonts
03:52:51.350 [FXGL Background Thread 4 ] DEBUG FXGLAssetLoaderServi - Loading from file system: jar:file:/C:/Users/locro/.m2/repository/com/github/almasb/fxgl/17.3/fxgl-17.3.jar!/fxglassets/ui/fonts/VarelaRound-Regular.ttf
03:52:51.353 [FXGL Background Thread 1 ] DEBUG FXGLApplication      - Loading default localization
03:52:51.354 [FXGL Background Thread 1 ] DEBUG FXGLAssetLoaderServi - Loading from file system: jar:file:/C:/Users/locro/.m2/repository/com/github/almasb/fxgl/17.3/fxgl-17.3.jar!/fxglassets/languages/english.lang
03:52:51.426 [FXGL Background Thread 1 ] INFO  FXGLApplication      - FXGL initialization took: 0,677 sec
03:52:51.428 [FXGL Background Thread 4 ] DEBUG FXGLAssetLoaderServi - Loading from file system: jar:file:/C:/Users/locro/.m2/repository/com/github/almasb/fxgl/17.3/fxgl-17.3.jar!/fxglassets/ui/fonts/Abel-Regular.ttf
03:52:51.435 [FXGL Background Thread 4 ] DEBUG FXGLAssetLoaderServi - Loading from file system: jar:file:/C:/Users/locro/.m2/repository/com/github/almasb/fxgl/17.3/fxgl-17.3.jar!/fxglassets/ui/fonts/TerminalLandMono-Regular.otf
03:52:51.441 [FXGL Background Thread 4 ] DEBUG FXGLAssetLoaderServi - Loading from file system: jar:file:/C:/Users/locro/.m2/repository/com/github/almasb/fxgl/17.3/fxgl-17.3.jar!/fxglassets/ui/fonts/Courier-Prime.ttf
03:52:51.449 [JavaFX Application Thread] DEBUG Input                - Registered new binding: Arriba - W
03:52:51.449 [JavaFX Application Thread] DEBUG Input                - Registered new binding: Abajo - S
03:52:51.450 [JavaFX Application Thread] DEBUG Input                - Registered new binding: Izquierda - A
03:52:51.451 [JavaFX Application Thread] DEBUG Input                - Registered new binding: Derecha - D
03:52:51.453 [JavaFX Application Thread] DEBUG Input                - Registered new binding: Cargar_municion - R
03:52:51.453 [JavaFX Application Thread] DEBUG Input                - Registered new binding: CambiarArmaSiguiente - Q
03:52:51.454 [JavaFX Application Thread] DEBUG Input                - Registered new binding: CambiarArmaAnterior - E
03:52:51.458 [JavaFX Application Thread] DEBUG Input                - Registered new binding: Disparar - LMB
03:52:51.458 [JavaFX Application Thread] DEBUG FXGLAssetLoaderServi - Loading from file system: file:/C:/Users/locro/OneDrive/Desktop/Zombie%20Invaders/target/classes/assets/textures/icon.png
03:52:51.511 [JavaFX Application Thread] DEBUG FXGLAssetLoaderServi - Loading from file system: jar:file:/C:/Users/locro/.m2/repository/com/github/almasb/fxgl/17.3/fxgl-17.3.jar!/fxglassets/textures/fxgl_default_cursor.png
03:52:51.516 [JavaFX Application Thread] DEBUG Input                - Registered new binding: Screenshot - CTRL+8
03:52:51.518 [JavaFX Application Thread] DEBUG Input                - Registered new binding: System info dump - CTRL+9
03:52:51.518 [JavaFX Application Thread] DEBUG Input                - Registered new binding: Restart - CTRL+R
03:52:51.520 [JavaFX Application Thread] DEBUG Input                - Registered new binding: Toggle Debug Camera - CTRL+7
03:52:51.527 [JavaFX Application Thread] DEBUG LoopRunner           - Starting loop
03:52:51.527 [JavaFX Application Thread] DEBUG LoopRunner           - Initializing JavaFX AnimationTimerLoop
03:52:51.560 [JavaFX Application Thread] DEBUG Input                - Clearing active input actions
03:52:51.591 [JavaFX Application Thread] DEBUG GameApplicationServi - Removing overlay from FXGLStartupScene and adding to FXGLMainMenuDummyScene
03:52:51.597 [JavaFX Application Thread] DEBUG PrimaryStageWindow   - FXGLStartupScene -> FXGLMainMenuDummyScene
03:52:51.598 [JavaFX Application Thread] DEBUG PrimaryStageWindow   - Push state: MiMenu
03:52:51.598 [JavaFX Application Thread] DEBUG Input                - Clearing active input actions
03:52:51.631 [JavaFX Application Thread] DEBUG GameApplicationServi - Removing overlay from FXGLMainMenuDummyScene and adding to MiMenu
03:52:51.633 [JavaFX Application Thread] DEBUG PrimaryStageWindow   - FXGLMainMenuDummyScene -> MiMenu
03:52:51.633 [JavaFX Application Thread] DEBUG FXGLApplication      - Registering font factories with UI factory
03:52:52.354 [FXGL Background Thread 2 ] INFO  UpdaterService       - Your current version:  17.3
03:52:52.355 [FXGL Background Thread 2 ] INFO  UpdaterService       - Latest stable version: 21.1
03:52:53.201 [JavaFX Application Thread] DEBUG FXGLAssetLoaderServi - Loading from file system: file:/C:/Users/locro/OneDrive/Desktop/Zombie%20Invaders/target/classes/assets/sounds/sonidosUI/ui_click.wav
03:52:53.327 [JavaFX Application Thread] DEBUG PrimaryStageWindow   - Push state: DialogSubScene
03:52:53.328 [JavaFX Application Thread] DEBUG Input                - Clearing active input actions
03:52:53.332 [JavaFX Application Thread] DEBUG GameApplicationServi - Removing overlay from MiMenu and adding to DialogSubScene
03:52:53.334 [JavaFX Application Thread] DEBUG PrimaryStageWindow   - MiMenu -> DialogSubScene
03:52:54.347 [FXGL Background Thread 3 ] DEBUG Engine               - Logging environment variables
03:52:54.347 [FXGL Background Thread 3 ] DEBUG Engine               - achievements: []
03:52:54.347 [FXGL Background Thread 3 ] DEBUG Engine               - actualHeight: 864.0
03:52:54.347 [FXGL Background Thread 3 ] DEBUG Engine               - actualHeightProperty: ReadOnlyDoubleProperty [value: 864.0]
03:52:54.348 [FXGL Background Thread 3 ] DEBUG Engine               - actualWidth: 1536.0
03:52:54.348 [FXGL Background Thread 3 ] DEBUG Engine               - actualWidthProperty: ReadOnlyDoubleProperty [value: 1536.0]
03:52:54.348 [FXGL Background Thread 3 ] DEBUG Engine               - appIcon: icon.png
03:52:54.348 [FXGL Background Thread 3 ] DEBUG Engine               - applicationMode: DEVELOPER
03:52:54.348 [FXGL Background Thread 3 ] DEBUG Engine               - cSSList: [fxgl_dark.css]
03:52:54.348 [FXGL Background Thread 3 ] DEBUG Engine               - collisionDetectionStrategy: BRUTE_FORCE
03:52:54.348 [FXGL Background Thread 3 ] DEBUG Engine               - configClass: Optional.empty
03:52:54.348 [FXGL Background Thread 3 ] DEBUG Engine               - credits: []
03:52:54.351 [FXGL Background Thread 3 ] DEBUG Engine               - defaultCursor: CursorInfo(imageName=fxgl_default_cursor.png, hotspotX=7.0, hotspotY=6.0)
03:52:54.351 [FXGL Background Thread 3 ] DEBUG Engine               - devBBoxColorProperty: ObjectProperty [value: 0xff0000ff]
03:52:54.351 [FXGL Background Thread 3 ] DEBUG Engine               - devEnableDebugCameraProperty: BooleanProperty [value: false]
03:52:54.352 [FXGL Background Thread 3 ] DEBUG Engine               - devSensorColorProperty: ObjectProperty [value: 0xffff00ff]
03:52:54.352 [FXGL Background Thread 3 ] DEBUG Engine               - devShowBBoxProperty: BooleanProperty [value: false]
03:52:54.352 [FXGL Background Thread 3 ] DEBUG Engine               - devShowPositionProperty: BooleanProperty [value: false]
03:52:54.352 [FXGL Background Thread 3 ] DEBUG Engine               - enabledMenuItems: []
03:52:54.352 [FXGL Background Thread 3 ] DEBUG Engine               - engineServices: [class com.almasb.fxgl.app.services.FXGLAssetLoaderService, class com.almasb.fxgl.app.FXGLApplication$GameApplicationService, class com.almasb.fxgl.app.services.FXGLDialogService, class com.almasb.fxgl.app.services.IOTaskExecutorService, class com.almasb.fxgl.io.FileSystemService, class com.almasb.fxgl.localization.LocalizationService, class com.almasb.fxgl.app.services.SystemBundleService, class com.almasb.fxgl.profile.SaveLoadService, class com.almasb.fxgl.ui.FXGLUIFactoryServiceProvider, class com.almasb.fxgl.ui.FXGLDialogFactoryServiceProvider, class com.almasb.fxgl.audio.AudioPlayer, class com.almasb.fxgl.notification.impl.NotificationServiceProvider, class com.almasb.fxgl.achievement.AchievementService, class com.almasb.fxgl.cutscene.CutsceneService, class com.almasb.fxgl.minigames.MiniGameService, class com.almasb.fxgl.net.NetService, class com.almasb.fxgl.app.services.UpdaterService, class com.almasb.fxgl.dev.DevService]
03:52:54.352 [FXGL Background Thread 3 ] DEBUG Engine               - fontGame: Abel-Regular.ttf
03:52:54.352 [FXGL Background Thread 3 ] DEBUG Engine               - fontMono: TerminalLandMono-Regular.otf
03:52:54.352 [FXGL Background Thread 3 ] DEBUG Engine               - fontSizeScaleUI: 1.0
03:52:54.352 [FXGL Background Thread 3 ] DEBUG Engine               - fontText: Courier-Prime.ttf
03:52:54.352 [FXGL Background Thread 3 ] DEBUG Engine               - fontUI: VarelaRound-Regular.ttf
03:52:54.352 [FXGL Background Thread 3 ] DEBUG Engine               - fullScreen: BooleanProperty [value: false]
03:52:54.352 [FXGL Background Thread 3 ] DEBUG Engine               - gameDifficulty: MEDIUM
03:52:54.353 [FXGL Background Thread 3 ] DEBUG Engine               - gameDifficultyProperty: ObjectProperty [value: MEDIUM]
03:52:54.353 [FXGL Background Thread 3 ] DEBUG Engine               - globalMusicVolume: 0.5
03:52:54.353 [FXGL Background Thread 3 ] DEBUG Engine               - globalMusicVolumeProperty: DoubleProperty [value: 0.5]
03:52:54.353 [FXGL Background Thread 3 ] DEBUG Engine               - globalSoundVolume: 0.5
03:52:54.353 [FXGL Background Thread 3 ] DEBUG Engine               - globalSoundVolumeProperty: DoubleProperty [value: 0.5]
03:52:54.353 [FXGL Background Thread 3 ] DEBUG Engine               - height: 864
03:52:54.353 [FXGL Background Thread 3 ] DEBUG Engine               - is3D: false
03:52:54.353 [FXGL Background Thread 3 ] DEBUG Engine               - isAndroid: false
03:52:54.353 [FXGL Background Thread 3 ] DEBUG Engine               - isBrowser: false
03:52:54.353 [FXGL Background Thread 3 ] DEBUG Engine               - isClickFeedbackEnabled: false
03:52:54.353 [FXGL Background Thread 3 ] DEBUG Engine               - isCloseConfirmation: false
03:52:54.353 [FXGL Background Thread 3 ] DEBUG Engine               - isDesktop: true
03:52:54.353 [FXGL Background Thread 3 ] DEBUG Engine               - isDeveloperMenuEnabled: false
03:52:54.353 [FXGL Background Thread 3 ] DEBUG Engine               - isEmbedded: false
03:52:54.354 [FXGL Background Thread 3 ] DEBUG Engine               - isEntityPreloadEnabled: true
03:52:54.354 [FXGL Background Thread 3 ] DEBUG Engine               - isExperimentalTiledLargeMap: false
03:52:54.354 [FXGL Background Thread 3 ] DEBUG Engine               - isFileSystemWriteAllowed: true
03:52:54.354 [FXGL Background Thread 3 ] DEBUG Engine               - isFullScreenAllowed: true
03:52:54.354 [FXGL Background Thread 3 ] DEBUG Engine               - isFullScreenFromStart: false
03:52:54.354 [FXGL Background Thread 3 ] DEBUG Engine               - isGameMenuEnabled: true
03:52:54.354 [FXGL Background Thread 3 ] DEBUG Engine               - isIOS: false
03:52:54.354 [FXGL Background Thread 3 ] DEBUG Engine               - isIntroEnabled: false
03:52:54.354 [FXGL Background Thread 3 ] DEBUG Engine               - isLinux: false
03:52:54.354 [FXGL Background Thread 3 ] DEBUG Engine               - isMac: false
03:52:54.354 [FXGL Background Thread 3 ] DEBUG Engine               - isMainMenuEnabled: true
03:52:54.354 [FXGL Background Thread 3 ] DEBUG Engine               - isManualResizeEnabled: true
03:52:54.354 [FXGL Background Thread 3 ] DEBUG Engine               - isMobile: false
03:52:54.354 [FXGL Background Thread 3 ] DEBUG Engine               - isNative: false
03:52:54.354 [FXGL Background Thread 3 ] DEBUG Engine               - isPauseMusicWhenMinimized: true
03:52:54.354 [FXGL Background Thread 3 ] DEBUG Engine               - isPreserveResizeRatio: false
03:52:54.354 [FXGL Background Thread 3 ] DEBUG Engine               - isProfilingEnabled: false
03:52:54.354 [FXGL Background Thread 3 ] DEBUG Engine               - isScaleAffectedOnResize: true
03:52:54.355 [FXGL Background Thread 3 ] DEBUG Engine               - isSingleStep: false
03:52:54.355 [FXGL Background Thread 3 ] DEBUG Engine               - isUserProfileEnabled: false
03:52:54.355 [FXGL Background Thread 3 ] DEBUG Engine               - isWindows: true
03:52:54.355 [FXGL Background Thread 3 ] DEBUG Engine               - language: ObjectProperty [value: ENGLISH]
03:52:54.355 [FXGL Background Thread 3 ] DEBUG Engine               - menuKey: ESCAPE
03:52:54.355 [FXGL Background Thread 3 ] DEBUG Engine               - mouseSensitivity: 0.2
03:52:54.355 [FXGL Background Thread 3 ] DEBUG Engine               - notificationViewClass: class com.almasb.fxgl.notification.view.XboxNotificationView
03:52:54.355 [FXGL Background Thread 3 ] DEBUG Engine               - pixelsPerMeter: 50.0
03:52:54.355 [FXGL Background Thread 3 ] DEBUG Engine               - platform: WINDOWS
03:52:54.355 [FXGL Background Thread 3 ] DEBUG Engine               - prefHeightProperty: ReadOnlyDoubleProperty [value: 864.0]
03:52:54.355 [FXGL Background Thread 3 ] DEBUG Engine               - prefWidthProperty: ReadOnlyDoubleProperty [value: 1536.0]
03:52:54.355 [FXGL Background Thread 3 ] DEBUG Engine               - profileDir: profiles/
03:52:54.355 [FXGL Background Thread 3 ] DEBUG Engine               - profileName: StringProperty [value: DEFAULT]
03:52:54.355 [FXGL Background Thread 3 ] DEBUG Engine               - randomSeed: -1
03:52:54.356 [FXGL Background Thread 3 ] DEBUG Engine               - runtimeInfo: RuntimeInfo(platform=WINDOWS, version=17.3, build=30.03.2023 11.49)
03:52:54.356 [FXGL Background Thread 3 ] DEBUG Engine               - saveFileExt: sav
03:52:54.356 [FXGL Background Thread 3 ] DEBUG Engine               - scaledHeightProp$fxgl: DoubleProperty [bound, value: 864.0]
03:52:54.356 [FXGL Background Thread 3 ] DEBUG Engine               - scaledWidthProp$fxgl: DoubleProperty [bound, value: 1536.0]
03:52:54.356 [FXGL Background Thread 3 ] DEBUG Engine               - sceneFactory: com.marcosguianfrancojoel.zombie_invaders.MENU.MiEscenaMenu@7bb94e13
03:52:54.356 [FXGL Background Thread 3 ] DEBUG Engine               - secondsIn24h: 60
03:52:54.356 [FXGL Background Thread 3 ] DEBUG Engine               - soundMenuBack: menu/back.wav
03:52:54.356 [FXGL Background Thread 3 ] DEBUG Engine               - soundMenuPress: menu/press.wav
03:52:54.356 [FXGL Background Thread 3 ] DEBUG Engine               - soundMenuSelect: menu/select.wav
03:52:54.356 [FXGL Background Thread 3 ] DEBUG Engine               - soundNotification: core/notification.wav
03:52:54.356 [FXGL Background Thread 3 ] DEBUG Engine               - stageStyle: DECORATED
03:52:54.356 [FXGL Background Thread 3 ] DEBUG Engine               - supportedLanguages: [ENGLISH, FRENCH, GERMAN, HUNGARIAN, RUSSIAN]
03:52:54.356 [FXGL Background Thread 3 ] DEBUG Engine               - ticksPerSecond: -1
03:52:54.356 [FXGL Background Thread 3 ] DEBUG Engine               - title: Zombie Invaders
03:52:54.356 [FXGL Background Thread 3 ] DEBUG Engine               - urlGithub: https://github.com/AlmasB/FXGL
03:52:54.356 [FXGL Background Thread 3 ] DEBUG Engine               - urlLeaderboard: http://fxgl-top.herokuapp.com/
03:52:54.356 [FXGL Background Thread 3 ] DEBUG Engine               - urlPOM: https://raw.githubusercontent.com/AlmasB/FXGL/release/README.md
03:52:54.356 [FXGL Background Thread 3 ] DEBUG Engine               - userAppClass: class com.marcosguianfrancojoel.zombie_invaders.GameMain
03:52:54.357 [FXGL Background Thread 3 ] DEBUG Engine               - version: 0.1
03:52:54.357 [FXGL Background Thread 3 ] DEBUG Engine               - versionCheckDays: 7
03:52:54.357 [FXGL Background Thread 3 ] DEBUG Engine               - width: 1536
03:52:54.357 [FXGL Background Thread 3 ] DEBUG Engine               - Logging services
03:52:54.357 [FXGL Background Thread 3 ] DEBUG Engine               - class com.almasb.fxgl.app.services.FXGLAssetLoaderService
03:52:54.357 [FXGL Background Thread 3 ] DEBUG Engine               - class com.almasb.fxgl.app.FXGLApplication$GameApplicationService
03:52:54.357 [FXGL Background Thread 3 ] DEBUG Engine               - class com.almasb.fxgl.app.services.FXGLDialogService
03:52:54.357 [FXGL Background Thread 3 ] DEBUG Engine               - class com.almasb.fxgl.app.services.IOTaskExecutorService
03:52:54.357 [FXGL Background Thread 3 ] DEBUG Engine               - class com.almasb.fxgl.io.FileSystemService
03:52:54.357 [FXGL Background Thread 3 ] DEBUG Engine               - class com.almasb.fxgl.localization.LocalizationService
03:52:54.357 [FXGL Background Thread 3 ] DEBUG Engine               - class com.almasb.fxgl.app.services.SystemBundleService
03:52:54.357 [FXGL Background Thread 3 ] DEBUG Engine               - class com.almasb.fxgl.profile.SaveLoadService
03:52:54.357 [FXGL Background Thread 3 ] DEBUG Engine               - class com.almasb.fxgl.ui.FXGLUIFactoryServiceProvider
03:52:54.357 [FXGL Background Thread 3 ] DEBUG Engine               - class com.almasb.fxgl.ui.FXGLDialogFactoryServiceProvider
03:52:54.357 [FXGL Background Thread 3 ] DEBUG Engine               - class com.almasb.fxgl.audio.AudioPlayer
03:52:54.357 [FXGL Background Thread 3 ] DEBUG Engine               - class com.almasb.fxgl.notification.impl.NotificationServiceProvider
03:52:54.357 [FXGL Background Thread 3 ] DEBUG Engine               - class com.almasb.fxgl.achievement.AchievementService
03:52:54.357 [FXGL Background Thread 3 ] DEBUG Engine               - class com.almasb.fxgl.cutscene.CutsceneService
03:52:54.357 [FXGL Background Thread 3 ] DEBUG Engine               - class com.almasb.fxgl.minigames.MiniGameService
03:52:54.357 [FXGL Background Thread 3 ] DEBUG Engine               - class com.almasb.fxgl.net.NetService
03:52:54.357 [FXGL Background Thread 3 ] DEBUG Engine               - class com.almasb.fxgl.app.services.UpdaterService
03:52:54.357 [FXGL Background Thread 3 ] DEBUG Engine               - class com.almasb.fxgl.dev.DevService
03:53:15.410 [JavaFX Application Thread] DEBUG PrimaryStageWindow   - Pop state: DialogSubScene
03:53:15.410 [JavaFX Application Thread] DEBUG Input                - Clearing active input actions
03:53:15.411 [JavaFX Application Thread] DEBUG GameApplicationServi - Removing overlay from DialogSubScene and adding to MiMenu
03:53:15.411 [JavaFX Application Thread] DEBUG PrimaryStageWindow   - MiMenu <- DialogSubScene
03:53:15.415 [JavaFX Application Thread] DEBUG PrimaryStageWindow   - Push state: DialogSubScene
03:53:15.415 [JavaFX Application Thread] DEBUG Input                - Clearing active input actions
03:53:15.416 [JavaFX Application Thread] DEBUG GameApplicationServi - Removing overlay from MiMenu and adding to DialogSubScene
03:53:15.416 [JavaFX Application Thread] DEBUG PrimaryStageWindow   - MiMenu -> DialogSubScene
03:53:16.337 [JavaFX Application Thread] DEBUG PrimaryStageWindow   - Pop state: DialogSubScene
03:53:16.337 [JavaFX Application Thread] DEBUG Input                - Clearing active input actions
03:53:16.338 [JavaFX Application Thread] DEBUG GameApplicationServi - Removing overlay from DialogSubScene and adding to MiMenu
03:53:16.338 [JavaFX Application Thread] DEBUG PrimaryStageWindow   - MiMenu <- DialogSubScene
03:53:16.929 [JavaFX Application Thread] DEBUG Menu                 - fireNewGame()
03:53:16.929 [JavaFX Application Thread] DEBUG GameApplicationServi - Starting new game
03:53:16.929 [JavaFX Application Thread] DEBUG PrimaryStageWindow   - Pop state: MiMenu
03:53:16.929 [JavaFX Application Thread] DEBUG Input                - Clearing active input actions
03:53:16.930 [JavaFX Application Thread] DEBUG GameApplicationServi - Removing overlay from MiMenu and adding to FXGLMainMenuDummyScene
03:53:16.930 [JavaFX Application Thread] DEBUG PrimaryStageWindow   - FXGLMainMenuDummyScene <- MiMenu
03:53:16.930 [JavaFX Application Thread] DEBUG Input                - Clearing active input actions
03:53:16.941 [JavaFX Application Thread] DEBUG GameApplicationServi - Removing overlay from FXGLMainMenuDummyScene and adding to FXGLLoadingScene
03:53:16.941 [JavaFX Application Thread] DEBUG PrimaryStageWindow   - FXGLMainMenuDummyScene -> FXGLLoadingScene
03:53:16.941 [JavaFX Application Thread] DEBUG GameApplicationServi - Clearing previous game
03:53:16.941 [JavaFX Application Thread] DEBUG GameScene            - Clearing game scene
03:53:16.941 [JavaFX Application Thread] DEBUG GameWorld            - Clearing game world
03:53:16.941 [JavaFX Application Thread] DEBUG PhysicsWorld         - Clearing physics world
03:53:16.945 [FXGL Background Thread 2 ] DEBUG FXGLApplication      - Initializing game
03:53:16.988 [FXGL Background Thread 2 ] DEBUG FXGLAssetLoaderServi - Loading from file system: file:/C:/Users/locro/OneDrive/Desktop/Zombie%20Invaders/target/classes/assets/textures/maps/level_1.png
03:53:17.184 [FXGL Background Thread 2 ] WARN  FXGLAssetLoaderServi - Asset "/assets/textures/skin_default_pistol.png" was not found!
03:53:17.184 [FXGL Background Thread 2 ] WARN  FXGLAssetLoaderServi - Failed to load RESIZABLE_IMAGE
03:53:17.233 [FXGL Background Thread 2 ] DEBUG FXGLAssetLoaderServi - Loading from file system: file:/C:/Users/locro/OneDrive/Desktop/Zombie%20Invaders/target/classes/assets/sounds/enemies/zombie/groar/zombie_groar_1.wav
03:53:17.239 [FXGL Background Thread 2 ] DEBUG FXGLAssetLoaderServi - Loading from file system: file:/C:/Users/locro/OneDrive/Desktop/Zombie%20Invaders/target/classes/assets/sounds/enemies/zombie/groar/zombie_groar_2.wav
03:53:17.244 [FXGL Background Thread 2 ] DEBUG FXGLAssetLoaderServi - Loading from file system: file:/C:/Users/locro/OneDrive/Desktop/Zombie%20Invaders/target/classes/assets/sounds/enemies/zombie/groar/zombie_groar_3.wav
03:53:17.249 [FXGL Background Thread 2 ] DEBUG FXGLAssetLoaderServi - Loading from file system: file:/C:/Users/locro/OneDrive/Desktop/Zombie%20Invaders/target/classes/assets/sounds/enemies/zombie/groar/zombie_groar_4.wav
03:53:17.253 [FXGL Background Thread 2 ] DEBUG FXGLAssetLoaderServi - Loading from file system: file:/C:/Users/locro/OneDrive/Desktop/Zombie%20Invaders/target/classes/assets/sounds/enemies/zombie/horde_sound.wav
03:53:17.260 [FXGL Background Thread 2 ] DEBUG FXGLAssetLoaderServi - Loading from file system: file:/C:/Users/locro/OneDrive/Desktop/Zombie%20Invaders/target/classes/assets/sounds/enemies/zombie/zombie_dead.wav
03:53:17.265 [FXGL Background Thread 2 ] DEBUG FXGLAssetLoaderServi - Loading from file system: file:/C:/Users/locro/OneDrive/Desktop/Zombie%20Invaders/target/classes/assets/sounds/enemies/zombie_fat/groar/zombie_groar_1.wav
03:53:17.268 [FXGL Background Thread 2 ] DEBUG FXGLAssetLoaderServi - Loading from file system: file:/C:/Users/locro/OneDrive/Desktop/Zombie%20Invaders/target/classes/assets/sounds/enemies/zombie_fat/groar/zombie_groar_2.wav
03:53:17.273 [FXGL Background Thread 2 ] DEBUG FXGLAssetLoaderServi - Loading from file system: file:/C:/Users/locro/OneDrive/Desktop/Zombie%20Invaders/target/classes/assets/sounds/enemies/zombie_fat/groar/zombie_groar_3.wav
03:53:17.277 [FXGL Background Thread 2 ] DEBUG FXGLAssetLoaderServi - Loading from file system: file:/C:/Users/locro/OneDrive/Desktop/Zombie%20Invaders/target/classes/assets/sounds/enemies/zombie_fat/groar/zombie_groar_4.wav
03:53:17.282 [FXGL Background Thread 2 ] DEBUG FXGLAssetLoaderServi - Loading from file system: file:/C:/Users/locro/OneDrive/Desktop/Zombie%20Invaders/target/classes/assets/sounds/enemies/zombie_fat/zombie_fat_dead.wav
03:53:17.286 [FXGL Background Thread 2 ] DEBUG FXGLAssetLoaderServi - Loading from file system: file:/C:/Users/locro/OneDrive/Desktop/Zombie%20Invaders/target/classes/assets/sounds/enemies/zombie_runner/groar/zombie_groar_1.wav
03:53:17.290 [FXGL Background Thread 2 ] DEBUG FXGLAssetLoaderServi - Loading from file system: file:/C:/Users/locro/OneDrive/Desktop/Zombie%20Invaders/target/classes/assets/sounds/enemies/zombie_runner/groar/zombie_groar_2.wav
03:53:17.295 [FXGL Background Thread 2 ] DEBUG FXGLAssetLoaderServi - Loading from file system: file:/C:/Users/locro/OneDrive/Desktop/Zombie%20Invaders/target/classes/assets/sounds/enemies/zombie_runner/groar/zombie_groar_3.wav
03:53:17.298 [FXGL Background Thread 2 ] DEBUG FXGLAssetLoaderServi - Loading from file system: file:/C:/Users/locro/OneDrive/Desktop/Zombie%20Invaders/target/classes/assets/sounds/enemies/zombie_runner/groar/zombie_groar_4.wav
03:53:17.304 [FXGL Background Thread 2 ] DEBUG FXGLAssetLoaderServi - Loading from file system: file:/C:/Users/locro/OneDrive/Desktop/Zombie%20Invaders/target/classes/assets/sounds/enemies/zombie_runner/zombie_runner_dead.wav
03:53:17.310 [FXGL Background Thread 2 ] DEBUG FXGLAssetLoaderServi - Loading from file system: file:/C:/Users/locro/OneDrive/Desktop/Zombie%20Invaders/target/classes/assets/sounds/explosion/grenade/explosion_grenade_1.wav
03:53:17.316 [FXGL Background Thread 2 ] DEBUG FXGLAssetLoaderServi - Loading from file system: file:/C:/Users/locro/OneDrive/Desktop/Zombie%20Invaders/target/classes/assets/sounds/explosion/grenade/explosion_grenade_2.wav
03:53:17.320 [FXGL Background Thread 2 ] DEBUG FXGLAssetLoaderServi - Loading from file system: file:/C:/Users/locro/OneDrive/Desktop/Zombie%20Invaders/target/classes/assets/sounds/explosion/grenade/explosion_grenade_3.wav
03:53:17.324 [FXGL Background Thread 2 ] DEBUG FXGLAssetLoaderServi - Loading from file system: file:/C:/Users/locro/OneDrive/Desktop/Zombie%20Invaders/target/classes/assets/sounds/impact_effects/grenada_pom.wav
03:53:17.328 [FXGL Background Thread 2 ] DEBUG FXGLAssetLoaderServi - Loading from file system: file:/C:/Users/locro/OneDrive/Desktop/Zombie%20Invaders/target/classes/assets/sounds/impact_effects/grenade_drop.wav
03:53:17.331 [FXGL Background Thread 2 ] DEBUG FXGLAssetLoaderServi - Loading from file system: file:/C:/Users/locro/OneDrive/Desktop/Zombie%20Invaders/target/classes/assets/sounds/impact_effects/impact_1.wav
03:53:17.337 [FXGL Background Thread 2 ] DEBUG FXGLAssetLoaderServi - Loading from file system: file:/C:/Users/locro/OneDrive/Desktop/Zombie%20Invaders/target/classes/assets/sounds/impact_effects/impact_3.wav
03:53:17.346 [FXGL Background Thread 2 ] DEBUG FXGLAssetLoaderServi - Loading from file system: file:/C:/Users/locro/OneDrive/Desktop/Zombie%20Invaders/target/classes/assets/sounds/impact_effects/impat_2.wav
03:53:17.349 [FXGL Background Thread 2 ] DEBUG FXGLAssetLoaderServi - Loading from file system: file:/C:/Users/locro/OneDrive/Desktop/Zombie%20Invaders/target/classes/assets/sounds/player/ammoSound/grab_ammo_1.wav
03:53:17.352 [FXGL Background Thread 2 ] DEBUG FXGLAssetLoaderServi - Loading from file system: file:/C:/Users/locro/OneDrive/Desktop/Zombie%20Invaders/target/classes/assets/sounds/player/ammoSound/grab_ammo_2.wav
03:53:17.356 [FXGL Background Thread 2 ] DEBUG FXGLAssetLoaderServi - Loading from file system: file:/C:/Users/locro/OneDrive/Desktop/Zombie%20Invaders/target/classes/assets/sounds/player/cure_1.wav
03:53:17.359 [FXGL Background Thread 2 ] DEBUG FXGLAssetLoaderServi - Loading from file system: file:/C:/Users/locro/OneDrive/Desktop/Zombie%20Invaders/target/classes/assets/sounds/player/dead.wav
03:53:17.363 [FXGL Background Thread 2 ] DEBUG FXGLAssetLoaderServi - Loading from file system: file:/C:/Users/locro/OneDrive/Desktop/Zombie%20Invaders/target/classes/assets/sounds/player/hit_1.wav
03:53:17.368 [FXGL Background Thread 2 ] DEBUG FXGLAssetLoaderServi - Loading from file system: file:/C:/Users/locro/OneDrive/Desktop/Zombie%20Invaders/target/classes/assets/sounds/player/hurt/hurt_1.wav
03:53:17.372 [FXGL Background Thread 2 ] DEBUG FXGLAssetLoaderServi - Loading from file system: file:/C:/Users/locro/OneDrive/Desktop/Zombie%20Invaders/target/classes/assets/sounds/player/hurt/hurt_2.wav
03:53:17.375 [FXGL Background Thread 2 ] DEBUG FXGLAssetLoaderServi - Loading from file system: file:/C:/Users/locro/OneDrive/Desktop/Zombie%20Invaders/target/classes/assets/sounds/player/no_empety.wav
03:53:17.378 [FXGL Background Thread 2 ] DEBUG FXGLAssetLoaderServi - Loading from file system: file:/C:/Users/locro/OneDrive/Desktop/Zombie%20Invaders/target/classes/assets/sounds/player/shoot_1.wav
03:53:17.386 [FXGL Background Thread 2 ] DEBUG FXGLAssetLoaderServi - Loading from file system: file:/C:/Users/locro/OneDrive/Desktop/Zombie%20Invaders/target/classes/assets/sounds/player/steps/step_1.wav
03:53:17.390 [FXGL Background Thread 2 ] DEBUG FXGLAssetLoaderServi - Loading from file system: file:/C:/Users/locro/OneDrive/Desktop/Zombie%20Invaders/target/classes/assets/sounds/player/steps/step_2.wav
03:53:17.395 [FXGL Background Thread 2 ] DEBUG FXGLAssetLoaderServi - Loading from file system: file:/C:/Users/locro/OneDrive/Desktop/Zombie%20Invaders/target/classes/assets/sounds/player/steps/step_3.wav
03:53:17.400 [FXGL Background Thread 2 ] DEBUG FXGLAssetLoaderServi - Loading from file system: file:/C:/Users/locro/OneDrive/Desktop/Zombie%20Invaders/target/classes/assets/sounds/player/steps/step_4.wav
03:53:17.405 [FXGL Background Thread 2 ] DEBUG FXGLAssetLoaderServi - Loading from file system: file:/C:/Users/locro/OneDrive/Desktop/Zombie%20Invaders/target/classes/assets/sounds/player/steps/step_5.wav
03:53:17.409 [FXGL Background Thread 2 ] DEBUG FXGLAssetLoaderServi - Loading from file system: file:/C:/Users/locro/OneDrive/Desktop/Zombie%20Invaders/target/classes/assets/sounds/player/switch_weapon/switch_1.wav
03:53:17.412 [FXGL Background Thread 2 ] DEBUG FXGLAssetLoaderServi - Loading from file system: file:/C:/Users/locro/OneDrive/Desktop/Zombie%20Invaders/target/classes/assets/sounds/player/switch_weapon/switch_2.wav
03:53:17.417 [FXGL Background Thread 2 ] DEBUG FXGLAssetLoaderServi - Loading from file system: file:/C:/Users/locro/OneDrive/Desktop/Zombie%20Invaders/target/classes/assets/sounds/player/switch_weapon/switch_3.wav
03:53:17.420 [FXGL Background Thread 2 ] DEBUG FXGLAssetLoaderServi - Loading from file system: file:/C:/Users/locro/OneDrive/Desktop/Zombie%20Invaders/target/classes/assets/sounds/sonidosUI/ui_change.wav
03:53:17.426 [FXGL Background Thread 2 ] DEBUG FXGLAssetLoaderServi - Loading from file system: file:/C:/Users/locro/OneDrive/Desktop/Zombie%20Invaders/target/classes/assets/sounds/sonidosUI/ui_error.wav
03:53:17.431 [FXGL Background Thread 2 ] DEBUG FXGLAssetLoaderServi - Loading from file system: file:/C:/Users/locro/OneDrive/Desktop/Zombie%20Invaders/target/classes/assets/sounds/soundsSystem/error.wav
03:53:17.436 [FXGL Background Thread 2 ] DEBUG FXGLAssetLoaderServi - Loading from file system: file:/C:/Users/locro/OneDrive/Desktop/Zombie%20Invaders/target/classes/assets/sounds/weapons/automatic_shotgun/automatic_shotgun_finish.wav
03:53:17.438 [FXGL Background Thread 2 ] DEBUG FXGLAssetLoaderServi - Loading from file system: file:/C:/Users/locro/OneDrive/Desktop/Zombie%20Invaders/target/classes/assets/sounds/weapons/automatic_shotgun/automatic_shotgun_reload.wav
03:53:17.440 [FXGL Background Thread 2 ] DEBUG FXGLAssetLoaderServi - Loading from file system: file:/C:/Users/locro/OneDrive/Desktop/Zombie%20Invaders/target/classes/assets/sounds/weapons/automatic_shotgun/automatic_shotgun_shoot.wav
03:53:17.443 [FXGL Background Thread 2 ] DEBUG FXGLAssetLoaderServi - Loading from file system: file:/C:/Users/locro/OneDrive/Desktop/Zombie%20Invaders/target/classes/assets/sounds/weapons/pistol/pistol_reload.wav
03:53:17.447 [FXGL Background Thread 2 ] DEBUG FXGLAssetLoaderServi - Loading from file system: file:/C:/Users/locro/OneDrive/Desktop/Zombie%20Invaders/target/classes/assets/sounds/weapons/pistol/pistol_shoot.wav
03:53:17.450 [FXGL Background Thread 2 ] DEBUG FXGLAssetLoaderServi - Loading from file system: file:/C:/Users/locro/OneDrive/Desktop/Zombie%20Invaders/target/classes/assets/sounds/weapons/rifle_assault/rifle_assault_reload.wav
03:53:17.452 [FXGL Background Thread 2 ] DEBUG FXGLAssetLoaderServi - Loading from file system: file:/C:/Users/locro/OneDrive/Desktop/Zombie%20Invaders/target/classes/assets/sounds/weapons/rifle_assault/rifle_assault_shoot.wav
03:53:17.456 [FXGL Background Thread 2 ] DEBUG FXGLAssetLoaderServi - Loading from file system: file:/C:/Users/locro/OneDrive/Desktop/Zombie%20Invaders/target/classes/assets/sounds/weapons/uzi/uzi_reload.wav
03:53:17.458 [FXGL Background Thread 2 ] DEBUG FXGLAssetLoaderServi - Loading from file system: file:/C:/Users/locro/OneDrive/Desktop/Zombie%20Invaders/target/classes/assets/sounds/weapons/uzi/uzi_shoot.wav
03:53:17.463 [FXGL Background Thread 2 ] DEBUG FXGLAssetLoaderServi - Loading from file system: file:/C:/Users/locro/OneDrive/Desktop/Zombie%20Invaders/target/classes/assets/music/boss_theme.mp3
03:53:17.510 [FXGL Background Thread 2 ] DEBUG FXGLAssetLoaderServi - Loading from file system: file:/C:/Users/locro/OneDrive/Desktop/Zombie%20Invaders/target/classes/assets/music/Main_menu.mp3
03:53:17.526 [FXGL Background Thread 2 ] DEBUG FXGLAssetLoaderServi - Loading from file system: file:/C:/Users/locro/OneDrive/Desktop/Zombie%20Invaders/target/classes/assets/music/soundtracks/soundtrack_1.mp3
03:53:17.536 [FXGL Background Thread 2 ] DEBUG FXGLAssetLoaderServi - Loading from file system: file:/C:/Users/locro/OneDrive/Desktop/Zombie%20Invaders/target/classes/assets/music/soundtracks/soundtrack_2.mp3
03:53:17.558 [FXGL Background Thread 2 ] DEBUG FXGLAssetLoaderServi - Loading from file system: file:/C:/Users/locro/OneDrive/Desktop/Zombie%20Invaders/target/classes/assets/music/soundtracks/soundtrack_3.mp3
03:53:17.582 [FXGL Background Thread 2 ] DEBUG FXGLAssetLoaderServi - Loading from file system: file:/C:/Users/locro/OneDrive/Desktop/Zombie%20Invaders/target/classes/assets/textures/skins/skin_default/skin_default_uzi.png
03:53:17.616 [FXGL Background Thread 2 ] DEBUG FXGLAssetLoaderServi - Loading from file system: file:/C:/Users/locro/OneDrive/Desktop/Zombie%20Invaders/target/classes/assets/textures/consumibles/box_grenade.png
03:53:17.630 [FXGL Background Thread 2 ] WARN  GameWorld            - Entity is already attached to world
03:53:17.631 [FXGL Background Thread 2 ] DEBUG FXGLAssetLoaderServi - Loading from file system: file:/C:/Users/locro/OneDrive/Desktop/Zombie%20Invaders/target/classes/assets/textures/consumibles/botiquin_small.png
03:53:17.642 [FXGL Background Thread 2 ] WARN  GameWorld            - Entity is already attached to world
03:53:17.656 [FXGL Background Thread 2 ] INFO  FXGLApplication      - Game initialization took: 0,711 sec
03:53:17.658 [JavaFX Application Thread] DEBUG Input                - Clearing active input actions
03:53:17.671 [JavaFX Application Thread] DEBUG GameApplicationServi - Removing overlay from FXGLLoadingScene and adding to GameScene
03:53:17.674 [JavaFX Application Thread] DEBUG PrimaryStageWindow   - FXGLLoadingScene -> GameScene
03:53:17.693 [JavaFX Application Thread] DEBUG FXGLAssetLoaderServi - Loading from file system: file:/C:/Users/locro/OneDrive/Desktop/Zombie%20Invaders/target/classes/assets/textures/enemies/zombie/zombie.png
03:53:18.576 [JavaFX Application Thread] DEBUG FXGLAssetLoaderServi - Loading from file system: file:/C:/Users/locro/OneDrive/Desktop/Zombie%20Invaders/target/classes/assets/textures/skins/skin_default/skin_default_automatic_shotgun.png
03:53:20.774 [JavaFX Application Thread] DEBUG FXGLAssetLoaderServi - Loading from file system: file:/C:/Users/locro/OneDrive/Desktop/Zombie%20Invaders/target/classes/assets/textures/enemies/zombie/zombie_died.png
03:53:20.782 [JavaFX Application Thread] DEBUG FXGLAssetLoaderServi - Loading from file system: file:/C:/Users/locro/OneDrive/Desktop/Zombie%20Invaders/target/classes/assets/textures/effects/blood_1.png
03:53:22.522 [JavaFX Application Thread] DEBUG FXGLAssetLoaderServi - Loading from file system: file:/C:/Users/locro/OneDrive/Desktop/Zombie%20Invaders/target/classes/assets/textures/effects/blood_1.png
03:53:22.531 [JavaFX Application Thread] WARN  GameWorld            - Entity is already attached to world
03:53:24.118 [JavaFX Application Thread] DEBUG FXGLAssetLoaderServi - Loading from file system: file:/C:/Users/locro/OneDrive/Desktop/Zombie%20Invaders/target/classes/assets/textures/effects/blood_1.png
03:53:27.706 [JavaFX Application Thread] DEBUG FXGLAssetLoaderServi - Loading from file system: file:/C:/Users/locro/OneDrive/Desktop/Zombie%20Invaders/target/classes/assets/textures/effects/blood_1.png
03:53:28.298 [JavaFX Application Thread] DEBUG FXGLAssetLoaderServi - Loading from file system: file:/C:/Users/locro/OneDrive/Desktop/Zombie%20Invaders/target/classes/assets/textures/effects/blood_1.png
03:53:28.302 [JavaFX Application Thread] WARN  GameWorld            - Entity is already attached to world
03:53:28.314 [JavaFX Application Thread] WARN  GameWorld            - Entity is already attached to world
03:53:36.633 [JavaFX Application Thread] DEBUG FXGLAssetLoaderServi - Loading from file system: file:/C:/Users/locro/OneDrive/Desktop/Zombie%20Invaders/target/classes/assets/textures/effects/blood_1.png
03:53:36.765 [JavaFX Application Thread] DEBUG FXGLAssetLoaderServi - Loading from file system: file:/C:/Users/locro/OneDrive/Desktop/Zombie%20Invaders/target/classes/assets/textures/effects/blood_1.png
03:53:38.936 [JavaFX Application Thread] DEBUG FXGLAssetLoaderServi - Loading from file system: file:/C:/Users/locro/OneDrive/Desktop/Zombie%20Invaders/target/classes/assets/textures/effects/blood_1.png
03:53:40.746 [JavaFX Application Thread] DEBUG FXGLAssetLoaderServi - Loading from file system: file:/C:/Users/locro/OneDrive/Desktop/Zombie%20Invaders/target/classes/assets/textures/effects/blood_1.png
03:53:47.207 [JavaFX Application Thread] DEBUG FXGLAssetLoaderServi - Loading from file system: file:/C:/Users/locro/OneDrive/Desktop/Zombie%20Invaders/target/classes/assets/textures/effects/blood_1.png
03:53:52.826 [JavaFX Application Thread] DEBUG FXGLAssetLoaderServi - Loading from file system: file:/C:/Users/locro/OneDrive/Desktop/Zombie%20Invaders/target/classes/assets/textures/effects/blood_1.png
03:53:53.223 [JavaFX Application Thread] DEBUG FXGLAssetLoaderServi - Loading from file system: file:/C:/Users/locro/OneDrive/Desktop/Zombie%20Invaders/target/classes/assets/textures/effects/blood_1.png
03:53:53.235 [JavaFX Application Thread] WARN  GameWorld            - Entity is already attached to world
03:53:54.484 [JavaFX Application Thread] DEBUG PrimaryStageWindow   - Push state: MiMenu
03:53:54.485 [JavaFX Application Thread] DEBUG Input                - Clearing active input actions
03:53:54.486 [JavaFX Application Thread] DEBUG GameApplicationServi - Removing overlay from GameScene and adding to MiMenu
03:53:54.486 [JavaFX Application Thread] DEBUG PrimaryStageWindow   - GameScene -> MiMenu
03:53:59.735 [JavaFX Application Thread] DEBUG Menu                 - fireExit()
03:53:59.739 [JavaFX Application Thread] DEBUG PrimaryStageWindow   - Push state: DialogSubScene
03:53:59.739 [JavaFX Application Thread] DEBUG Input                - Clearing active input actions
03:53:59.740 [JavaFX Application Thread] DEBUG GameApplicationServi - Removing overlay from MiMenu and adding to DialogSubScene
03:53:59.740 [JavaFX Application Thread] DEBUG PrimaryStageWindow   - MiMenu -> DialogSubScene
03:54:01.883 [JavaFX Application Thread] DEBUG PrimaryStageWindow   - Pop state: DialogSubScene
03:54:01.883 [JavaFX Application Thread] DEBUG Input                - Clearing active input actions
03:54:01.884 [JavaFX Application Thread] DEBUG GameApplicationServi - Removing overlay from DialogSubScene and adding to MiMenu
03:54:01.884 [JavaFX Application Thread] DEBUG PrimaryStageWindow   - MiMenu <- DialogSubScene
03:54:01.884 [JavaFX Application Thread] DEBUG FXGLApplication      - Exiting FXGL
03:54:01.884 [JavaFX Application Thread] DEBUG LoopRunner           - Stopping loop
03:54:01.884 [JavaFX Application Thread] DEBUG SystemBundleService  - Saving FXGL system data
03:54:01.887 [JavaFX Application Thread] DEBUG FileSystemAccess     - Writing to: C:\Users\locro\OneDrive\Desktop\Zombie Invaders\system\fxgl.bundle
03:54:01.891 [JavaFX Application Thread] DEBUG Async                - Shutting down background threads
03:54:01.891 [JavaFX Application Thread] DEBUG PrimaryStageWindow   - Closing main window
03:54:01.913 [JavaFX Application Thread] DEBUG Logger               - Closing Logger
