03:42:06.504 [main                     ] DEBUG Logger               - Configured Logger
03:42:06.522 [main                     ] DEBUG GameApplication      - Logging settings
Title: Zombie Invaders
Version: 0.1
Width: 1536
Height: 864
Fullscreen: true
Intro: false
Profiling: false
Single step:false
App Mode: DEVELOPER
Menu Key: ESCAPE
Stage Style: DECORATED
Scene Factory: class com.marcosguianfrancojoel.zombie_invaders.MENU.MiEscenaMenu

03:42:07.102 [JavaFX Application Thread] DEBUG FXGLApplication      - Initializing FXGL
03:42:07.109 [JavaFX Application Thread] INFO  Engine               - FXGL-17.3 (30.03.2023 11.49) on WINDOWS (J:21.0.8 FX:21.0.6)
03:42:07.109 [JavaFX Application Thread] DEBUG Engine               - JRE Vendor Name: Eclipse Adoptium
03:42:07.109 [JavaFX Application Thread] DEBUG Engine               - Running on OS: Windows 11 version 10.0
03:42:07.109 [JavaFX Application Thread] DEBUG Engine               - Architecture: amd64
03:42:07.110 [JavaFX Application Thread] INFO  Engine               - Source code and latest versions at: https://github.com/AlmasB/FXGL
03:42:07.110 [JavaFX Application Thread] INFO  Engine               -       Ask questions and discuss at: https://github.com/AlmasB/FXGL/discussions
03:42:07.110 [JavaFX Application Thread] INFO  Engine               -              Join the FXGL chat at: https://gitter.im/AlmasB/FXGL
03:42:07.339 [JavaFX Application Thread] DEBUG PrimaryStageWindow   - Creating a JavaFX scene
03:42:07.437 [JavaFX Application Thread] DEBUG PrimaryStageWindow   - Target settings size: 1536.0 x 864.0
03:42:07.437 [JavaFX Application Thread] DEBUG PrimaryStageWindow   - Scaled scene size:    1536.0 x 864.0
03:42:07.438 [JavaFX Application Thread] DEBUG PrimaryStageWindow   - Scaled ratio: (1.0, 1.0)
03:42:07.440 [JavaFX Application Thread] DEBUG PrimaryStageWindow   - Set initial scene to FXGLStartupScene
03:42:07.450 [JavaFX Application Thread] DEBUG PrimaryStageWindow   - Opening main window
03:42:07.609 [JavaFX Application Thread] DEBUG PrimaryStageWindow   - Window border size: (14.4000244140625, 37.5999755859375)
03:42:07.610 [JavaFX Application Thread] DEBUG PrimaryStageWindow   - Scaled size: 1536.0 x 864.0
03:42:07.611 [JavaFX Application Thread] DEBUG PrimaryStageWindow   - Scaled ratio: (1.0, 1.0)
03:42:07.611 [JavaFX Application Thread] DEBUG PrimaryStageWindow   - Scene size: 1536.0 x 864.0
03:42:07.612 [JavaFX Application Thread] DEBUG PrimaryStageWindow   - Stage size: 1550.4000244140625 x 901.5999755859375
03:42:07.634 [FXGL Background Thread 1 ] DEBUG Engine               - Initializing environment variables
03:42:07.749 [FXGL Background Thread 1 ] DEBUG FXGLAssetLoaderServi - User app class for loading assets: class com.marcosguianfrancojoel.zombie_invaders.GameMain
03:42:07.750 [FXGL Background Thread 1 ] DEBUG GameApplicationServi - Applying CSS: fxgl_dark.css
03:42:07.751 [FXGL Background Thread 1 ] DEBUG FXGLAssetLoaderServi - Loading from file system: jar:file:/C:/Users/locro/.m2/repository/com/github/almasb/fxgl/17.3/fxgl-17.3.jar!/fxglassets/ui/css/fxgl_dark.css
03:42:07.824 [FXGL Background Thread 1 ] DEBUG GameApplicationServi - Initializing application scenes
03:42:07.946 [FXGL Background Thread 1 ] DEBUG GameWorld            - Game world initialized
03:42:08.055 [FXGL Background Thread 1 ] DEBUG PhysicsWorld         - Physics world initialized: appHeight=864, physics.ppm=50,0
03:42:08.056 [FXGL Background Thread 1 ] DEBUG PhysicsWorld         - Using strategy: BRUTE_FORCE
03:42:08.060 [FXGL Background Thread 1 ] DEBUG GameScene            - Game scene initialized: 1536x864
03:42:08.071 [FXGL Background Thread 1 ] DEBUG FXGLAssetLoaderServi - Loading from file system: file:/C:/Users/locro/OneDrive/Desktop/Zombie%20Invaders/target/classes/assets/textures/ui/fondoMenu.png
03:42:08.155 [FXGL Background Thread 1 ] DEBUG GameApplicationServi - Application scenes initialized
03:42:08.191 [FXGL Background Thread 1 ] DEBUG SystemBundleService  - Loading FXGL system data
03:42:08.197 [FXGL Background Thread 1 ] DEBUG FileSystemAccess     - Reading from: C:\Users\locro\OneDrive\Desktop\Zombie Invaders\system\fxgl.bundle
03:42:08.211 [FXGL Background Thread 1 ] DEBUG SystemBundleService  - Bundle FXGL: {}
03:42:08.212 [FXGL Background Thread 1 ] DEBUG UpdaterService       - Checking for updates
03:42:08.222 [FXGL Background Thread 4 ] DEBUG FXGLApplication      - Loading fonts
03:42:08.223 [FXGL Background Thread 4 ] DEBUG FXGLAssetLoaderServi - Loading from file system: jar:file:/C:/Users/locro/.m2/repository/com/github/almasb/fxgl/17.3/fxgl-17.3.jar!/fxglassets/ui/fonts/VarelaRound-Regular.ttf
03:42:08.224 [FXGL Background Thread 1 ] DEBUG FXGLApplication      - Loading default localization
03:42:08.225 [FXGL Background Thread 1 ] DEBUG FXGLAssetLoaderServi - Loading from file system: jar:file:/C:/Users/locro/.m2/repository/com/github/almasb/fxgl/17.3/fxgl-17.3.jar!/fxglassets/languages/english.lang
03:42:08.288 [FXGL Background Thread 1 ] INFO  FXGLApplication      - FXGL initialization took: 0,654 sec
03:42:08.294 [FXGL Background Thread 4 ] DEBUG FXGLAssetLoaderServi - Loading from file system: jar:file:/C:/Users/locro/.m2/repository/com/github/almasb/fxgl/17.3/fxgl-17.3.jar!/fxglassets/ui/fonts/Abel-Regular.ttf
03:42:08.302 [FXGL Background Thread 4 ] DEBUG FXGLAssetLoaderServi - Loading from file system: jar:file:/C:/Users/locro/.m2/repository/com/github/almasb/fxgl/17.3/fxgl-17.3.jar!/fxglassets/ui/fonts/TerminalLandMono-Regular.otf
03:42:08.308 [FXGL Background Thread 4 ] DEBUG FXGLAssetLoaderServi - Loading from file system: jar:file:/C:/Users/locro/.m2/repository/com/github/almasb/fxgl/17.3/fxgl-17.3.jar!/fxglassets/ui/fonts/Courier-Prime.ttf
03:42:08.318 [JavaFX Application Thread] DEBUG Input                - Registered new binding: Arriba - W
03:42:08.318 [JavaFX Application Thread] DEBUG Input                - Registered new binding: Abajo - S
03:42:08.319 [JavaFX Application Thread] DEBUG Input                - Registered new binding: Izquierda - A
03:42:08.320 [JavaFX Application Thread] DEBUG Input                - Registered new binding: Derecha - D
03:42:08.320 [JavaFX Application Thread] DEBUG Input                - Registered new binding: Cargar_municion - R
03:42:08.321 [JavaFX Application Thread] DEBUG Input                - Registered new binding: CambiarArmaSiguiente - Q
03:42:08.321 [JavaFX Application Thread] DEBUG Input                - Registered new binding: CambiarArmaAnterior - E
03:42:08.324 [JavaFX Application Thread] DEBUG Input                - Registered new binding: Disparar - LMB
03:42:08.325 [JavaFX Application Thread] DEBUG FXGLAssetLoaderServi - Loading from file system: file:/C:/Users/locro/OneDrive/Desktop/Zombie%20Invaders/target/classes/assets/textures/icon.png
03:42:08.384 [JavaFX Application Thread] DEBUG FXGLAssetLoaderServi - Loading from file system: jar:file:/C:/Users/locro/.m2/repository/com/github/almasb/fxgl/17.3/fxgl-17.3.jar!/fxglassets/textures/fxgl_default_cursor.png
03:42:08.387 [JavaFX Application Thread] DEBUG Input                - Registered new binding: Screenshot - CTRL+8
03:42:08.389 [JavaFX Application Thread] DEBUG Input                - Registered new binding: System info dump - CTRL+9
03:42:08.390 [JavaFX Application Thread] DEBUG Input                - Registered new binding: Restart - CTRL+R
03:42:08.393 [JavaFX Application Thread] DEBUG Input                - Registered new binding: Toggle Debug Camera - CTRL+7
03:42:08.401 [JavaFX Application Thread] DEBUG LoopRunner           - Starting loop
03:42:08.401 [JavaFX Application Thread] DEBUG LoopRunner           - Initializing JavaFX AnimationTimerLoop
03:42:08.407 [JavaFX Application Thread] DEBUG Input                - Clearing active input actions
03:42:08.416 [JavaFX Application Thread] DEBUG GameApplicationServi - Removing overlay from FXGLStartupScene and adding to FXGLMainMenuDummyScene
03:42:08.417 [JavaFX Application Thread] DEBUG PrimaryStageWindow   - FXGLStartupScene -> FXGLMainMenuDummyScene
03:42:08.417 [JavaFX Application Thread] DEBUG PrimaryStageWindow   - Push state: MiMenu
03:42:08.417 [JavaFX Application Thread] DEBUG Input                - Clearing active input actions
03:42:08.472 [JavaFX Application Thread] DEBUG GameApplicationServi - Removing overlay from FXGLMainMenuDummyScene and adding to MiMenu
03:42:08.473 [JavaFX Application Thread] DEBUG PrimaryStageWindow   - FXGLMainMenuDummyScene -> MiMenu
03:42:08.474 [JavaFX Application Thread] DEBUG FXGLApplication      - Registering font factories with UI factory
03:42:09.050 [FXGL Background Thread 2 ] INFO  UpdaterService       - Your current version:  17.3
03:42:09.050 [FXGL Background Thread 2 ] INFO  UpdaterService       - Latest stable version: 21.1
03:42:10.403 [JavaFX Application Thread] DEBUG FXGLAssetLoaderServi - Loading from file system: file:/C:/Users/locro/OneDrive/Desktop/Zombie%20Invaders/target/classes/assets/sounds/sonidosUI/ui_click.wav
03:42:10.524 [JavaFX Application Thread] DEBUG PrimaryStageWindow   - Push state: DialogSubScene
03:42:10.524 [JavaFX Application Thread] DEBUG Input                - Clearing active input actions
03:42:10.530 [JavaFX Application Thread] DEBUG GameApplicationServi - Removing overlay from MiMenu and adding to DialogSubScene
03:42:10.531 [JavaFX Application Thread] DEBUG PrimaryStageWindow   - MiMenu -> DialogSubScene
03:42:11.218 [FXGL Background Thread 3 ] DEBUG Engine               - Logging environment variables
03:42:11.218 [FXGL Background Thread 3 ] DEBUG Engine               - achievements: []
03:42:11.218 [FXGL Background Thread 3 ] DEBUG Engine               - actualHeight: 864.0
03:42:11.218 [FXGL Background Thread 3 ] DEBUG Engine               - actualHeightProperty: ReadOnlyDoubleProperty [value: 864.0]
03:42:11.218 [FXGL Background Thread 3 ] DEBUG Engine               - actualWidth: 1536.0
03:42:11.219 [FXGL Background Thread 3 ] DEBUG Engine               - actualWidthProperty: ReadOnlyDoubleProperty [value: 1536.0]
03:42:11.219 [FXGL Background Thread 3 ] DEBUG Engine               - appIcon: icon.png
03:42:11.219 [FXGL Background Thread 3 ] DEBUG Engine               - applicationMode: DEVELOPER
03:42:11.219 [FXGL Background Thread 3 ] DEBUG Engine               - cSSList: [fxgl_dark.css]
03:42:11.219 [FXGL Background Thread 3 ] DEBUG Engine               - collisionDetectionStrategy: BRUTE_FORCE
03:42:11.219 [FXGL Background Thread 3 ] DEBUG Engine               - configClass: Optional.empty
03:42:11.219 [FXGL Background Thread 3 ] DEBUG Engine               - credits: []
03:42:11.220 [FXGL Background Thread 3 ] DEBUG Engine               - defaultCursor: CursorInfo(imageName=fxgl_default_cursor.png, hotspotX=7.0, hotspotY=6.0)
03:42:11.221 [FXGL Background Thread 3 ] DEBUG Engine               - devBBoxColorProperty: ObjectProperty [value: 0xff0000ff]
03:42:11.221 [FXGL Background Thread 3 ] DEBUG Engine               - devEnableDebugCameraProperty: BooleanProperty [value: false]
03:42:11.221 [FXGL Background Thread 3 ] DEBUG Engine               - devSensorColorProperty: ObjectProperty [value: 0xffff00ff]
03:42:11.221 [FXGL Background Thread 3 ] DEBUG Engine               - devShowBBoxProperty: BooleanProperty [value: false]
03:42:11.221 [FXGL Background Thread 3 ] DEBUG Engine               - devShowPositionProperty: BooleanProperty [value: false]
03:42:11.221 [FXGL Background Thread 3 ] DEBUG Engine               - enabledMenuItems: []
03:42:11.221 [FXGL Background Thread 3 ] DEBUG Engine               - engineServices: [class com.almasb.fxgl.app.services.FXGLAssetLoaderService, class com.almasb.fxgl.app.FXGLApplication$GameApplicationService, class com.almasb.fxgl.app.services.FXGLDialogService, class com.almasb.fxgl.app.services.IOTaskExecutorService, class com.almasb.fxgl.io.FileSystemService, class com.almasb.fxgl.localization.LocalizationService, class com.almasb.fxgl.app.services.SystemBundleService, class com.almasb.fxgl.profile.SaveLoadService, class com.almasb.fxgl.ui.FXGLUIFactoryServiceProvider, class com.almasb.fxgl.ui.FXGLDialogFactoryServiceProvider, class com.almasb.fxgl.audio.AudioPlayer, class com.almasb.fxgl.notification.impl.NotificationServiceProvider, class com.almasb.fxgl.achievement.AchievementService, class com.almasb.fxgl.cutscene.CutsceneService, class com.almasb.fxgl.minigames.MiniGameService, class com.almasb.fxgl.net.NetService, class com.almasb.fxgl.app.services.UpdaterService, class com.almasb.fxgl.dev.DevService]
03:42:11.221 [FXGL Background Thread 3 ] DEBUG Engine               - fontGame: Abel-Regular.ttf
03:42:11.221 [FXGL Background Thread 3 ] DEBUG Engine               - fontMono: TerminalLandMono-Regular.otf
03:42:11.221 [FXGL Background Thread 3 ] DEBUG Engine               - fontSizeScaleUI: 1.0
03:42:11.221 [FXGL Background Thread 3 ] DEBUG Engine               - fontText: Courier-Prime.ttf
03:42:11.221 [FXGL Background Thread 3 ] DEBUG Engine               - fontUI: VarelaRound-Regular.ttf
03:42:11.221 [FXGL Background Thread 3 ] DEBUG Engine               - fullScreen: BooleanProperty [value: false]
03:42:11.221 [FXGL Background Thread 3 ] DEBUG Engine               - gameDifficulty: MEDIUM
03:42:11.221 [FXGL Background Thread 3 ] DEBUG Engine               - gameDifficultyProperty: ObjectProperty [value: MEDIUM]
03:42:11.222 [FXGL Background Thread 3 ] DEBUG Engine               - globalMusicVolume: 0.5
03:42:11.222 [FXGL Background Thread 3 ] DEBUG Engine               - globalMusicVolumeProperty: DoubleProperty [value: 0.5]
03:42:11.222 [FXGL Background Thread 3 ] DEBUG Engine               - globalSoundVolume: 0.5
03:42:11.222 [FXGL Background Thread 3 ] DEBUG Engine               - globalSoundVolumeProperty: DoubleProperty [value: 0.5]
03:42:11.222 [FXGL Background Thread 3 ] DEBUG Engine               - height: 864
03:42:11.222 [FXGL Background Thread 3 ] DEBUG Engine               - is3D: false
03:42:11.222 [FXGL Background Thread 3 ] DEBUG Engine               - isAndroid: false
03:42:11.222 [FXGL Background Thread 3 ] DEBUG Engine               - isBrowser: false
03:42:11.222 [FXGL Background Thread 3 ] DEBUG Engine               - isClickFeedbackEnabled: false
03:42:11.224 [FXGL Background Thread 3 ] DEBUG Engine               - isCloseConfirmation: false
03:42:11.224 [FXGL Background Thread 3 ] DEBUG Engine               - isDesktop: true
03:42:11.224 [FXGL Background Thread 3 ] DEBUG Engine               - isDeveloperMenuEnabled: false
03:42:11.224 [FXGL Background Thread 3 ] DEBUG Engine               - isEmbedded: false
03:42:11.224 [FXGL Background Thread 3 ] DEBUG Engine               - isEntityPreloadEnabled: true
03:42:11.224 [FXGL Background Thread 3 ] DEBUG Engine               - isExperimentalTiledLargeMap: false
03:42:11.224 [FXGL Background Thread 3 ] DEBUG Engine               - isFileSystemWriteAllowed: true
03:42:11.224 [FXGL Background Thread 3 ] DEBUG Engine               - isFullScreenAllowed: true
03:42:11.224 [FXGL Background Thread 3 ] DEBUG Engine               - isFullScreenFromStart: false
03:42:11.224 [FXGL Background Thread 3 ] DEBUG Engine               - isGameMenuEnabled: true
03:42:11.224 [FXGL Background Thread 3 ] DEBUG Engine               - isIOS: false
03:42:11.224 [FXGL Background Thread 3 ] DEBUG Engine               - isIntroEnabled: false
03:42:11.224 [FXGL Background Thread 3 ] DEBUG Engine               - isLinux: false
03:42:11.224 [FXGL Background Thread 3 ] DEBUG Engine               - isMac: false
03:42:11.224 [FXGL Background Thread 3 ] DEBUG Engine               - isMainMenuEnabled: true
03:42:11.224 [FXGL Background Thread 3 ] DEBUG Engine               - isManualResizeEnabled: true
03:42:11.224 [FXGL Background Thread 3 ] DEBUG Engine               - isMobile: false
03:42:11.224 [FXGL Background Thread 3 ] DEBUG Engine               - isNative: false
03:42:11.225 [FXGL Background Thread 3 ] DEBUG Engine               - isPauseMusicWhenMinimized: true
03:42:11.225 [FXGL Background Thread 3 ] DEBUG Engine               - isPreserveResizeRatio: false
03:42:11.225 [FXGL Background Thread 3 ] DEBUG Engine               - isProfilingEnabled: false
03:42:11.225 [FXGL Background Thread 3 ] DEBUG Engine               - isScaleAffectedOnResize: true
03:42:11.225 [FXGL Background Thread 3 ] DEBUG Engine               - isSingleStep: false
03:42:11.225 [FXGL Background Thread 3 ] DEBUG Engine               - isUserProfileEnabled: false
03:42:11.225 [FXGL Background Thread 3 ] DEBUG Engine               - isWindows: true
03:42:11.225 [FXGL Background Thread 3 ] DEBUG Engine               - language: ObjectProperty [value: ENGLISH]
03:42:11.225 [FXGL Background Thread 3 ] DEBUG Engine               - menuKey: ESCAPE
03:42:11.225 [FXGL Background Thread 3 ] DEBUG Engine               - mouseSensitivity: 0.2
03:42:11.225 [FXGL Background Thread 3 ] DEBUG Engine               - notificationViewClass: class com.almasb.fxgl.notification.view.XboxNotificationView
03:42:11.225 [FXGL Background Thread 3 ] DEBUG Engine               - pixelsPerMeter: 50.0
03:42:11.225 [FXGL Background Thread 3 ] DEBUG Engine               - platform: WINDOWS
03:42:11.225 [FXGL Background Thread 3 ] DEBUG Engine               - prefHeightProperty: ReadOnlyDoubleProperty [value: 864.0]
03:42:11.225 [FXGL Background Thread 3 ] DEBUG Engine               - prefWidthProperty: ReadOnlyDoubleProperty [value: 1536.0]
03:42:11.225 [FXGL Background Thread 3 ] DEBUG Engine               - profileDir: profiles/
03:42:11.225 [FXGL Background Thread 3 ] DEBUG Engine               - profileName: StringProperty [value: DEFAULT]
03:42:11.225 [FXGL Background Thread 3 ] DEBUG Engine               - randomSeed: -1
03:42:11.226 [FXGL Background Thread 3 ] DEBUG Engine               - runtimeInfo: RuntimeInfo(platform=WINDOWS, version=17.3, build=30.03.2023 11.49)
03:42:11.226 [FXGL Background Thread 3 ] DEBUG Engine               - saveFileExt: sav
03:42:11.226 [FXGL Background Thread 3 ] DEBUG Engine               - scaledHeightProp$fxgl: DoubleProperty [bound, value: 864.0]
03:42:11.226 [FXGL Background Thread 3 ] DEBUG Engine               - scaledWidthProp$fxgl: DoubleProperty [bound, value: 1536.0]
03:42:11.226 [FXGL Background Thread 3 ] DEBUG Engine               - sceneFactory: com.marcosguianfrancojoel.zombie_invaders.MENU.MiEscenaMenu@1f665291
03:42:11.226 [FXGL Background Thread 3 ] DEBUG Engine               - secondsIn24h: 60
03:42:11.226 [FXGL Background Thread 3 ] DEBUG Engine               - soundMenuBack: menu/back.wav
03:42:11.226 [FXGL Background Thread 3 ] DEBUG Engine               - soundMenuPress: menu/press.wav
03:42:11.226 [FXGL Background Thread 3 ] DEBUG Engine               - soundMenuSelect: menu/select.wav
03:42:11.226 [FXGL Background Thread 3 ] DEBUG Engine               - soundNotification: core/notification.wav
03:42:11.226 [FXGL Background Thread 3 ] DEBUG Engine               - stageStyle: DECORATED
03:42:11.226 [FXGL Background Thread 3 ] DEBUG Engine               - supportedLanguages: [ENGLISH, FRENCH, GERMAN, HUNGARIAN, RUSSIAN]
03:42:11.226 [FXGL Background Thread 3 ] DEBUG Engine               - ticksPerSecond: -1
03:42:11.226 [FXGL Background Thread 3 ] DEBUG Engine               - title: Zombie Invaders
03:42:11.226 [FXGL Background Thread 3 ] DEBUG Engine               - urlGithub: https://github.com/AlmasB/FXGL
03:42:11.226 [FXGL Background Thread 3 ] DEBUG Engine               - urlLeaderboard: http://fxgl-top.herokuapp.com/
03:42:11.226 [FXGL Background Thread 3 ] DEBUG Engine               - urlPOM: https://raw.githubusercontent.com/AlmasB/FXGL/release/README.md
03:42:11.226 [FXGL Background Thread 3 ] DEBUG Engine               - userAppClass: class com.marcosguianfrancojoel.zombie_invaders.GameMain
03:42:11.226 [FXGL Background Thread 3 ] DEBUG Engine               - version: 0.1
03:42:11.226 [FXGL Background Thread 3 ] DEBUG Engine               - versionCheckDays: 7
03:42:11.226 [FXGL Background Thread 3 ] DEBUG Engine               - width: 1536
03:42:11.226 [FXGL Background Thread 3 ] DEBUG Engine               - Logging services
03:42:11.226 [FXGL Background Thread 3 ] DEBUG Engine               - class com.almasb.fxgl.app.services.FXGLAssetLoaderService
03:42:11.226 [FXGL Background Thread 3 ] DEBUG Engine               - class com.almasb.fxgl.app.FXGLApplication$GameApplicationService
03:42:11.226 [FXGL Background Thread 3 ] DEBUG Engine               - class com.almasb.fxgl.app.services.FXGLDialogService
03:42:11.226 [FXGL Background Thread 3 ] DEBUG Engine               - class com.almasb.fxgl.app.services.IOTaskExecutorService
03:42:11.226 [FXGL Background Thread 3 ] DEBUG Engine               - class com.almasb.fxgl.io.FileSystemService
03:42:11.227 [FXGL Background Thread 3 ] DEBUG Engine               - class com.almasb.fxgl.localization.LocalizationService
03:42:11.227 [FXGL Background Thread 3 ] DEBUG Engine               - class com.almasb.fxgl.app.services.SystemBundleService
03:42:11.227 [FXGL Background Thread 3 ] DEBUG Engine               - class com.almasb.fxgl.profile.SaveLoadService
03:42:11.227 [FXGL Background Thread 3 ] DEBUG Engine               - class com.almasb.fxgl.ui.FXGLUIFactoryServiceProvider
03:42:11.227 [FXGL Background Thread 3 ] DEBUG Engine               - class com.almasb.fxgl.ui.FXGLDialogFactoryServiceProvider
03:42:11.227 [FXGL Background Thread 3 ] DEBUG Engine               - class com.almasb.fxgl.audio.AudioPlayer
03:42:11.227 [FXGL Background Thread 3 ] DEBUG Engine               - class com.almasb.fxgl.notification.impl.NotificationServiceProvider
03:42:11.227 [FXGL Background Thread 3 ] DEBUG Engine               - class com.almasb.fxgl.achievement.AchievementService
03:42:11.227 [FXGL Background Thread 3 ] DEBUG Engine               - class com.almasb.fxgl.cutscene.CutsceneService
03:42:11.227 [FXGL Background Thread 3 ] DEBUG Engine               - class com.almasb.fxgl.minigames.MiniGameService
03:42:11.227 [FXGL Background Thread 3 ] DEBUG Engine               - class com.almasb.fxgl.net.NetService
03:42:11.227 [FXGL Background Thread 3 ] DEBUG Engine               - class com.almasb.fxgl.app.services.UpdaterService
03:42:11.227 [FXGL Background Thread 3 ] DEBUG Engine               - class com.almasb.fxgl.dev.DevService
03:42:26.588 [JavaFX Application Thread] DEBUG PrimaryStageWindow   - Pop state: DialogSubScene
03:42:26.588 [JavaFX Application Thread] DEBUG Input                - Clearing active input actions
03:42:26.589 [JavaFX Application Thread] DEBUG GameApplicationServi - Removing overlay from DialogSubScene and adding to MiMenu
03:42:26.590 [JavaFX Application Thread] DEBUG PrimaryStageWindow   - MiMenu <- DialogSubScene
03:42:26.593 [JavaFX Application Thread] DEBUG PrimaryStageWindow   - Push state: DialogSubScene
03:42:26.594 [JavaFX Application Thread] DEBUG Input                - Clearing active input actions
03:42:26.595 [JavaFX Application Thread] DEBUG GameApplicationServi - Removing overlay from MiMenu and adding to DialogSubScene
03:42:26.595 [JavaFX Application Thread] DEBUG PrimaryStageWindow   - MiMenu -> DialogSubScene
03:42:27.419 [JavaFX Application Thread] DEBUG PrimaryStageWindow   - Pop state: DialogSubScene
03:42:27.419 [JavaFX Application Thread] DEBUG Input                - Clearing active input actions
03:42:27.419 [JavaFX Application Thread] DEBUG GameApplicationServi - Removing overlay from DialogSubScene and adding to MiMenu
03:42:27.420 [JavaFX Application Thread] DEBUG PrimaryStageWindow   - MiMenu <- DialogSubScene
03:42:28.427 [JavaFX Application Thread] DEBUG Menu                 - fireNewGame()
03:42:28.427 [JavaFX Application Thread] DEBUG GameApplicationServi - Starting new game
03:42:28.427 [JavaFX Application Thread] DEBUG PrimaryStageWindow   - Pop state: MiMenu
03:42:28.427 [JavaFX Application Thread] DEBUG Input                - Clearing active input actions
03:42:28.428 [JavaFX Application Thread] DEBUG GameApplicationServi - Removing overlay from MiMenu and adding to FXGLMainMenuDummyScene
03:42:28.428 [JavaFX Application Thread] DEBUG PrimaryStageWindow   - FXGLMainMenuDummyScene <- MiMenu
03:42:28.428 [JavaFX Application Thread] DEBUG Input                - Clearing active input actions
03:42:28.435 [JavaFX Application Thread] DEBUG GameApplicationServi - Removing overlay from FXGLMainMenuDummyScene and adding to FXGLLoadingScene
03:42:28.435 [JavaFX Application Thread] DEBUG PrimaryStageWindow   - FXGLMainMenuDummyScene -> FXGLLoadingScene
03:42:28.435 [JavaFX Application Thread] DEBUG GameApplicationServi - Clearing previous game
03:42:28.435 [JavaFX Application Thread] DEBUG GameScene            - Clearing game scene
03:42:28.435 [JavaFX Application Thread] DEBUG GameWorld            - Clearing game world
03:42:28.435 [JavaFX Application Thread] DEBUG PhysicsWorld         - Clearing physics world
03:42:28.438 [FXGL Background Thread 2 ] DEBUG FXGLApplication      - Initializing game
03:42:28.461 [FXGL Background Thread 2 ] DEBUG FXGLAssetLoaderServi - Loading from file system: file:/C:/Users/locro/OneDrive/Desktop/Zombie%20Invaders/target/classes/assets/textures/maps/level_1.png
03:42:28.595 [FXGL Background Thread 2 ] WARN  FXGLAssetLoaderServi - Asset "/assets/textures/skin_default_pistol.png" was not found!
03:42:28.596 [FXGL Background Thread 2 ] WARN  FXGLAssetLoaderServi - Failed to load RESIZABLE_IMAGE
03:42:28.630 [FXGL Background Thread 2 ] DEBUG FXGLAssetLoaderServi - Loading from file system: file:/C:/Users/locro/OneDrive/Desktop/Zombie%20Invaders/target/classes/assets/sounds/enemies/zombie/groar/zombie_groar_1.wav
03:42:28.634 [FXGL Background Thread 2 ] DEBUG FXGLAssetLoaderServi - Loading from file system: file:/C:/Users/locro/OneDrive/Desktop/Zombie%20Invaders/target/classes/assets/sounds/enemies/zombie/groar/zombie_groar_2.wav
03:42:28.640 [FXGL Background Thread 2 ] DEBUG FXGLAssetLoaderServi - Loading from file system: file:/C:/Users/locro/OneDrive/Desktop/Zombie%20Invaders/target/classes/assets/sounds/enemies/zombie/groar/zombie_groar_3.wav
03:42:28.646 [FXGL Background Thread 2 ] DEBUG FXGLAssetLoaderServi - Loading from file system: file:/C:/Users/locro/OneDrive/Desktop/Zombie%20Invaders/target/classes/assets/sounds/enemies/zombie/groar/zombie_groar_4.wav
03:42:28.650 [FXGL Background Thread 2 ] DEBUG FXGLAssetLoaderServi - Loading from file system: file:/C:/Users/locro/OneDrive/Desktop/Zombie%20Invaders/target/classes/assets/sounds/enemies/zombie/horde_sound.wav
03:42:28.659 [FXGL Background Thread 2 ] DEBUG FXGLAssetLoaderServi - Loading from file system: file:/C:/Users/locro/OneDrive/Desktop/Zombie%20Invaders/target/classes/assets/sounds/enemies/zombie/zombie_dead.wav
03:42:28.663 [FXGL Background Thread 2 ] DEBUG FXGLAssetLoaderServi - Loading from file system: file:/C:/Users/locro/OneDrive/Desktop/Zombie%20Invaders/target/classes/assets/sounds/enemies/zombie_fat/groar/zombie_groar_1.wav
03:42:28.670 [FXGL Background Thread 2 ] DEBUG FXGLAssetLoaderServi - Loading from file system: file:/C:/Users/locro/OneDrive/Desktop/Zombie%20Invaders/target/classes/assets/sounds/enemies/zombie_fat/groar/zombie_groar_2.wav
03:42:28.675 [FXGL Background Thread 2 ] DEBUG FXGLAssetLoaderServi - Loading from file system: file:/C:/Users/locro/OneDrive/Desktop/Zombie%20Invaders/target/classes/assets/sounds/enemies/zombie_fat/groar/zombie_groar_3.wav
03:42:28.680 [FXGL Background Thread 2 ] DEBUG FXGLAssetLoaderServi - Loading from file system: file:/C:/Users/locro/OneDrive/Desktop/Zombie%20Invaders/target/classes/assets/sounds/enemies/zombie_fat/groar/zombie_groar_4.wav
03:42:28.691 [FXGL Background Thread 2 ] DEBUG FXGLAssetLoaderServi - Loading from file system: file:/C:/Users/locro/OneDrive/Desktop/Zombie%20Invaders/target/classes/assets/sounds/enemies/zombie_fat/zombie_fat_dead.wav
03:42:28.695 [FXGL Background Thread 2 ] DEBUG FXGLAssetLoaderServi - Loading from file system: file:/C:/Users/locro/OneDrive/Desktop/Zombie%20Invaders/target/classes/assets/sounds/enemies/zombie_runner/groar/zombie_groar_1.wav
03:42:28.699 [FXGL Background Thread 2 ] DEBUG FXGLAssetLoaderServi - Loading from file system: file:/C:/Users/locro/OneDrive/Desktop/Zombie%20Invaders/target/classes/assets/sounds/enemies/zombie_runner/groar/zombie_groar_2.wav
03:42:28.703 [FXGL Background Thread 2 ] DEBUG FXGLAssetLoaderServi - Loading from file system: file:/C:/Users/locro/OneDrive/Desktop/Zombie%20Invaders/target/classes/assets/sounds/enemies/zombie_runner/groar/zombie_groar_3.wav
03:42:28.709 [FXGL Background Thread 2 ] DEBUG FXGLAssetLoaderServi - Loading from file system: file:/C:/Users/locro/OneDrive/Desktop/Zombie%20Invaders/target/classes/assets/sounds/enemies/zombie_runner/groar/zombie_groar_4.wav
03:42:28.714 [FXGL Background Thread 2 ] DEBUG FXGLAssetLoaderServi - Loading from file system: file:/C:/Users/locro/OneDrive/Desktop/Zombie%20Invaders/target/classes/assets/sounds/enemies/zombie_runner/zombie_runner_dead.wav
03:42:28.720 [FXGL Background Thread 2 ] DEBUG FXGLAssetLoaderServi - Loading from file system: file:/C:/Users/locro/OneDrive/Desktop/Zombie%20Invaders/target/classes/assets/sounds/explosion/grenade/explosion_grenade_1.wav
03:42:28.725 [FXGL Background Thread 2 ] DEBUG FXGLAssetLoaderServi - Loading from file system: file:/C:/Users/locro/OneDrive/Desktop/Zombie%20Invaders/target/classes/assets/sounds/explosion/grenade/explosion_grenade_2.wav
03:42:28.731 [FXGL Background Thread 2 ] DEBUG FXGLAssetLoaderServi - Loading from file system: file:/C:/Users/locro/OneDrive/Desktop/Zombie%20Invaders/target/classes/assets/sounds/explosion/grenade/explosion_grenade_3.wav
03:42:28.737 [FXGL Background Thread 2 ] DEBUG FXGLAssetLoaderServi - Loading from file system: file:/C:/Users/locro/OneDrive/Desktop/Zombie%20Invaders/target/classes/assets/sounds/impact_effects/grenada_pom.wav
03:42:28.741 [FXGL Background Thread 2 ] DEBUG FXGLAssetLoaderServi - Loading from file system: file:/C:/Users/locro/OneDrive/Desktop/Zombie%20Invaders/target/classes/assets/sounds/impact_effects/grenade_drop.wav
03:42:28.743 [FXGL Background Thread 2 ] DEBUG FXGLAssetLoaderServi - Loading from file system: file:/C:/Users/locro/OneDrive/Desktop/Zombie%20Invaders/target/classes/assets/sounds/impact_effects/impact_1.wav
03:42:28.750 [FXGL Background Thread 2 ] DEBUG FXGLAssetLoaderServi - Loading from file system: file:/C:/Users/locro/OneDrive/Desktop/Zombie%20Invaders/target/classes/assets/sounds/impact_effects/impact_3.wav
03:42:28.758 [FXGL Background Thread 2 ] DEBUG FXGLAssetLoaderServi - Loading from file system: file:/C:/Users/locro/OneDrive/Desktop/Zombie%20Invaders/target/classes/assets/sounds/impact_effects/impat_2.wav
03:42:28.763 [FXGL Background Thread 2 ] DEBUG FXGLAssetLoaderServi - Loading from file system: file:/C:/Users/locro/OneDrive/Desktop/Zombie%20Invaders/target/classes/assets/sounds/player/ammoSound/grab_ammo_1.wav
03:42:28.766 [FXGL Background Thread 2 ] DEBUG FXGLAssetLoaderServi - Loading from file system: file:/C:/Users/locro/OneDrive/Desktop/Zombie%20Invaders/target/classes/assets/sounds/player/ammoSound/grab_ammo_2.wav
03:42:28.770 [FXGL Background Thread 2 ] DEBUG FXGLAssetLoaderServi - Loading from file system: file:/C:/Users/locro/OneDrive/Desktop/Zombie%20Invaders/target/classes/assets/sounds/player/cure_1.wav
03:42:28.774 [FXGL Background Thread 2 ] DEBUG FXGLAssetLoaderServi - Loading from file system: file:/C:/Users/locro/OneDrive/Desktop/Zombie%20Invaders/target/classes/assets/sounds/player/dead.wav
03:42:28.778 [FXGL Background Thread 2 ] DEBUG FXGLAssetLoaderServi - Loading from file system: file:/C:/Users/locro/OneDrive/Desktop/Zombie%20Invaders/target/classes/assets/sounds/player/hit_1.wav
03:42:28.783 [FXGL Background Thread 2 ] DEBUG FXGLAssetLoaderServi - Loading from file system: file:/C:/Users/locro/OneDrive/Desktop/Zombie%20Invaders/target/classes/assets/sounds/player/hurt/hurt_1.wav
03:42:28.789 [FXGL Background Thread 2 ] DEBUG FXGLAssetLoaderServi - Loading from file system: file:/C:/Users/locro/OneDrive/Desktop/Zombie%20Invaders/target/classes/assets/sounds/player/hurt/hurt_2.wav
03:42:28.793 [FXGL Background Thread 2 ] DEBUG FXGLAssetLoaderServi - Loading from file system: file:/C:/Users/locro/OneDrive/Desktop/Zombie%20Invaders/target/classes/assets/sounds/player/no_empety.wav
03:42:28.795 [FXGL Background Thread 2 ] DEBUG FXGLAssetLoaderServi - Loading from file system: file:/C:/Users/locro/OneDrive/Desktop/Zombie%20Invaders/target/classes/assets/sounds/player/shoot_1.wav
03:42:28.801 [FXGL Background Thread 2 ] DEBUG FXGLAssetLoaderServi - Loading from file system: file:/C:/Users/locro/OneDrive/Desktop/Zombie%20Invaders/target/classes/assets/sounds/player/steps/step_1.wav
03:42:28.805 [FXGL Background Thread 2 ] DEBUG FXGLAssetLoaderServi - Loading from file system: file:/C:/Users/locro/OneDrive/Desktop/Zombie%20Invaders/target/classes/assets/sounds/player/steps/step_2.wav
03:42:28.810 [FXGL Background Thread 2 ] DEBUG FXGLAssetLoaderServi - Loading from file system: file:/C:/Users/locro/OneDrive/Desktop/Zombie%20Invaders/target/classes/assets/sounds/player/steps/step_3.wav
03:42:28.813 [FXGL Background Thread 2 ] DEBUG FXGLAssetLoaderServi - Loading from file system: file:/C:/Users/locro/OneDrive/Desktop/Zombie%20Invaders/target/classes/assets/sounds/player/steps/step_4.wav
03:42:28.819 [FXGL Background Thread 2 ] DEBUG FXGLAssetLoaderServi - Loading from file system: file:/C:/Users/locro/OneDrive/Desktop/Zombie%20Invaders/target/classes/assets/sounds/player/steps/step_5.wav
03:42:28.822 [FXGL Background Thread 2 ] DEBUG FXGLAssetLoaderServi - Loading from file system: file:/C:/Users/locro/OneDrive/Desktop/Zombie%20Invaders/target/classes/assets/sounds/player/switch_weapon/switch_1.wav
03:42:28.825 [FXGL Background Thread 2 ] DEBUG FXGLAssetLoaderServi - Loading from file system: file:/C:/Users/locro/OneDrive/Desktop/Zombie%20Invaders/target/classes/assets/sounds/player/switch_weapon/switch_2.wav
03:42:28.830 [FXGL Background Thread 2 ] DEBUG FXGLAssetLoaderServi - Loading from file system: file:/C:/Users/locro/OneDrive/Desktop/Zombie%20Invaders/target/classes/assets/sounds/player/switch_weapon/switch_3.wav
03:42:28.834 [FXGL Background Thread 2 ] DEBUG FXGLAssetLoaderServi - Loading from file system: file:/C:/Users/locro/OneDrive/Desktop/Zombie%20Invaders/target/classes/assets/sounds/sonidosUI/ui_change.wav
03:42:28.840 [FXGL Background Thread 2 ] DEBUG FXGLAssetLoaderServi - Loading from file system: file:/C:/Users/locro/OneDrive/Desktop/Zombie%20Invaders/target/classes/assets/sounds/sonidosUI/ui_error.wav
03:42:28.845 [FXGL Background Thread 2 ] DEBUG FXGLAssetLoaderServi - Loading from file system: file:/C:/Users/locro/OneDrive/Desktop/Zombie%20Invaders/target/classes/assets/sounds/soundsSystem/error.wav
03:42:28.848 [FXGL Background Thread 2 ] DEBUG FXGLAssetLoaderServi - Loading from file system: file:/C:/Users/locro/OneDrive/Desktop/Zombie%20Invaders/target/classes/assets/sounds/weapons/automatic_shotgun/automatic_shotgun_finish.wav
03:42:28.852 [FXGL Background Thread 2 ] DEBUG FXGLAssetLoaderServi - Loading from file system: file:/C:/Users/locro/OneDrive/Desktop/Zombie%20Invaders/target/classes/assets/sounds/weapons/automatic_shotgun/automatic_shotgun_reload.wav
03:42:28.855 [FXGL Background Thread 2 ] DEBUG FXGLAssetLoaderServi - Loading from file system: file:/C:/Users/locro/OneDrive/Desktop/Zombie%20Invaders/target/classes/assets/sounds/weapons/automatic_shotgun/automatic_shotgun_shoot.wav
03:42:28.860 [FXGL Background Thread 2 ] DEBUG FXGLAssetLoaderServi - Loading from file system: file:/C:/Users/locro/OneDrive/Desktop/Zombie%20Invaders/target/classes/assets/sounds/weapons/pistol/pistol_reload.wav
03:42:28.862 [FXGL Background Thread 2 ] DEBUG FXGLAssetLoaderServi - Loading from file system: file:/C:/Users/locro/OneDrive/Desktop/Zombie%20Invaders/target/classes/assets/sounds/weapons/pistol/pistol_shoot.wav
03:42:28.865 [FXGL Background Thread 2 ] DEBUG FXGLAssetLoaderServi - Loading from file system: file:/C:/Users/locro/OneDrive/Desktop/Zombie%20Invaders/target/classes/assets/sounds/weapons/rifle_assault/rifle_assault_reload.wav
03:42:28.870 [FXGL Background Thread 2 ] DEBUG FXGLAssetLoaderServi - Loading from file system: file:/C:/Users/locro/OneDrive/Desktop/Zombie%20Invaders/target/classes/assets/sounds/weapons/rifle_assault/rifle_assault_shoot.wav
03:42:28.873 [FXGL Background Thread 2 ] DEBUG FXGLAssetLoaderServi - Loading from file system: file:/C:/Users/locro/OneDrive/Desktop/Zombie%20Invaders/target/classes/assets/sounds/weapons/uzi/uzi_reload.wav
03:42:28.877 [FXGL Background Thread 2 ] DEBUG FXGLAssetLoaderServi - Loading from file system: file:/C:/Users/locro/OneDrive/Desktop/Zombie%20Invaders/target/classes/assets/sounds/weapons/uzi/uzi_shoot.wav
03:42:28.882 [FXGL Background Thread 2 ] DEBUG FXGLAssetLoaderServi - Loading from file system: file:/C:/Users/locro/OneDrive/Desktop/Zombie%20Invaders/target/classes/assets/music/boss_theme.mp3
03:42:28.927 [FXGL Background Thread 2 ] DEBUG FXGLAssetLoaderServi - Loading from file system: file:/C:/Users/locro/OneDrive/Desktop/Zombie%20Invaders/target/classes/assets/music/Main_menu.mp3
03:42:28.939 [FXGL Background Thread 2 ] DEBUG FXGLAssetLoaderServi - Loading from file system: file:/C:/Users/locro/OneDrive/Desktop/Zombie%20Invaders/target/classes/assets/music/soundtracks/soundtrack_1.mp3
03:42:28.954 [FXGL Background Thread 2 ] DEBUG FXGLAssetLoaderServi - Loading from file system: file:/C:/Users/locro/OneDrive/Desktop/Zombie%20Invaders/target/classes/assets/music/soundtracks/soundtrack_2.mp3
03:42:28.971 [FXGL Background Thread 2 ] DEBUG FXGLAssetLoaderServi - Loading from file system: file:/C:/Users/locro/OneDrive/Desktop/Zombie%20Invaders/target/classes/assets/music/soundtracks/soundtrack_3.mp3
03:42:28.998 [FXGL Background Thread 2 ] DEBUG FXGLAssetLoaderServi - Loading from file system: file:/C:/Users/locro/OneDrive/Desktop/Zombie%20Invaders/target/classes/assets/textures/skins/skin_default/skin_default_uzi.png
03:42:29.013 [FXGL Background Thread 2 ] DEBUG FXGLAssetLoaderServi - Loading from file system: file:/C:/Users/locro/OneDrive/Desktop/Zombie%20Invaders/target/classes/assets/textures/consumibles/box_grenade.png
03:42:29.021 [FXGL Background Thread 2 ] WARN  GameWorld            - Entity is already attached to world
03:42:29.023 [FXGL Background Thread 2 ] DEBUG FXGLAssetLoaderServi - Loading from file system: file:/C:/Users/locro/OneDrive/Desktop/Zombie%20Invaders/target/classes/assets/textures/consumibles/botiquin_small.png
03:42:29.029 [FXGL Background Thread 2 ] WARN  GameWorld            - Entity is already attached to world
03:42:29.041 [FXGL Background Thread 2 ] INFO  FXGLApplication      - Game initialization took: 0,603 sec
03:42:29.043 [JavaFX Application Thread] DEBUG Input                - Clearing active input actions
03:42:29.049 [JavaFX Application Thread] DEBUG GameApplicationServi - Removing overlay from FXGLLoadingScene and adding to GameScene
03:42:29.049 [JavaFX Application Thread] DEBUG PrimaryStageWindow   - FXGLLoadingScene -> GameScene
03:42:29.058 [JavaFX Application Thread] DEBUG FXGLAssetLoaderServi - Loading from file system: file:/C:/Users/locro/OneDrive/Desktop/Zombie%20Invaders/target/classes/assets/textures/enemies/zombie/zombie.png
03:42:38.193 [JavaFX Application Thread] DEBUG FXGLAssetLoaderServi - Loading from file system: file:/C:/Users/locro/OneDrive/Desktop/Zombie%20Invaders/target/classes/assets/textures/enemies/zombie/zombie_died.png
03:42:38.200 [JavaFX Application Thread] DEBUG FXGLAssetLoaderServi - Loading from file system: file:/C:/Users/locro/OneDrive/Desktop/Zombie%20Invaders/target/classes/assets/textures/effects/blood_1.png
03:42:43.284 [JavaFX Application Thread] DEBUG PrimaryStageWindow   - Push state: DialogSubScene
03:42:43.284 [JavaFX Application Thread] DEBUG Input                - Clearing active input actions
03:42:43.287 [JavaFX Application Thread] DEBUG GameApplicationServi - Removing overlay from GameScene and adding to DialogSubScene
03:42:43.288 [JavaFX Application Thread] DEBUG PrimaryStageWindow   - GameScene -> DialogSubScene
03:42:44.395 [JavaFX Application Thread] DEBUG PrimaryStageWindow   - Pop state: DialogSubScene
03:42:44.395 [JavaFX Application Thread] DEBUG Input                - Clearing active input actions
03:42:44.397 [JavaFX Application Thread] DEBUG GameApplicationServi - Removing overlay from DialogSubScene and adding to GameScene
03:42:44.398 [JavaFX Application Thread] DEBUG PrimaryStageWindow   - GameScene <- DialogSubScene
03:42:44.398 [JavaFX Application Thread] DEBUG PrimaryStageWindow   - Push state: MiMenu
03:42:44.398 [JavaFX Application Thread] DEBUG Input                - Clearing active input actions
03:42:44.399 [JavaFX Application Thread] DEBUG GameApplicationServi - Removing overlay from GameScene and adding to MiMenu
03:42:44.399 [JavaFX Application Thread] DEBUG PrimaryStageWindow   - GameScene -> MiMenu
03:42:45.767 [JavaFX Application Thread] DEBUG PrimaryStageWindow   - Push state: DialogSubScene
03:42:45.767 [JavaFX Application Thread] DEBUG Input                - Clearing active input actions
03:42:45.767 [JavaFX Application Thread] DEBUG GameApplicationServi - Removing overlay from MiMenu and adding to DialogSubScene
03:42:45.767 [JavaFX Application Thread] DEBUG PrimaryStageWindow   - MiMenu -> DialogSubScene
03:42:57.564 [JavaFX Application Thread] DEBUG PrimaryStageWindow   - Pop state: DialogSubScene
03:42:57.564 [JavaFX Application Thread] DEBUG Input                - Clearing active input actions
03:42:57.565 [JavaFX Application Thread] DEBUG GameApplicationServi - Removing overlay from DialogSubScene and adding to MiMenu
03:42:57.565 [JavaFX Application Thread] DEBUG PrimaryStageWindow   - MiMenu <- DialogSubScene
03:42:58.972 [JavaFX Application Thread] DEBUG Menu                 - fireNewGame()
03:42:58.972 [JavaFX Application Thread] DEBUG GameApplicationServi - Starting new game
03:42:58.972 [JavaFX Application Thread] DEBUG PrimaryStageWindow   - Pop state: MiMenu
03:42:58.972 [JavaFX Application Thread] DEBUG Input                - Clearing active input actions
03:42:58.973 [JavaFX Application Thread] DEBUG GameApplicationServi - Removing overlay from MiMenu and adding to GameScene
03:42:58.973 [JavaFX Application Thread] DEBUG PrimaryStageWindow   - GameScene <- MiMenu
03:42:58.973 [JavaFX Application Thread] DEBUG Input                - Clearing active input actions
03:42:58.980 [JavaFX Application Thread] DEBUG GameApplicationServi - Removing overlay from GameScene and adding to FXGLLoadingScene
03:42:58.980 [JavaFX Application Thread] DEBUG PrimaryStageWindow   - GameScene -> FXGLLoadingScene
03:42:58.980 [JavaFX Application Thread] DEBUG GameApplicationServi - Clearing previous game
03:42:58.980 [JavaFX Application Thread] DEBUG GameScene            - Clearing game scene
03:42:58.980 [JavaFX Application Thread] DEBUG GameWorld            - Clearing game world
03:42:58.981 [JavaFX Application Thread] DEBUG FXGLAssetLoaderServi - Loading from file system: file:/C:/Users/locro/OneDrive/Desktop/Zombie%20Invaders/target/classes/assets/textures/effects/blood_1.png
03:42:58.986 [JavaFX Application Thread] DEBUG FXGLAssetLoaderServi - Loading from file system: file:/C:/Users/locro/OneDrive/Desktop/Zombie%20Invaders/target/classes/assets/textures/effects/blood_1.png
03:42:58.990 [JavaFX Application Thread] DEBUG FXGLAssetLoaderServi - Loading from file system: file:/C:/Users/locro/OneDrive/Desktop/Zombie%20Invaders/target/classes/assets/textures/effects/blood_1.png
03:42:58.993 [JavaFX Application Thread] DEBUG PhysicsWorld         - Clearing physics world
03:42:58.993 [FXGL Background Thread 2 ] DEBUG FXGLApplication      - Initializing game
03:42:58.995 [FXGL Background Thread 2 ] WARN  FXGLAssetLoaderServi - Asset "/assets/textures/skin_default_pistol.png" was not found!
03:42:58.995 [FXGL Background Thread 2 ] WARN  FXGLAssetLoaderServi - Failed to load RESIZABLE_IMAGE
03:42:59.024 [FXGL Background Thread 2 ] WARN  GameWorld            - Entity is already attached to world
03:42:59.024 [FXGL Background Thread 2 ] WARN  GameWorld            - Entity is already attached to world
03:42:59.025 [FXGL Background Thread 2 ] INFO  FXGLApplication      - Game initialization took: 0,032 sec
03:42:59.026 [JavaFX Application Thread] DEBUG Input                - Clearing active input actions
03:42:59.032 [JavaFX Application Thread] DEBUG GameApplicationServi - Removing overlay from FXGLLoadingScene and adding to GameScene
03:42:59.033 [JavaFX Application Thread] DEBUG PrimaryStageWindow   - FXGLLoadingScene -> GameScene
03:43:00.880 [JavaFX Application Thread] DEBUG FXGLAssetLoaderServi - Loading from file system: file:/C:/Users/locro/OneDrive/Desktop/Zombie%20Invaders/target/classes/assets/textures/skins/skin_default/skin_default_automatic_shotgun.png
03:43:05.376 [JavaFX Application Thread] DEBUG FXGLAssetLoaderServi - Loading from file system: file:/C:/Users/locro/OneDrive/Desktop/Zombie%20Invaders/target/classes/assets/textures/effects/blood_1.png
03:43:06.403 [JavaFX Application Thread] DEBUG FXGLAssetLoaderServi - Loading from file system: file:/C:/Users/locro/OneDrive/Desktop/Zombie%20Invaders/target/classes/assets/textures/effects/blood_1.png
03:43:08.272 [JavaFX Application Thread] DEBUG FXGLAssetLoaderServi - Loading from file system: file:/C:/Users/locro/OneDrive/Desktop/Zombie%20Invaders/target/classes/assets/textures/effects/blood_1.png
03:43:14.390 [JavaFX Application Thread] DEBUG FXGLAssetLoaderServi - Loading from file system: file:/C:/Users/locro/OneDrive/Desktop/Zombie%20Invaders/target/classes/assets/textures/effects/blood_1.png
03:43:15.536 [JavaFX Application Thread] DEBUG FXGLAssetLoaderServi - Loading from file system: file:/C:/Users/locro/OneDrive/Desktop/Zombie%20Invaders/target/classes/assets/textures/skins/skin_default/skin_default_military_knife.png
03:43:15.906 [JavaFX Application Thread] WARN  FXGLAssetLoaderServi - Asset "/assets/sounds/weapons/military_knife/military_knife_shoot.wav" was not found!
03:43:15.906 [JavaFX Application Thread] WARN  FXGLAssetLoaderServi - Failed to load SOUND
03:43:15.910 [JavaFX Application Thread] WARN  GameWorld            - Entity is already attached to world
03:43:16.274 [JavaFX Application Thread] DEBUG FXGLAssetLoaderServi - Loading from file system: file:/C:/Users/locro/OneDrive/Desktop/Zombie%20Invaders/target/classes/assets/textures/skins/skin_default/skin_default_pistol.png
03:43:16.819 [JavaFX Application Thread] DEBUG FXGLAssetLoaderServi - Loading from file system: file:/C:/Users/locro/OneDrive/Desktop/Zombie%20Invaders/target/classes/assets/textures/effects/blood_1.png
03:43:16.833 [JavaFX Application Thread] WARN  GameWorld            - Entity is already attached to world
03:43:23.456 [JavaFX Application Thread] DEBUG FXGLAssetLoaderServi - Loading from file system: file:/C:/Users/locro/OneDrive/Desktop/Zombie%20Invaders/target/classes/assets/textures/skins/skin_default/skin_default_rifle_assault.png
03:43:31.331 [JavaFX Application Thread] DEBUG FXGLAssetLoaderServi - Loading from file system: file:/C:/Users/locro/OneDrive/Desktop/Zombie%20Invaders/target/classes/assets/textures/effects/blood_1.png
03:43:32.562 [JavaFX Application Thread] DEBUG FXGLAssetLoaderServi - Loading from file system: file:/C:/Users/locro/OneDrive/Desktop/Zombie%20Invaders/target/classes/assets/textures/effects/blood_1.png
03:43:33.827 [JavaFX Application Thread] DEBUG FXGLAssetLoaderServi - Loading from file system: file:/C:/Users/locro/OneDrive/Desktop/Zombie%20Invaders/target/classes/assets/textures/effects/blood_1.png
03:43:34.994 [JavaFX Application Thread] DEBUG FXGLAssetLoaderServi - Loading from file system: file:/C:/Users/locro/OneDrive/Desktop/Zombie%20Invaders/target/classes/assets/textures/effects/blood_1.png
03:43:38.771 [JavaFX Application Thread] DEBUG FXGLAssetLoaderServi - Loading from file system: file:/C:/Users/locro/OneDrive/Desktop/Zombie%20Invaders/target/classes/assets/textures/effects/blood_1.png
03:43:42.657 [JavaFX Application Thread] DEBUG PrimaryStageWindow   - Push state: DialogSubScene
03:43:42.657 [JavaFX Application Thread] DEBUG Input                - Clearing active input actions
03:43:42.659 [JavaFX Application Thread] DEBUG GameApplicationServi - Removing overlay from GameScene and adding to DialogSubScene
03:43:42.659 [JavaFX Application Thread] DEBUG PrimaryStageWindow   - GameScene -> DialogSubScene
03:43:43.822 [JavaFX Application Thread] DEBUG PrimaryStageWindow   - Pop state: DialogSubScene
03:43:43.823 [JavaFX Application Thread] DEBUG Input                - Clearing active input actions
03:43:43.823 [JavaFX Application Thread] DEBUG GameApplicationServi - Removing overlay from DialogSubScene and adding to GameScene
03:43:43.823 [JavaFX Application Thread] DEBUG PrimaryStageWindow   - GameScene <- DialogSubScene
03:43:43.824 [JavaFX Application Thread] DEBUG PrimaryStageWindow   - Push state: MiMenu
03:43:43.824 [JavaFX Application Thread] DEBUG Input                - Clearing active input actions
03:43:43.824 [JavaFX Application Thread] DEBUG GameApplicationServi - Removing overlay from GameScene and adding to MiMenu
03:43:43.824 [JavaFX Application Thread] DEBUG PrimaryStageWindow   - GameScene -> MiMenu
03:43:44.551 [JavaFX Application Thread] DEBUG PrimaryStageWindow   - Push state: DialogSubScene
03:43:44.551 [JavaFX Application Thread] DEBUG Input                - Clearing active input actions
03:43:44.551 [JavaFX Application Thread] DEBUG GameApplicationServi - Removing overlay from MiMenu and adding to DialogSubScene
03:43:44.552 [JavaFX Application Thread] DEBUG PrimaryStageWindow   - MiMenu -> DialogSubScene
03:43:50.293 [JavaFX Application Thread] DEBUG PrimaryStageWindow   - Pop state: DialogSubScene
03:43:50.295 [JavaFX Application Thread] DEBUG Input                - Clearing active input actions
03:43:50.295 [JavaFX Application Thread] DEBUG GameApplicationServi - Removing overlay from DialogSubScene and adding to MiMenu
03:43:50.295 [JavaFX Application Thread] DEBUG PrimaryStageWindow   - MiMenu <- DialogSubScene
03:43:56.789 [JavaFX Application Thread] DEBUG Menu                 - fireExit()
03:43:56.792 [JavaFX Application Thread] DEBUG PrimaryStageWindow   - Push state: DialogSubScene
03:43:56.792 [JavaFX Application Thread] DEBUG Input                - Clearing active input actions
03:43:56.792 [JavaFX Application Thread] DEBUG GameApplicationServi - Removing overlay from MiMenu and adding to DialogSubScene
03:43:56.792 [JavaFX Application Thread] DEBUG PrimaryStageWindow   - MiMenu -> DialogSubScene
03:43:57.343 [JavaFX Application Thread] DEBUG PrimaryStageWindow   - Pop state: DialogSubScene
03:43:57.343 [JavaFX Application Thread] DEBUG Input                - Clearing active input actions
03:43:57.343 [JavaFX Application Thread] DEBUG GameApplicationServi - Removing overlay from DialogSubScene and adding to MiMenu
03:43:57.343 [JavaFX Application Thread] DEBUG PrimaryStageWindow   - MiMenu <- DialogSubScene
03:43:57.343 [JavaFX Application Thread] DEBUG FXGLApplication      - Exiting FXGL
03:43:57.343 [JavaFX Application Thread] DEBUG LoopRunner           - Stopping loop
03:43:57.343 [JavaFX Application Thread] DEBUG SystemBundleService  - Saving FXGL system data
03:43:57.347 [JavaFX Application Thread] DEBUG FileSystemAccess     - Writing to: C:\Users\locro\OneDrive\Desktop\Zombie Invaders\system\fxgl.bundle
03:43:57.351 [JavaFX Application Thread] DEBUG Async                - Shutting down background threads
03:43:57.351 [JavaFX Application Thread] DEBUG PrimaryStageWindow   - Closing main window
03:43:57.375 [JavaFX Application Thread] DEBUG Logger               - Closing Logger
