03:39:55.863 [main                     ] DEBUG Logger               - Configured Logger
03:39:55.881 [main                     ] DEBUG GameApplication      - Logging settings
Title: Zombie Invaders
Version: 0.1
Width: 1536
Height: 864
Fullscreen: true
Intro: false
Profiling: false
Single step:false
App Mode: DEVELOPER
Menu Key: ESCAPE
Stage Style: DECORATED
Scene Factory: class com.marcosguianfrancojoel.zombie_invaders.MENU.MiEscenaMenu

03:39:56.473 [JavaFX Application Thread] DEBUG FXGLApplication      - Initializing FXGL
03:39:56.480 [JavaFX Application Thread] INFO  Engine               - FXGL-17.3 (30.03.2023 11.49) on WINDOWS (J:21.0.8 FX:21.0.6)
03:39:56.481 [JavaFX Application Thread] DEBUG Engine               - JRE Vendor Name: Eclipse Adoptium
03:39:56.482 [JavaFX Application Thread] DEBUG Engine               - Running on OS: Windows 11 version 10.0
03:39:56.482 [JavaFX Application Thread] DEBUG Engine               - Architecture: amd64
03:39:56.482 [JavaFX Application Thread] INFO  Engine               - Source code and latest versions at: https://github.com/AlmasB/FXGL
03:39:56.482 [JavaFX Application Thread] INFO  Engine               -       Ask questions and discuss at: https://github.com/AlmasB/FXGL/discussions
03:39:56.484 [JavaFX Application Thread] INFO  Engine               -              Join the FXGL chat at: https://gitter.im/AlmasB/FXGL
03:39:56.756 [JavaFX Application Thread] DEBUG PrimaryStageWindow   - Creating a JavaFX scene
03:39:56.855 [JavaFX Application Thread] DEBUG PrimaryStageWindow   - Target settings size: 1536.0 x 864.0
03:39:56.855 [JavaFX Application Thread] DEBUG PrimaryStageWindow   - Scaled scene size:    1536.0 x 864.0
03:39:56.855 [JavaFX Application Thread] DEBUG PrimaryStageWindow   - Scaled ratio: (1.0, 1.0)
03:39:56.857 [JavaFX Application Thread] DEBUG PrimaryStageWindow   - Set initial scene to FXGLStartupScene
03:39:56.867 [JavaFX Application Thread] DEBUG PrimaryStageWindow   - Opening main window
03:39:57.013 [JavaFX Application Thread] DEBUG PrimaryStageWindow   - Window border size: (14.4000244140625, 37.5999755859375)
03:39:57.013 [JavaFX Application Thread] DEBUG PrimaryStageWindow   - Scaled size: 1536.0 x 864.0
03:39:57.014 [JavaFX Application Thread] DEBUG PrimaryStageWindow   - Scaled ratio: (1.0, 1.0)
03:39:57.014 [JavaFX Application Thread] DEBUG PrimaryStageWindow   - Scene size: 1536.0 x 864.0
03:39:57.014 [JavaFX Application Thread] DEBUG PrimaryStageWindow   - Stage size: 1550.4000244140625 x 901.5999755859375
03:39:57.039 [FXGL Background Thread 1 ] DEBUG Engine               - Initializing environment variables
03:39:57.163 [FXGL Background Thread 1 ] DEBUG FXGLAssetLoaderServi - User app class for loading assets: class com.marcosguianfrancojoel.zombie_invaders.GameMain
03:39:57.163 [FXGL Background Thread 1 ] DEBUG GameApplicationServi - Applying CSS: fxgl_dark.css
03:39:57.165 [FXGL Background Thread 1 ] DEBUG FXGLAssetLoaderServi - Loading from file system: jar:file:/C:/Users/locro/.m2/repository/com/github/almasb/fxgl/17.3/fxgl-17.3.jar!/fxglassets/ui/css/fxgl_dark.css
03:39:57.241 [FXGL Background Thread 1 ] DEBUG GameApplicationServi - Initializing application scenes
03:39:57.369 [FXGL Background Thread 1 ] DEBUG GameWorld            - Game world initialized
03:39:57.473 [FXGL Background Thread 1 ] DEBUG PhysicsWorld         - Physics world initialized: appHeight=864, physics.ppm=50,0
03:39:57.473 [FXGL Background Thread 1 ] DEBUG PhysicsWorld         - Using strategy: BRUTE_FORCE
03:39:57.479 [FXGL Background Thread 1 ] DEBUG GameScene            - Game scene initialized: 1536x864
03:39:57.491 [FXGL Background Thread 1 ] DEBUG FXGLAssetLoaderServi - Loading from file system: file:/C:/Users/locro/OneDrive/Desktop/Zombie%20Invaders/target/classes/assets/textures/ui/fondoMenu.png
03:39:57.577 [FXGL Background Thread 1 ] DEBUG GameApplicationServi - Application scenes initialized
03:39:57.614 [FXGL Background Thread 1 ] DEBUG SystemBundleService  - Loading FXGL system data
03:39:57.621 [FXGL Background Thread 1 ] DEBUG FileSystemAccess     - Reading from: C:\Users\locro\OneDrive\Desktop\Zombie Invaders\system\fxgl.bundle
03:39:57.637 [FXGL Background Thread 1 ] DEBUG SystemBundleService  - Bundle FXGL: {}
03:39:57.638 [FXGL Background Thread 1 ] DEBUG UpdaterService       - Checking for updates
03:39:57.648 [FXGL Background Thread 4 ] DEBUG FXGLApplication      - Loading fonts
03:39:57.648 [FXGL Background Thread 4 ] DEBUG FXGLAssetLoaderServi - Loading from file system: jar:file:/C:/Users/locro/.m2/repository/com/github/almasb/fxgl/17.3/fxgl-17.3.jar!/fxglassets/ui/fonts/VarelaRound-Regular.ttf
03:39:57.651 [FXGL Background Thread 1 ] DEBUG FXGLApplication      - Loading default localization
03:39:57.652 [FXGL Background Thread 1 ] DEBUG FXGLAssetLoaderServi - Loading from file system: jar:file:/C:/Users/locro/.m2/repository/com/github/almasb/fxgl/17.3/fxgl-17.3.jar!/fxglassets/languages/english.lang
03:39:57.720 [FXGL Background Thread 4 ] DEBUG FXGLAssetLoaderServi - Loading from file system: jar:file:/C:/Users/locro/.m2/repository/com/github/almasb/fxgl/17.3/fxgl-17.3.jar!/fxglassets/ui/fonts/Abel-Regular.ttf
03:39:57.720 [FXGL Background Thread 1 ] INFO  FXGLApplication      - FXGL initialization took: 0,679 sec
03:39:57.726 [FXGL Background Thread 4 ] DEBUG FXGLAssetLoaderServi - Loading from file system: jar:file:/C:/Users/locro/.m2/repository/com/github/almasb/fxgl/17.3/fxgl-17.3.jar!/fxglassets/ui/fonts/TerminalLandMono-Regular.otf
03:39:57.734 [FXGL Background Thread 4 ] DEBUG FXGLAssetLoaderServi - Loading from file system: jar:file:/C:/Users/locro/.m2/repository/com/github/almasb/fxgl/17.3/fxgl-17.3.jar!/fxglassets/ui/fonts/Courier-Prime.ttf
03:39:57.742 [JavaFX Application Thread] DEBUG Input                - Registered new binding: Arriba - W
03:39:57.744 [JavaFX Application Thread] DEBUG Input                - Registered new binding: Abajo - S
03:39:57.745 [JavaFX Application Thread] DEBUG Input                - Registered new binding: Izquierda - A
03:39:57.746 [JavaFX Application Thread] DEBUG Input                - Registered new binding: Derecha - D
03:39:57.746 [JavaFX Application Thread] DEBUG Input                - Registered new binding: Cargar_municion - R
03:39:57.747 [JavaFX Application Thread] DEBUG Input                - Registered new binding: CambiarArmaSiguiente - Q
03:39:57.748 [JavaFX Application Thread] DEBUG Input                - Registered new binding: CambiarArmaAnterior - E
03:39:57.751 [JavaFX Application Thread] DEBUG Input                - Registered new binding: Disparar - LMB
03:39:57.751 [JavaFX Application Thread] DEBUG FXGLAssetLoaderServi - Loading from file system: file:/C:/Users/locro/OneDrive/Desktop/Zombie%20Invaders/target/classes/assets/textures/icon.png
03:39:57.829 [JavaFX Application Thread] DEBUG FXGLAssetLoaderServi - Loading from file system: jar:file:/C:/Users/locro/.m2/repository/com/github/almasb/fxgl/17.3/fxgl-17.3.jar!/fxglassets/textures/fxgl_default_cursor.png
03:39:57.832 [JavaFX Application Thread] DEBUG Input                - Registered new binding: Screenshot - CTRL+8
03:39:57.833 [JavaFX Application Thread] DEBUG Input                - Registered new binding: System info dump - CTRL+9
03:39:57.835 [JavaFX Application Thread] DEBUG Input                - Registered new binding: Restart - CTRL+R
03:39:57.838 [JavaFX Application Thread] DEBUG Input                - Registered new binding: Toggle Debug Camera - CTRL+7
03:39:57.845 [JavaFX Application Thread] DEBUG LoopRunner           - Starting loop
03:39:57.845 [JavaFX Application Thread] DEBUG LoopRunner           - Initializing JavaFX AnimationTimerLoop
03:39:57.873 [JavaFX Application Thread] DEBUG Input                - Clearing active input actions
03:39:57.901 [JavaFX Application Thread] DEBUG GameApplicationServi - Removing overlay from FXGLStartupScene and adding to FXGLMainMenuDummyScene
03:39:57.904 [JavaFX Application Thread] DEBUG PrimaryStageWindow   - FXGLStartupScene -> FXGLMainMenuDummyScene
03:39:57.904 [JavaFX Application Thread] DEBUG PrimaryStageWindow   - Push state: MiMenu
03:39:57.905 [JavaFX Application Thread] DEBUG Input                - Clearing active input actions
03:39:57.970 [JavaFX Application Thread] DEBUG GameApplicationServi - Removing overlay from FXGLMainMenuDummyScene and adding to MiMenu
03:39:57.971 [JavaFX Application Thread] DEBUG PrimaryStageWindow   - FXGLMainMenuDummyScene -> MiMenu
03:39:57.997 [JavaFX Application Thread] DEBUG FXGLApplication      - Registering font factories with UI factory
03:39:58.668 [FXGL Background Thread 2 ] INFO  UpdaterService       - Your current version:  17.3
03:39:58.669 [FXGL Background Thread 2 ] INFO  UpdaterService       - Latest stable version: 21.1
03:39:59.364 [JavaFX Application Thread] DEBUG FXGLAssetLoaderServi - Loading from file system: file:/C:/Users/locro/OneDrive/Desktop/Zombie%20Invaders/target/classes/assets/sounds/sonidosUI/ui_click.wav
03:39:59.483 [JavaFX Application Thread] DEBUG PrimaryStageWindow   - Push state: DialogSubScene
03:39:59.483 [JavaFX Application Thread] DEBUG Input                - Clearing active input actions
03:39:59.484 [JavaFX Application Thread] DEBUG GameApplicationServi - Removing overlay from MiMenu and adding to DialogSubScene
03:39:59.485 [JavaFX Application Thread] DEBUG PrimaryStageWindow   - MiMenu -> DialogSubScene
03:40:00.646 [FXGL Background Thread 3 ] DEBUG Engine               - Logging environment variables
03:40:00.646 [FXGL Background Thread 3 ] DEBUG Engine               - achievements: []
03:40:00.646 [FXGL Background Thread 3 ] DEBUG Engine               - actualHeight: 864.0
03:40:00.646 [FXGL Background Thread 3 ] DEBUG Engine               - actualHeightProperty: ReadOnlyDoubleProperty [value: 864.0]
03:40:00.646 [FXGL Background Thread 3 ] DEBUG Engine               - actualWidth: 1536.0
03:40:00.647 [FXGL Background Thread 3 ] DEBUG Engine               - actualWidthProperty: ReadOnlyDoubleProperty [value: 1536.0]
03:40:00.647 [FXGL Background Thread 3 ] DEBUG Engine               - appIcon: icon.png
03:40:00.647 [FXGL Background Thread 3 ] DEBUG Engine               - applicationMode: DEVELOPER
03:40:00.647 [FXGL Background Thread 3 ] DEBUG Engine               - cSSList: [fxgl_dark.css]
03:40:00.647 [FXGL Background Thread 3 ] DEBUG Engine               - collisionDetectionStrategy: BRUTE_FORCE
03:40:00.647 [FXGL Background Thread 3 ] DEBUG Engine               - configClass: Optional.empty
03:40:00.647 [FXGL Background Thread 3 ] DEBUG Engine               - credits: []
03:40:00.648 [FXGL Background Thread 3 ] DEBUG Engine               - defaultCursor: CursorInfo(imageName=fxgl_default_cursor.png, hotspotX=7.0, hotspotY=6.0)
03:40:00.649 [FXGL Background Thread 3 ] DEBUG Engine               - devBBoxColorProperty: ObjectProperty [value: 0xff0000ff]
03:40:00.649 [FXGL Background Thread 3 ] DEBUG Engine               - devEnableDebugCameraProperty: BooleanProperty [value: false]
03:40:00.649 [FXGL Background Thread 3 ] DEBUG Engine               - devSensorColorProperty: ObjectProperty [value: 0xffff00ff]
03:40:00.649 [FXGL Background Thread 3 ] DEBUG Engine               - devShowBBoxProperty: BooleanProperty [value: false]
03:40:00.649 [FXGL Background Thread 3 ] DEBUG Engine               - devShowPositionProperty: BooleanProperty [value: false]
03:40:00.649 [FXGL Background Thread 3 ] DEBUG Engine               - enabledMenuItems: []
03:40:00.649 [FXGL Background Thread 3 ] DEBUG Engine               - engineServices: [class com.almasb.fxgl.app.services.FXGLAssetLoaderService, class com.almasb.fxgl.app.FXGLApplication$GameApplicationService, class com.almasb.fxgl.app.services.FXGLDialogService, class com.almasb.fxgl.app.services.IOTaskExecutorService, class com.almasb.fxgl.io.FileSystemService, class com.almasb.fxgl.localization.LocalizationService, class com.almasb.fxgl.app.services.SystemBundleService, class com.almasb.fxgl.profile.SaveLoadService, class com.almasb.fxgl.ui.FXGLUIFactoryServiceProvider, class com.almasb.fxgl.ui.FXGLDialogFactoryServiceProvider, class com.almasb.fxgl.audio.AudioPlayer, class com.almasb.fxgl.notification.impl.NotificationServiceProvider, class com.almasb.fxgl.achievement.AchievementService, class com.almasb.fxgl.cutscene.CutsceneService, class com.almasb.fxgl.minigames.MiniGameService, class com.almasb.fxgl.net.NetService, class com.almasb.fxgl.app.services.UpdaterService, class com.almasb.fxgl.dev.DevService]
03:40:00.649 [FXGL Background Thread 3 ] DEBUG Engine               - fontGame: Abel-Regular.ttf
03:40:00.649 [FXGL Background Thread 3 ] DEBUG Engine               - fontMono: TerminalLandMono-Regular.otf
03:40:00.649 [FXGL Background Thread 3 ] DEBUG Engine               - fontSizeScaleUI: 1.0
03:40:00.649 [FXGL Background Thread 3 ] DEBUG Engine               - fontText: Courier-Prime.ttf
03:40:00.649 [FXGL Background Thread 3 ] DEBUG Engine               - fontUI: VarelaRound-Regular.ttf
03:40:00.649 [FXGL Background Thread 3 ] DEBUG Engine               - fullScreen: BooleanProperty [value: false]
03:40:00.649 [FXGL Background Thread 3 ] DEBUG Engine               - gameDifficulty: MEDIUM
03:40:00.650 [FXGL Background Thread 3 ] DEBUG Engine               - gameDifficultyProperty: ObjectProperty [value: MEDIUM]
03:40:00.650 [FXGL Background Thread 3 ] DEBUG Engine               - globalMusicVolume: 0.5
03:40:00.650 [FXGL Background Thread 3 ] DEBUG Engine               - globalMusicVolumeProperty: DoubleProperty [value: 0.5]
03:40:00.650 [FXGL Background Thread 3 ] DEBUG Engine               - globalSoundVolume: 0.5
03:40:00.650 [FXGL Background Thread 3 ] DEBUG Engine               - globalSoundVolumeProperty: DoubleProperty [value: 0.5]
03:40:00.650 [FXGL Background Thread 3 ] DEBUG Engine               - height: 864
03:40:00.650 [FXGL Background Thread 3 ] DEBUG Engine               - is3D: false
03:40:00.650 [FXGL Background Thread 3 ] DEBUG Engine               - isAndroid: false
03:40:00.650 [FXGL Background Thread 3 ] DEBUG Engine               - isBrowser: false
03:40:00.650 [FXGL Background Thread 3 ] DEBUG Engine               - isClickFeedbackEnabled: false
03:40:00.650 [FXGL Background Thread 3 ] DEBUG Engine               - isCloseConfirmation: false
03:40:00.650 [FXGL Background Thread 3 ] DEBUG Engine               - isDesktop: true
03:40:00.650 [FXGL Background Thread 3 ] DEBUG Engine               - isDeveloperMenuEnabled: false
03:40:00.650 [FXGL Background Thread 3 ] DEBUG Engine               - isEmbedded: false
03:40:00.650 [FXGL Background Thread 3 ] DEBUG Engine               - isEntityPreloadEnabled: true
03:40:00.650 [FXGL Background Thread 3 ] DEBUG Engine               - isExperimentalTiledLargeMap: false
03:40:00.650 [FXGL Background Thread 3 ] DEBUG Engine               - isFileSystemWriteAllowed: true
03:40:00.650 [FXGL Background Thread 3 ] DEBUG Engine               - isFullScreenAllowed: true
03:40:00.650 [FXGL Background Thread 3 ] DEBUG Engine               - isFullScreenFromStart: false
03:40:00.650 [FXGL Background Thread 3 ] DEBUG Engine               - isGameMenuEnabled: true
03:40:00.651 [FXGL Background Thread 3 ] DEBUG Engine               - isIOS: false
03:40:00.651 [FXGL Background Thread 3 ] DEBUG Engine               - isIntroEnabled: false
03:40:00.651 [FXGL Background Thread 3 ] DEBUG Engine               - isLinux: false
03:40:00.651 [FXGL Background Thread 3 ] DEBUG Engine               - isMac: false
03:40:00.651 [FXGL Background Thread 3 ] DEBUG Engine               - isMainMenuEnabled: true
03:40:00.651 [FXGL Background Thread 3 ] DEBUG Engine               - isManualResizeEnabled: true
03:40:00.651 [FXGL Background Thread 3 ] DEBUG Engine               - isMobile: false
03:40:00.651 [FXGL Background Thread 3 ] DEBUG Engine               - isNative: false
03:40:00.651 [FXGL Background Thread 3 ] DEBUG Engine               - isPauseMusicWhenMinimized: true
03:40:00.651 [FXGL Background Thread 3 ] DEBUG Engine               - isPreserveResizeRatio: false
03:40:00.651 [FXGL Background Thread 3 ] DEBUG Engine               - isProfilingEnabled: false
03:40:00.651 [FXGL Background Thread 3 ] DEBUG Engine               - isScaleAffectedOnResize: true
03:40:00.651 [FXGL Background Thread 3 ] DEBUG Engine               - isSingleStep: false
03:40:00.651 [FXGL Background Thread 3 ] DEBUG Engine               - isUserProfileEnabled: false
03:40:00.651 [FXGL Background Thread 3 ] DEBUG Engine               - isWindows: true
03:40:00.651 [FXGL Background Thread 3 ] DEBUG Engine               - language: ObjectProperty [value: ENGLISH]
03:40:00.651 [FXGL Background Thread 3 ] DEBUG Engine               - menuKey: ESCAPE
03:40:00.652 [FXGL Background Thread 3 ] DEBUG Engine               - mouseSensitivity: 0.2
03:40:00.652 [FXGL Background Thread 3 ] DEBUG Engine               - notificationViewClass: class com.almasb.fxgl.notification.view.XboxNotificationView
03:40:00.652 [FXGL Background Thread 3 ] DEBUG Engine               - pixelsPerMeter: 50.0
03:40:00.652 [FXGL Background Thread 3 ] DEBUG Engine               - platform: WINDOWS
03:40:00.652 [FXGL Background Thread 3 ] DEBUG Engine               - prefHeightProperty: ReadOnlyDoubleProperty [value: 864.0]
03:40:00.652 [FXGL Background Thread 3 ] DEBUG Engine               - prefWidthProperty: ReadOnlyDoubleProperty [value: 1536.0]
03:40:00.652 [FXGL Background Thread 3 ] DEBUG Engine               - profileDir: profiles/
03:40:00.652 [FXGL Background Thread 3 ] DEBUG Engine               - profileName: StringProperty [value: DEFAULT]
03:40:00.652 [FXGL Background Thread 3 ] DEBUG Engine               - randomSeed: -1
03:40:00.652 [FXGL Background Thread 3 ] DEBUG Engine               - runtimeInfo: RuntimeInfo(platform=WINDOWS, version=17.3, build=30.03.2023 11.49)
03:40:00.652 [FXGL Background Thread 3 ] DEBUG Engine               - saveFileExt: sav
03:40:00.652 [FXGL Background Thread 3 ] DEBUG Engine               - scaledHeightProp$fxgl: DoubleProperty [bound, value: 864.0]
03:40:00.652 [FXGL Background Thread 3 ] DEBUG Engine               - scaledWidthProp$fxgl: DoubleProperty [bound, value: 1536.0]
03:40:00.652 [FXGL Background Thread 3 ] DEBUG Engine               - sceneFactory: com.marcosguianfrancojoel.zombie_invaders.MENU.MiEscenaMenu@57c821cd
03:40:00.653 [FXGL Background Thread 3 ] DEBUG Engine               - secondsIn24h: 60
03:40:00.653 [FXGL Background Thread 3 ] DEBUG Engine               - soundMenuBack: menu/back.wav
03:40:00.653 [FXGL Background Thread 3 ] DEBUG Engine               - soundMenuPress: menu/press.wav
03:40:00.653 [FXGL Background Thread 3 ] DEBUG Engine               - soundMenuSelect: menu/select.wav
03:40:00.653 [FXGL Background Thread 3 ] DEBUG Engine               - soundNotification: core/notification.wav
03:40:00.653 [FXGL Background Thread 3 ] DEBUG Engine               - stageStyle: DECORATED
03:40:00.653 [FXGL Background Thread 3 ] DEBUG Engine               - supportedLanguages: [ENGLISH, FRENCH, GERMAN, HUNGARIAN, RUSSIAN]
03:40:00.653 [FXGL Background Thread 3 ] DEBUG Engine               - ticksPerSecond: -1
03:40:00.653 [FXGL Background Thread 3 ] DEBUG Engine               - title: Zombie Invaders
03:40:00.653 [FXGL Background Thread 3 ] DEBUG Engine               - urlGithub: https://github.com/AlmasB/FXGL
03:40:00.653 [FXGL Background Thread 3 ] DEBUG Engine               - urlLeaderboard: http://fxgl-top.herokuapp.com/
03:40:00.653 [FXGL Background Thread 3 ] DEBUG Engine               - urlPOM: https://raw.githubusercontent.com/AlmasB/FXGL/release/README.md
03:40:00.653 [FXGL Background Thread 3 ] DEBUG Engine               - userAppClass: class com.marcosguianfrancojoel.zombie_invaders.GameMain
03:40:00.653 [FXGL Background Thread 3 ] DEBUG Engine               - version: 0.1
03:40:00.653 [FXGL Background Thread 3 ] DEBUG Engine               - versionCheckDays: 7
03:40:00.653 [FXGL Background Thread 3 ] DEBUG Engine               - width: 1536
03:40:00.653 [FXGL Background Thread 3 ] DEBUG Engine               - Logging services
03:40:00.653 [FXGL Background Thread 3 ] DEBUG Engine               - class com.almasb.fxgl.app.services.FXGLAssetLoaderService
03:40:00.653 [FXGL Background Thread 3 ] DEBUG Engine               - class com.almasb.fxgl.app.FXGLApplication$GameApplicationService
03:40:00.653 [FXGL Background Thread 3 ] DEBUG Engine               - class com.almasb.fxgl.app.services.FXGLDialogService
03:40:00.654 [FXGL Background Thread 3 ] DEBUG Engine               - class com.almasb.fxgl.app.services.IOTaskExecutorService
03:40:00.654 [FXGL Background Thread 3 ] DEBUG Engine               - class com.almasb.fxgl.io.FileSystemService
03:40:00.654 [FXGL Background Thread 3 ] DEBUG Engine               - class com.almasb.fxgl.localization.LocalizationService
03:40:00.654 [FXGL Background Thread 3 ] DEBUG Engine               - class com.almasb.fxgl.app.services.SystemBundleService
03:40:00.654 [FXGL Background Thread 3 ] DEBUG Engine               - class com.almasb.fxgl.profile.SaveLoadService
03:40:00.654 [FXGL Background Thread 3 ] DEBUG Engine               - class com.almasb.fxgl.ui.FXGLUIFactoryServiceProvider
03:40:00.654 [FXGL Background Thread 3 ] DEBUG Engine               - class com.almasb.fxgl.ui.FXGLDialogFactoryServiceProvider
03:40:00.654 [FXGL Background Thread 3 ] DEBUG Engine               - class com.almasb.fxgl.audio.AudioPlayer
03:40:00.654 [FXGL Background Thread 3 ] DEBUG Engine               - class com.almasb.fxgl.notification.impl.NotificationServiceProvider
03:40:00.654 [FXGL Background Thread 3 ] DEBUG Engine               - class com.almasb.fxgl.achievement.AchievementService
03:40:00.654 [FXGL Background Thread 3 ] DEBUG Engine               - class com.almasb.fxgl.cutscene.CutsceneService
03:40:00.654 [FXGL Background Thread 3 ] DEBUG Engine               - class com.almasb.fxgl.minigames.MiniGameService
03:40:00.654 [FXGL Background Thread 3 ] DEBUG Engine               - class com.almasb.fxgl.net.NetService
03:40:00.654 [FXGL Background Thread 3 ] DEBUG Engine               - class com.almasb.fxgl.app.services.UpdaterService
03:40:00.654 [FXGL Background Thread 3 ] DEBUG Engine               - class com.almasb.fxgl.dev.DevService
03:40:12.325 [JavaFX Application Thread] DEBUG PrimaryStageWindow   - Pop state: DialogSubScene
03:40:12.325 [JavaFX Application Thread] DEBUG Input                - Clearing active input actions
03:40:12.326 [JavaFX Application Thread] DEBUG GameApplicationServi - Removing overlay from DialogSubScene and adding to MiMenu
03:40:12.326 [JavaFX Application Thread] DEBUG PrimaryStageWindow   - MiMenu <- DialogSubScene
03:40:13.716 [JavaFX Application Thread] DEBUG PrimaryStageWindow   - Push state: DialogSubScene
03:40:13.716 [JavaFX Application Thread] DEBUG Input                - Clearing active input actions
03:40:13.721 [JavaFX Application Thread] DEBUG GameApplicationServi - Removing overlay from MiMenu and adding to DialogSubScene
03:40:13.721 [JavaFX Application Thread] DEBUG PrimaryStageWindow   - MiMenu -> DialogSubScene
03:40:28.029 [JavaFX Application Thread] DEBUG PrimaryStageWindow   - Pop state: DialogSubScene
03:40:28.029 [JavaFX Application Thread] DEBUG Input                - Clearing active input actions
03:40:28.030 [JavaFX Application Thread] DEBUG GameApplicationServi - Removing overlay from DialogSubScene and adding to MiMenu
03:40:28.030 [JavaFX Application Thread] DEBUG PrimaryStageWindow   - MiMenu <- DialogSubScene
03:40:28.033 [JavaFX Application Thread] DEBUG PrimaryStageWindow   - Push state: DialogSubScene
03:40:28.033 [JavaFX Application Thread] DEBUG Input                - Clearing active input actions
03:40:28.034 [JavaFX Application Thread] DEBUG GameApplicationServi - Removing overlay from MiMenu and adding to DialogSubScene
03:40:28.034 [JavaFX Application Thread] DEBUG PrimaryStageWindow   - MiMenu -> DialogSubScene
03:40:29.005 [JavaFX Application Thread] DEBUG PrimaryStageWindow   - Pop state: DialogSubScene
03:40:29.005 [JavaFX Application Thread] DEBUG Input                - Clearing active input actions
03:40:29.006 [JavaFX Application Thread] DEBUG GameApplicationServi - Removing overlay from DialogSubScene and adding to MiMenu
03:40:29.006 [JavaFX Application Thread] DEBUG PrimaryStageWindow   - MiMenu <- DialogSubScene
03:40:30.301 [JavaFX Application Thread] DEBUG FXGLAssetLoaderServi - Loading from file system: file:/C:/Users/locro/OneDrive/Desktop/Zombie%20Invaders/target/classes/assets/sounds/sonidosUI/ui_error.wav
03:40:30.307 [JavaFX Application Thread] DEBUG PrimaryStageWindow   - Push state: DialogSubScene
03:40:30.307 [JavaFX Application Thread] DEBUG Input                - Clearing active input actions
03:40:30.307 [JavaFX Application Thread] DEBUG GameApplicationServi - Removing overlay from MiMenu and adding to DialogSubScene
03:40:30.308 [JavaFX Application Thread] DEBUG PrimaryStageWindow   - MiMenu -> DialogSubScene
03:40:31.397 [JavaFX Application Thread] DEBUG PrimaryStageWindow   - Pop state: DialogSubScene
03:40:31.397 [JavaFX Application Thread] DEBUG Input                - Clearing active input actions
03:40:31.398 [JavaFX Application Thread] DEBUG GameApplicationServi - Removing overlay from DialogSubScene and adding to MiMenu
03:40:31.398 [JavaFX Application Thread] DEBUG PrimaryStageWindow   - MiMenu <- DialogSubScene
03:40:32.542 [JavaFX Application Thread] DEBUG Menu                 - fireNewGame()
03:40:32.542 [JavaFX Application Thread] DEBUG GameApplicationServi - Starting new game
03:40:32.542 [JavaFX Application Thread] DEBUG PrimaryStageWindow   - Pop state: MiMenu
03:40:32.542 [JavaFX Application Thread] DEBUG Input                - Clearing active input actions
03:40:32.543 [JavaFX Application Thread] DEBUG GameApplicationServi - Removing overlay from MiMenu and adding to FXGLMainMenuDummyScene
03:40:32.543 [JavaFX Application Thread] DEBUG PrimaryStageWindow   - FXGLMainMenuDummyScene <- MiMenu
03:40:32.543 [JavaFX Application Thread] DEBUG Input                - Clearing active input actions
03:40:32.557 [JavaFX Application Thread] DEBUG GameApplicationServi - Removing overlay from FXGLMainMenuDummyScene and adding to FXGLLoadingScene
03:40:32.557 [JavaFX Application Thread] DEBUG PrimaryStageWindow   - FXGLMainMenuDummyScene -> FXGLLoadingScene
03:40:32.557 [JavaFX Application Thread] DEBUG GameApplicationServi - Clearing previous game
03:40:32.557 [JavaFX Application Thread] DEBUG GameScene            - Clearing game scene
03:40:32.557 [JavaFX Application Thread] DEBUG GameWorld            - Clearing game world
03:40:32.557 [JavaFX Application Thread] DEBUG PhysicsWorld         - Clearing physics world
03:40:32.562 [FXGL Background Thread 2 ] DEBUG FXGLApplication      - Initializing game
03:40:32.606 [FXGL Background Thread 2 ] DEBUG FXGLAssetLoaderServi - Loading from file system: file:/C:/Users/locro/OneDrive/Desktop/Zombie%20Invaders/target/classes/assets/textures/maps/level_1.png
03:40:32.783 [FXGL Background Thread 2 ] WARN  FXGLAssetLoaderServi - Asset "/assets/textures/skin_default_pistol.png" was not found!
03:40:32.784 [FXGL Background Thread 2 ] WARN  FXGLAssetLoaderServi - Failed to load RESIZABLE_IMAGE
03:40:32.842 [FXGL Background Thread 2 ] DEBUG FXGLAssetLoaderServi - Loading from file system: file:/C:/Users/locro/OneDrive/Desktop/Zombie%20Invaders/target/classes/assets/sounds/enemies/zombie/groar/zombie_groar_1.wav
03:40:32.847 [FXGL Background Thread 2 ] DEBUG FXGLAssetLoaderServi - Loading from file system: file:/C:/Users/locro/OneDrive/Desktop/Zombie%20Invaders/target/classes/assets/sounds/enemies/zombie/groar/zombie_groar_2.wav
03:40:32.853 [FXGL Background Thread 2 ] DEBUG FXGLAssetLoaderServi - Loading from file system: file:/C:/Users/locro/OneDrive/Desktop/Zombie%20Invaders/target/classes/assets/sounds/enemies/zombie/groar/zombie_groar_3.wav
03:40:32.858 [FXGL Background Thread 2 ] DEBUG FXGLAssetLoaderServi - Loading from file system: file:/C:/Users/locro/OneDrive/Desktop/Zombie%20Invaders/target/classes/assets/sounds/enemies/zombie/groar/zombie_groar_4.wav
03:40:32.862 [FXGL Background Thread 2 ] DEBUG FXGLAssetLoaderServi - Loading from file system: file:/C:/Users/locro/OneDrive/Desktop/Zombie%20Invaders/target/classes/assets/sounds/enemies/zombie/horde_sound.wav
03:40:32.872 [FXGL Background Thread 2 ] DEBUG FXGLAssetLoaderServi - Loading from file system: file:/C:/Users/locro/OneDrive/Desktop/Zombie%20Invaders/target/classes/assets/sounds/enemies/zombie/zombie_dead.wav
03:40:32.875 [FXGL Background Thread 2 ] DEBUG FXGLAssetLoaderServi - Loading from file system: file:/C:/Users/locro/OneDrive/Desktop/Zombie%20Invaders/target/classes/assets/sounds/enemies/zombie_fat/groar/zombie_groar_1.wav
03:40:32.879 [FXGL Background Thread 2 ] DEBUG FXGLAssetLoaderServi - Loading from file system: file:/C:/Users/locro/OneDrive/Desktop/Zombie%20Invaders/target/classes/assets/sounds/enemies/zombie_fat/groar/zombie_groar_2.wav
03:40:32.886 [FXGL Background Thread 2 ] DEBUG FXGLAssetLoaderServi - Loading from file system: file:/C:/Users/locro/OneDrive/Desktop/Zombie%20Invaders/target/classes/assets/sounds/enemies/zombie_fat/groar/zombie_groar_3.wav
03:40:32.893 [FXGL Background Thread 2 ] DEBUG FXGLAssetLoaderServi - Loading from file system: file:/C:/Users/locro/OneDrive/Desktop/Zombie%20Invaders/target/classes/assets/sounds/enemies/zombie_fat/groar/zombie_groar_4.wav
03:40:32.898 [FXGL Background Thread 2 ] DEBUG FXGLAssetLoaderServi - Loading from file system: file:/C:/Users/locro/OneDrive/Desktop/Zombie%20Invaders/target/classes/assets/sounds/enemies/zombie_fat/zombie_fat_dead.wav
03:40:32.907 [FXGL Background Thread 2 ] DEBUG FXGLAssetLoaderServi - Loading from file system: file:/C:/Users/locro/OneDrive/Desktop/Zombie%20Invaders/target/classes/assets/sounds/enemies/zombie_runner/groar/zombie_groar_1.wav
03:40:32.913 [FXGL Background Thread 2 ] DEBUG FXGLAssetLoaderServi - Loading from file system: file:/C:/Users/locro/OneDrive/Desktop/Zombie%20Invaders/target/classes/assets/sounds/enemies/zombie_runner/groar/zombie_groar_2.wav
03:40:32.921 [FXGL Background Thread 2 ] DEBUG FXGLAssetLoaderServi - Loading from file system: file:/C:/Users/locro/OneDrive/Desktop/Zombie%20Invaders/target/classes/assets/sounds/enemies/zombie_runner/groar/zombie_groar_3.wav
03:40:32.927 [FXGL Background Thread 2 ] DEBUG FXGLAssetLoaderServi - Loading from file system: file:/C:/Users/locro/OneDrive/Desktop/Zombie%20Invaders/target/classes/assets/sounds/enemies/zombie_runner/groar/zombie_groar_4.wav
03:40:32.935 [FXGL Background Thread 2 ] DEBUG FXGLAssetLoaderServi - Loading from file system: file:/C:/Users/locro/OneDrive/Desktop/Zombie%20Invaders/target/classes/assets/sounds/enemies/zombie_runner/zombie_runner_dead.wav
03:40:32.939 [FXGL Background Thread 2 ] DEBUG FXGLAssetLoaderServi - Loading from file system: file:/C:/Users/locro/OneDrive/Desktop/Zombie%20Invaders/target/classes/assets/sounds/explosion/grenade/explosion_grenade_1.wav
03:40:32.945 [FXGL Background Thread 2 ] DEBUG FXGLAssetLoaderServi - Loading from file system: file:/C:/Users/locro/OneDrive/Desktop/Zombie%20Invaders/target/classes/assets/sounds/explosion/grenade/explosion_grenade_2.wav
03:40:32.951 [FXGL Background Thread 2 ] DEBUG FXGLAssetLoaderServi - Loading from file system: file:/C:/Users/locro/OneDrive/Desktop/Zombie%20Invaders/target/classes/assets/sounds/explosion/grenade/explosion_grenade_3.wav
03:40:32.960 [FXGL Background Thread 2 ] DEBUG FXGLAssetLoaderServi - Loading from file system: file:/C:/Users/locro/OneDrive/Desktop/Zombie%20Invaders/target/classes/assets/sounds/impact_effects/grenada_pom.wav
03:40:32.966 [FXGL Background Thread 2 ] DEBUG FXGLAssetLoaderServi - Loading from file system: file:/C:/Users/locro/OneDrive/Desktop/Zombie%20Invaders/target/classes/assets/sounds/impact_effects/grenade_drop.wav
03:40:32.973 [FXGL Background Thread 2 ] DEBUG FXGLAssetLoaderServi - Loading from file system: file:/C:/Users/locro/OneDrive/Desktop/Zombie%20Invaders/target/classes/assets/sounds/impact_effects/impact_1.wav
03:40:32.981 [FXGL Background Thread 2 ] DEBUG FXGLAssetLoaderServi - Loading from file system: file:/C:/Users/locro/OneDrive/Desktop/Zombie%20Invaders/target/classes/assets/sounds/impact_effects/impact_3.wav
03:40:32.991 [FXGL Background Thread 2 ] DEBUG FXGLAssetLoaderServi - Loading from file system: file:/C:/Users/locro/OneDrive/Desktop/Zombie%20Invaders/target/classes/assets/sounds/impact_effects/impat_2.wav
03:40:32.998 [FXGL Background Thread 2 ] DEBUG FXGLAssetLoaderServi - Loading from file system: file:/C:/Users/locro/OneDrive/Desktop/Zombie%20Invaders/target/classes/assets/sounds/player/ammoSound/grab_ammo_1.wav
03:40:33.002 [FXGL Background Thread 2 ] DEBUG FXGLAssetLoaderServi - Loading from file system: file:/C:/Users/locro/OneDrive/Desktop/Zombie%20Invaders/target/classes/assets/sounds/player/ammoSound/grab_ammo_2.wav
03:40:33.008 [FXGL Background Thread 2 ] DEBUG FXGLAssetLoaderServi - Loading from file system: file:/C:/Users/locro/OneDrive/Desktop/Zombie%20Invaders/target/classes/assets/sounds/player/cure_1.wav
03:40:33.015 [FXGL Background Thread 2 ] DEBUG FXGLAssetLoaderServi - Loading from file system: file:/C:/Users/locro/OneDrive/Desktop/Zombie%20Invaders/target/classes/assets/sounds/player/dead.wav
03:40:33.021 [FXGL Background Thread 2 ] DEBUG FXGLAssetLoaderServi - Loading from file system: file:/C:/Users/locro/OneDrive/Desktop/Zombie%20Invaders/target/classes/assets/sounds/player/hit_1.wav
03:40:33.027 [FXGL Background Thread 2 ] DEBUG FXGLAssetLoaderServi - Loading from file system: file:/C:/Users/locro/OneDrive/Desktop/Zombie%20Invaders/target/classes/assets/sounds/player/hurt/hurt_1.wav
03:40:33.031 [FXGL Background Thread 2 ] DEBUG FXGLAssetLoaderServi - Loading from file system: file:/C:/Users/locro/OneDrive/Desktop/Zombie%20Invaders/target/classes/assets/sounds/player/hurt/hurt_2.wav
03:40:33.035 [FXGL Background Thread 2 ] DEBUG FXGLAssetLoaderServi - Loading from file system: file:/C:/Users/locro/OneDrive/Desktop/Zombie%20Invaders/target/classes/assets/sounds/player/no_empety.wav
03:40:33.042 [FXGL Background Thread 2 ] DEBUG FXGLAssetLoaderServi - Loading from file system: file:/C:/Users/locro/OneDrive/Desktop/Zombie%20Invaders/target/classes/assets/sounds/player/shoot_1.wav
03:40:33.048 [FXGL Background Thread 2 ] DEBUG FXGLAssetLoaderServi - Loading from file system: file:/C:/Users/locro/OneDrive/Desktop/Zombie%20Invaders/target/classes/assets/sounds/player/steps/step_1.wav
03:40:33.052 [FXGL Background Thread 2 ] DEBUG FXGLAssetLoaderServi - Loading from file system: file:/C:/Users/locro/OneDrive/Desktop/Zombie%20Invaders/target/classes/assets/sounds/player/steps/step_2.wav
03:40:33.057 [FXGL Background Thread 2 ] DEBUG FXGLAssetLoaderServi - Loading from file system: file:/C:/Users/locro/OneDrive/Desktop/Zombie%20Invaders/target/classes/assets/sounds/player/steps/step_3.wav
03:40:33.061 [FXGL Background Thread 2 ] DEBUG FXGLAssetLoaderServi - Loading from file system: file:/C:/Users/locro/OneDrive/Desktop/Zombie%20Invaders/target/classes/assets/sounds/player/steps/step_4.wav
03:40:33.066 [FXGL Background Thread 2 ] DEBUG FXGLAssetLoaderServi - Loading from file system: file:/C:/Users/locro/OneDrive/Desktop/Zombie%20Invaders/target/classes/assets/sounds/player/steps/step_5.wav
03:40:33.070 [FXGL Background Thread 2 ] DEBUG FXGLAssetLoaderServi - Loading from file system: file:/C:/Users/locro/OneDrive/Desktop/Zombie%20Invaders/target/classes/assets/sounds/player/switch_weapon/switch_1.wav
03:40:33.072 [FXGL Background Thread 2 ] DEBUG FXGLAssetLoaderServi - Loading from file system: file:/C:/Users/locro/OneDrive/Desktop/Zombie%20Invaders/target/classes/assets/sounds/player/switch_weapon/switch_2.wav
03:40:33.077 [FXGL Background Thread 2 ] DEBUG FXGLAssetLoaderServi - Loading from file system: file:/C:/Users/locro/OneDrive/Desktop/Zombie%20Invaders/target/classes/assets/sounds/player/switch_weapon/switch_3.wav
03:40:33.081 [FXGL Background Thread 2 ] DEBUG FXGLAssetLoaderServi - Loading from file system: file:/C:/Users/locro/OneDrive/Desktop/Zombie%20Invaders/target/classes/assets/sounds/sonidosUI/ui_change.wav
03:40:33.085 [FXGL Background Thread 2 ] DEBUG FXGLAssetLoaderServi - Loading from file system: file:/C:/Users/locro/OneDrive/Desktop/Zombie%20Invaders/target/classes/assets/sounds/soundsSystem/error.wav
03:40:33.088 [FXGL Background Thread 2 ] DEBUG FXGLAssetLoaderServi - Loading from file system: file:/C:/Users/locro/OneDrive/Desktop/Zombie%20Invaders/target/classes/assets/sounds/weapons/automatic_shotgun/automatic_shotgun_finish.wav
03:40:33.092 [FXGL Background Thread 2 ] DEBUG FXGLAssetLoaderServi - Loading from file system: file:/C:/Users/locro/OneDrive/Desktop/Zombie%20Invaders/target/classes/assets/sounds/weapons/automatic_shotgun/automatic_shotgun_reload.wav
03:40:33.096 [FXGL Background Thread 2 ] DEBUG FXGLAssetLoaderServi - Loading from file system: file:/C:/Users/locro/OneDrive/Desktop/Zombie%20Invaders/target/classes/assets/sounds/weapons/automatic_shotgun/automatic_shotgun_shoot.wav
03:40:33.105 [FXGL Background Thread 2 ] DEBUG FXGLAssetLoaderServi - Loading from file system: file:/C:/Users/locro/OneDrive/Desktop/Zombie%20Invaders/target/classes/assets/sounds/weapons/pistol/pistol_reload.wav
03:40:33.110 [FXGL Background Thread 2 ] DEBUG FXGLAssetLoaderServi - Loading from file system: file:/C:/Users/locro/OneDrive/Desktop/Zombie%20Invaders/target/classes/assets/sounds/weapons/pistol/pistol_shoot.wav
03:40:33.113 [FXGL Background Thread 2 ] DEBUG FXGLAssetLoaderServi - Loading from file system: file:/C:/Users/locro/OneDrive/Desktop/Zombie%20Invaders/target/classes/assets/sounds/weapons/rifle_assault/rifle_assault_reload.wav
03:40:33.116 [FXGL Background Thread 2 ] DEBUG FXGLAssetLoaderServi - Loading from file system: file:/C:/Users/locro/OneDrive/Desktop/Zombie%20Invaders/target/classes/assets/sounds/weapons/rifle_assault/rifle_assault_shoot.wav
03:40:33.121 [FXGL Background Thread 2 ] DEBUG FXGLAssetLoaderServi - Loading from file system: file:/C:/Users/locro/OneDrive/Desktop/Zombie%20Invaders/target/classes/assets/sounds/weapons/uzi/uzi_reload.wav
03:40:33.124 [FXGL Background Thread 2 ] DEBUG FXGLAssetLoaderServi - Loading from file system: file:/C:/Users/locro/OneDrive/Desktop/Zombie%20Invaders/target/classes/assets/sounds/weapons/uzi/uzi_shoot.wav
03:40:33.129 [FXGL Background Thread 2 ] DEBUG FXGLAssetLoaderServi - Loading from file system: file:/C:/Users/locro/OneDrive/Desktop/Zombie%20Invaders/target/classes/assets/music/boss_theme.mp3
03:40:33.171 [FXGL Background Thread 2 ] DEBUG FXGLAssetLoaderServi - Loading from file system: file:/C:/Users/locro/OneDrive/Desktop/Zombie%20Invaders/target/classes/assets/music/Main_menu.mp3
03:40:33.183 [FXGL Background Thread 2 ] DEBUG FXGLAssetLoaderServi - Loading from file system: file:/C:/Users/locro/OneDrive/Desktop/Zombie%20Invaders/target/classes/assets/music/soundtracks/soundtrack_1.mp3
03:40:33.197 [FXGL Background Thread 2 ] DEBUG FXGLAssetLoaderServi - Loading from file system: file:/C:/Users/locro/OneDrive/Desktop/Zombie%20Invaders/target/classes/assets/music/soundtracks/soundtrack_2.mp3
03:40:33.211 [FXGL Background Thread 2 ] DEBUG FXGLAssetLoaderServi - Loading from file system: file:/C:/Users/locro/OneDrive/Desktop/Zombie%20Invaders/target/classes/assets/music/soundtracks/soundtrack_3.mp3
03:40:33.234 [FXGL Background Thread 2 ] DEBUG FXGLAssetLoaderServi - Loading from file system: file:/C:/Users/locro/OneDrive/Desktop/Zombie%20Invaders/target/classes/assets/textures/skins/skin_default/skin_default_uzi.png
03:40:33.253 [FXGL Background Thread 2 ] DEBUG FXGLAssetLoaderServi - Loading from file system: file:/C:/Users/locro/OneDrive/Desktop/Zombie%20Invaders/target/classes/assets/textures/consumibles/box_grenade.png
03:40:33.262 [FXGL Background Thread 2 ] WARN  GameWorld            - Entity is already attached to world
03:40:33.264 [FXGL Background Thread 2 ] DEBUG FXGLAssetLoaderServi - Loading from file system: file:/C:/Users/locro/OneDrive/Desktop/Zombie%20Invaders/target/classes/assets/textures/consumibles/botiquin_small.png
03:40:33.269 [FXGL Background Thread 2 ] WARN  GameWorld            - Entity is already attached to world
03:40:33.283 [FXGL Background Thread 2 ] INFO  FXGLApplication      - Game initialization took: 0,722 sec
03:40:33.284 [JavaFX Application Thread] DEBUG Input                - Clearing active input actions
03:40:33.293 [JavaFX Application Thread] DEBUG GameApplicationServi - Removing overlay from FXGLLoadingScene and adding to GameScene
03:40:33.293 [JavaFX Application Thread] DEBUG PrimaryStageWindow   - FXGLLoadingScene -> GameScene
03:40:33.316 [JavaFX Application Thread] DEBUG FXGLAssetLoaderServi - Loading from file system: file:/C:/Users/locro/OneDrive/Desktop/Zombie%20Invaders/target/classes/assets/textures/enemies/zombie/zombie.png
03:40:34.319 [JavaFX Application Thread] DEBUG PrimaryStageWindow   - Push state: MiMenu
03:40:34.319 [JavaFX Application Thread] DEBUG Input                - Clearing active input actions
03:40:34.321 [JavaFX Application Thread] DEBUG GameApplicationServi - Removing overlay from GameScene and adding to MiMenu
03:40:34.321 [JavaFX Application Thread] DEBUG PrimaryStageWindow   - GameScene -> MiMenu
03:40:35.757 [JavaFX Application Thread] DEBUG PrimaryStageWindow   - Pop state: MiMenu
03:40:35.757 [JavaFX Application Thread] DEBUG Input                - Clearing active input actions
03:40:35.758 [JavaFX Application Thread] DEBUG GameApplicationServi - Removing overlay from MiMenu and adding to GameScene
03:40:35.758 [JavaFX Application Thread] DEBUG PrimaryStageWindow   - GameScene <- MiMenu
03:40:39.081 [JavaFX Application Thread] DEBUG FXGLAssetLoaderServi - Loading from file system: file:/C:/Users/locro/OneDrive/Desktop/Zombie%20Invaders/target/classes/assets/textures/enemies/zombie/zombie_died.png
03:40:39.085 [JavaFX Application Thread] DEBUG FXGLAssetLoaderServi - Loading from file system: file:/C:/Users/locro/OneDrive/Desktop/Zombie%20Invaders/target/classes/assets/textures/effects/blood_1.png
03:40:45.565 [JavaFX Application Thread] DEBUG PrimaryStageWindow   - Push state: DialogSubScene
03:40:45.565 [JavaFX Application Thread] DEBUG Input                - Clearing active input actions
03:40:45.567 [JavaFX Application Thread] DEBUG GameApplicationServi - Removing overlay from GameScene and adding to DialogSubScene
03:40:45.567 [JavaFX Application Thread] DEBUG PrimaryStageWindow   - GameScene -> DialogSubScene
03:40:46.670 [JavaFX Application Thread] DEBUG PrimaryStageWindow   - Pop state: DialogSubScene
03:40:46.670 [JavaFX Application Thread] DEBUG Input                - Clearing active input actions
03:40:46.671 [JavaFX Application Thread] DEBUG GameApplicationServi - Removing overlay from DialogSubScene and adding to GameScene
03:40:46.671 [JavaFX Application Thread] DEBUG PrimaryStageWindow   - GameScene <- DialogSubScene
03:40:46.671 [JavaFX Application Thread] DEBUG PrimaryStageWindow   - Push state: MiMenu
03:40:46.671 [JavaFX Application Thread] DEBUG Input                - Clearing active input actions
03:40:46.672 [JavaFX Application Thread] DEBUG GameApplicationServi - Removing overlay from GameScene and adding to MiMenu
03:40:46.673 [JavaFX Application Thread] DEBUG PrimaryStageWindow   - GameScene -> MiMenu
03:40:47.920 [JavaFX Application Thread] DEBUG PrimaryStageWindow   - Push state: DialogSubScene
03:40:47.920 [JavaFX Application Thread] DEBUG Input                - Clearing active input actions
03:40:47.922 [JavaFX Application Thread] DEBUG GameApplicationServi - Removing overlay from MiMenu and adding to DialogSubScene
03:40:47.922 [JavaFX Application Thread] DEBUG PrimaryStageWindow   - MiMenu -> DialogSubScene
03:41:22.135 [JavaFX Application Thread] DEBUG PrimaryStageWindow   - Pop state: DialogSubScene
03:41:22.135 [JavaFX Application Thread] DEBUG Input                - Clearing active input actions
03:41:22.136 [JavaFX Application Thread] DEBUG GameApplicationServi - Removing overlay from DialogSubScene and adding to MiMenu
03:41:22.136 [JavaFX Application Thread] DEBUG PrimaryStageWindow   - MiMenu <- DialogSubScene
03:41:39.836 [JavaFX Application Thread] DEBUG Menu                 - fireExit()
03:41:39.839 [JavaFX Application Thread] DEBUG PrimaryStageWindow   - Push state: DialogSubScene
03:41:39.839 [JavaFX Application Thread] DEBUG Input                - Clearing active input actions
03:41:39.840 [JavaFX Application Thread] DEBUG GameApplicationServi - Removing overlay from MiMenu and adding to DialogSubScene
03:41:39.841 [JavaFX Application Thread] DEBUG PrimaryStageWindow   - MiMenu -> DialogSubScene
03:41:41.985 [JavaFX Application Thread] DEBUG PrimaryStageWindow   - Pop state: DialogSubScene
03:41:41.985 [JavaFX Application Thread] DEBUG Input                - Clearing active input actions
03:41:41.985 [JavaFX Application Thread] DEBUG GameApplicationServi - Removing overlay from DialogSubScene and adding to MiMenu
03:41:41.985 [JavaFX Application Thread] DEBUG PrimaryStageWindow   - MiMenu <- DialogSubScene
03:41:41.985 [JavaFX Application Thread] DEBUG FXGLApplication      - Exiting FXGL
03:41:41.986 [JavaFX Application Thread] DEBUG LoopRunner           - Stopping loop
03:41:41.986 [JavaFX Application Thread] DEBUG SystemBundleService  - Saving FXGL system data
03:41:41.989 [JavaFX Application Thread] DEBUG FileSystemAccess     - Writing to: C:\Users\locro\OneDrive\Desktop\Zombie Invaders\system\fxgl.bundle
03:41:41.992 [JavaFX Application Thread] DEBUG Async                - Shutting down background threads
03:41:41.992 [JavaFX Application Thread] DEBUG PrimaryStageWindow   - Closing main window
03:41:42.016 [JavaFX Application Thread] DEBUG Logger               - Closing Logger
