03:30:10.942 [main                     ] DEBUG Logger               - Configured Logger
03:30:10.960 [main                     ] DEBUG GameApplication      - Logging settings
Title: Zombie Invaders
Version: 0.1
Width: 1536
Height: 864
Fullscreen: true
Intro: false
Profiling: false
Single step:false
App Mode: DEVELOPER
Menu Key: ESCAPE
Stage Style: DECORATED
Scene Factory: class com.marcosguianfrancojoel.zombie_invaders.MENU.MiEscenaMenu

03:30:11.578 [JavaFX Application Thread] DEBUG FXGLApplication      - Initializing FXGL
03:30:11.587 [JavaFX Application Thread] INFO  Engine               - FXGL-17.3 (30.03.2023 11.49) on WINDOWS (J:21.0.8 FX:21.0.6)
03:30:11.587 [JavaFX Application Thread] DEBUG Engine               - JRE Vendor Name: Eclipse Adoptium
03:30:11.588 [JavaFX Application Thread] DEBUG Engine               - Running on OS: Windows 11 version 10.0
03:30:11.588 [JavaFX Application Thread] DEBUG Engine               - Architecture: amd64
03:30:11.588 [JavaFX Application Thread] INFO  Engine               - Source code and latest versions at: https://github.com/AlmasB/FXGL
03:30:11.588 [JavaFX Application Thread] INFO  Engine               -       Ask questions and discuss at: https://github.com/AlmasB/FXGL/discussions
03:30:11.588 [JavaFX Application Thread] INFO  Engine               -              Join the FXGL chat at: https://gitter.im/AlmasB/FXGL
03:30:11.841 [JavaFX Application Thread] DEBUG PrimaryStageWindow   - Creating a JavaFX scene
03:30:11.935 [JavaFX Application Thread] DEBUG PrimaryStageWindow   - Target settings size: 1536.0 x 864.0
03:30:11.935 [JavaFX Application Thread] DEBUG PrimaryStageWindow   - Scaled scene size:    1536.0 x 864.0
03:30:11.935 [JavaFX Application Thread] DEBUG PrimaryStageWindow   - Scaled ratio: (1.0, 1.0)
03:30:11.937 [JavaFX Application Thread] DEBUG PrimaryStageWindow   - Set initial scene to FXGLStartupScene
03:30:11.946 [JavaFX Application Thread] DEBUG PrimaryStageWindow   - Opening main window
03:30:12.111 [JavaFX Application Thread] DEBUG PrimaryStageWindow   - Window border size: (14.4000244140625, 37.5999755859375)
03:30:12.112 [JavaFX Application Thread] DEBUG PrimaryStageWindow   - Scaled size: 1536.0 x 864.0
03:30:12.112 [JavaFX Application Thread] DEBUG PrimaryStageWindow   - Scaled ratio: (1.0, 1.0)
03:30:12.113 [JavaFX Application Thread] DEBUG PrimaryStageWindow   - Scene size: 1536.0 x 864.0
03:30:12.114 [JavaFX Application Thread] DEBUG PrimaryStageWindow   - Stage size: 1550.4000244140625 x 901.5999755859375
03:30:12.139 [FXGL Background Thread 1 ] DEBUG Engine               - Initializing environment variables
03:30:12.259 [FXGL Background Thread 1 ] DEBUG FXGLAssetLoaderServi - User app class for loading assets: class com.marcosguianfrancojoel.zombie_invaders.GameMain
03:30:12.259 [FXGL Background Thread 1 ] DEBUG GameApplicationServi - Applying CSS: fxgl_dark.css
03:30:12.261 [FXGL Background Thread 1 ] DEBUG FXGLAssetLoaderServi - Loading from file system: jar:file:/C:/Users/locro/.m2/repository/com/github/almasb/fxgl/17.3/fxgl-17.3.jar!/fxglassets/ui/css/fxgl_dark.css
03:30:12.337 [FXGL Background Thread 1 ] DEBUG GameApplicationServi - Initializing application scenes
03:30:12.456 [FXGL Background Thread 1 ] DEBUG GameWorld            - Game world initialized
03:30:12.571 [FXGL Background Thread 1 ] DEBUG PhysicsWorld         - Physics world initialized: appHeight=864, physics.ppm=50,0
03:30:12.571 [FXGL Background Thread 1 ] DEBUG PhysicsWorld         - Using strategy: BRUTE_FORCE
03:30:12.575 [FXGL Background Thread 1 ] DEBUG GameScene            - Game scene initialized: 1536x864
03:30:12.588 [FXGL Background Thread 1 ] DEBUG FXGLAssetLoaderServi - Loading from file system: file:/C:/Users/locro/OneDrive/Desktop/Zombie%20Invaders/target/classes/assets/textures/ui/fondoMenu.png
03:30:12.665 [FXGL Background Thread 1 ] DEBUG GameApplicationServi - Application scenes initialized
03:30:12.697 [FXGL Background Thread 1 ] DEBUG SystemBundleService  - Loading FXGL system data
03:30:12.704 [FXGL Background Thread 1 ] DEBUG FileSystemAccess     - Reading from: C:\Users\locro\OneDrive\Desktop\Zombie Invaders\system\fxgl.bundle
03:30:12.719 [FXGL Background Thread 1 ] DEBUG SystemBundleService  - Bundle FXGL: {}
03:30:12.720 [FXGL Background Thread 1 ] DEBUG UpdaterService       - Checking for updates
03:30:12.729 [FXGL Background Thread 4 ] DEBUG FXGLApplication      - Loading fonts
03:30:12.730 [FXGL Background Thread 4 ] DEBUG FXGLAssetLoaderServi - Loading from file system: jar:file:/C:/Users/locro/.m2/repository/com/github/almasb/fxgl/17.3/fxgl-17.3.jar!/fxglassets/ui/fonts/VarelaRound-Regular.ttf
03:30:12.732 [FXGL Background Thread 1 ] DEBUG FXGLApplication      - Loading default localization
03:30:12.734 [FXGL Background Thread 1 ] DEBUG FXGLAssetLoaderServi - Loading from file system: jar:file:/C:/Users/locro/.m2/repository/com/github/almasb/fxgl/17.3/fxgl-17.3.jar!/fxglassets/languages/english.lang
03:30:12.802 [FXGL Background Thread 1 ] INFO  FXGLApplication      - FXGL initialization took: 0,664 sec
03:30:12.803 [FXGL Background Thread 4 ] DEBUG FXGLAssetLoaderServi - Loading from file system: jar:file:/C:/Users/locro/.m2/repository/com/github/almasb/fxgl/17.3/fxgl-17.3.jar!/fxglassets/ui/fonts/Abel-Regular.ttf
03:30:12.809 [FXGL Background Thread 4 ] DEBUG FXGLAssetLoaderServi - Loading from file system: jar:file:/C:/Users/locro/.m2/repository/com/github/almasb/fxgl/17.3/fxgl-17.3.jar!/fxglassets/ui/fonts/TerminalLandMono-Regular.otf
03:30:12.815 [FXGL Background Thread 4 ] DEBUG FXGLAssetLoaderServi - Loading from file system: jar:file:/C:/Users/locro/.m2/repository/com/github/almasb/fxgl/17.3/fxgl-17.3.jar!/fxglassets/ui/fonts/Courier-Prime.ttf
03:30:12.824 [JavaFX Application Thread] DEBUG Input                - Registered new binding: Arriba - W
03:30:12.824 [JavaFX Application Thread] DEBUG Input                - Registered new binding: Abajo - S
03:30:12.825 [JavaFX Application Thread] DEBUG Input                - Registered new binding: Izquierda - A
03:30:12.825 [JavaFX Application Thread] DEBUG Input                - Registered new binding: Derecha - D
03:30:12.826 [JavaFX Application Thread] DEBUG Input                - Registered new binding: Cargar_municion - R
03:30:12.826 [JavaFX Application Thread] DEBUG Input                - Registered new binding: CambiarArmaSiguiente - Q
03:30:12.829 [JavaFX Application Thread] DEBUG Input                - Registered new binding: CambiarArmaAnterior - E
03:30:12.832 [JavaFX Application Thread] DEBUG Input                - Registered new binding: Disparar - LMB
03:30:12.833 [JavaFX Application Thread] DEBUG FXGLAssetLoaderServi - Loading from file system: file:/C:/Users/locro/OneDrive/Desktop/Zombie%20Invaders/target/classes/assets/textures/icon.png
03:30:12.894 [JavaFX Application Thread] DEBUG FXGLAssetLoaderServi - Loading from file system: jar:file:/C:/Users/locro/.m2/repository/com/github/almasb/fxgl/17.3/fxgl-17.3.jar!/fxglassets/textures/fxgl_default_cursor.png
03:30:12.898 [JavaFX Application Thread] DEBUG Input                - Registered new binding: Screenshot - CTRL+8
03:30:12.900 [JavaFX Application Thread] DEBUG Input                - Registered new binding: System info dump - CTRL+9
03:30:12.901 [JavaFX Application Thread] DEBUG Input                - Registered new binding: Restart - CTRL+R
03:30:12.902 [JavaFX Application Thread] DEBUG Input                - Registered new binding: Toggle Debug Camera - CTRL+7
03:30:12.940 [JavaFX Application Thread] DEBUG LoopRunner           - Starting loop
03:30:12.940 [JavaFX Application Thread] DEBUG LoopRunner           - Initializing JavaFX AnimationTimerLoop
03:30:12.975 [JavaFX Application Thread] DEBUG Input                - Clearing active input actions
03:30:12.995 [JavaFX Application Thread] DEBUG GameApplicationServi - Removing overlay from FXGLStartupScene and adding to FXGLMainMenuDummyScene
03:30:12.996 [JavaFX Application Thread] DEBUG PrimaryStageWindow   - FXGLStartupScene -> FXGLMainMenuDummyScene
03:30:12.999 [JavaFX Application Thread] DEBUG PrimaryStageWindow   - Push state: MiMenu
03:30:12.999 [JavaFX Application Thread] DEBUG Input                - Clearing active input actions
03:30:13.036 [JavaFX Application Thread] DEBUG GameApplicationServi - Removing overlay from FXGLMainMenuDummyScene and adding to MiMenu
03:30:13.037 [JavaFX Application Thread] DEBUG PrimaryStageWindow   - FXGLMainMenuDummyScene -> MiMenu
03:30:13.037 [JavaFX Application Thread] DEBUG FXGLApplication      - Registering font factories with UI factory
03:30:13.562 [FXGL Background Thread 2 ] INFO  UpdaterService       - Your current version:  17.3
03:30:13.562 [FXGL Background Thread 2 ] INFO  UpdaterService       - Latest stable version: 21.1
03:30:14.337 [JavaFX Application Thread] DEBUG FXGLAssetLoaderServi - Loading from file system: file:/C:/Users/locro/OneDrive/Desktop/Zombie%20Invaders/target/classes/assets/sounds/sonidosUI/ui_click.wav
03:30:14.437 [JavaFX Application Thread] DEBUG Menu                 - fireNewGame()
03:30:14.437 [JavaFX Application Thread] DEBUG GameApplicationServi - Starting new game
03:30:14.437 [JavaFX Application Thread] DEBUG PrimaryStageWindow   - Pop state: MiMenu
03:30:14.437 [JavaFX Application Thread] DEBUG Input                - Clearing active input actions
03:30:14.438 [JavaFX Application Thread] DEBUG GameApplicationServi - Removing overlay from MiMenu and adding to FXGLMainMenuDummyScene
03:30:14.439 [JavaFX Application Thread] DEBUG PrimaryStageWindow   - FXGLMainMenuDummyScene <- MiMenu
03:30:14.439 [JavaFX Application Thread] DEBUG Input                - Clearing active input actions
03:30:14.457 [JavaFX Application Thread] DEBUG GameApplicationServi - Removing overlay from FXGLMainMenuDummyScene and adding to FXGLLoadingScene
03:30:14.457 [JavaFX Application Thread] DEBUG PrimaryStageWindow   - FXGLMainMenuDummyScene -> FXGLLoadingScene
03:30:14.457 [JavaFX Application Thread] DEBUG GameApplicationServi - Clearing previous game
03:30:14.457 [JavaFX Application Thread] DEBUG GameScene            - Clearing game scene
03:30:14.457 [JavaFX Application Thread] DEBUG GameWorld            - Clearing game world
03:30:14.457 [JavaFX Application Thread] DEBUG PhysicsWorld         - Clearing physics world
03:30:14.463 [FXGL Background Thread 2 ] DEBUG FXGLApplication      - Initializing game
03:30:14.514 [FXGL Background Thread 2 ] DEBUG FXGLAssetLoaderServi - Loading from file system: file:/C:/Users/locro/OneDrive/Desktop/Zombie%20Invaders/target/classes/assets/textures/maps/level_1.png
03:30:14.686 [FXGL Background Thread 2 ] WARN  FXGLAssetLoaderServi - Asset "/assets/textures/skin_default_pistol.png" was not found!
03:30:14.688 [FXGL Background Thread 2 ] WARN  FXGLAssetLoaderServi - Failed to load RESIZABLE_IMAGE
03:30:14.764 [FXGL Background Thread 2 ] DEBUG FXGLAssetLoaderServi - Loading from file system: file:/C:/Users/locro/OneDrive/Desktop/Zombie%20Invaders/target/classes/assets/sounds/enemies/zombie/groar/zombie_groar_1.wav
03:30:14.770 [FXGL Background Thread 2 ] DEBUG FXGLAssetLoaderServi - Loading from file system: file:/C:/Users/locro/OneDrive/Desktop/Zombie%20Invaders/target/classes/assets/sounds/enemies/zombie/groar/zombie_groar_2.wav
03:30:14.774 [FXGL Background Thread 2 ] DEBUG FXGLAssetLoaderServi - Loading from file system: file:/C:/Users/locro/OneDrive/Desktop/Zombie%20Invaders/target/classes/assets/sounds/enemies/zombie/groar/zombie_groar_3.wav
03:30:14.780 [FXGL Background Thread 2 ] DEBUG FXGLAssetLoaderServi - Loading from file system: file:/C:/Users/locro/OneDrive/Desktop/Zombie%20Invaders/target/classes/assets/sounds/enemies/zombie/groar/zombie_groar_4.wav
03:30:14.785 [FXGL Background Thread 2 ] DEBUG FXGLAssetLoaderServi - Loading from file system: file:/C:/Users/locro/OneDrive/Desktop/Zombie%20Invaders/target/classes/assets/sounds/enemies/zombie/horde_sound.wav
03:30:14.793 [FXGL Background Thread 2 ] DEBUG FXGLAssetLoaderServi - Loading from file system: file:/C:/Users/locro/OneDrive/Desktop/Zombie%20Invaders/target/classes/assets/sounds/enemies/zombie/zombie_dead.wav
03:30:14.798 [FXGL Background Thread 2 ] DEBUG FXGLAssetLoaderServi - Loading from file system: file:/C:/Users/locro/OneDrive/Desktop/Zombie%20Invaders/target/classes/assets/sounds/enemies/zombie_fat/groar/zombie_groar_1.wav
03:30:14.802 [FXGL Background Thread 2 ] DEBUG FXGLAssetLoaderServi - Loading from file system: file:/C:/Users/locro/OneDrive/Desktop/Zombie%20Invaders/target/classes/assets/sounds/enemies/zombie_fat/groar/zombie_groar_2.wav
03:30:14.807 [FXGL Background Thread 2 ] DEBUG FXGLAssetLoaderServi - Loading from file system: file:/C:/Users/locro/OneDrive/Desktop/Zombie%20Invaders/target/classes/assets/sounds/enemies/zombie_fat/groar/zombie_groar_3.wav
03:30:14.812 [FXGL Background Thread 2 ] DEBUG FXGLAssetLoaderServi - Loading from file system: file:/C:/Users/locro/OneDrive/Desktop/Zombie%20Invaders/target/classes/assets/sounds/enemies/zombie_fat/groar/zombie_groar_4.wav
03:30:14.817 [FXGL Background Thread 2 ] DEBUG FXGLAssetLoaderServi - Loading from file system: file:/C:/Users/locro/OneDrive/Desktop/Zombie%20Invaders/target/classes/assets/sounds/enemies/zombie_fat/zombie_fat_dead.wav
03:30:14.820 [FXGL Background Thread 2 ] DEBUG FXGLAssetLoaderServi - Loading from file system: file:/C:/Users/locro/OneDrive/Desktop/Zombie%20Invaders/target/classes/assets/sounds/enemies/zombie_runner/groar/zombie_groar_1.wav
03:30:14.823 [FXGL Background Thread 2 ] DEBUG FXGLAssetLoaderServi - Loading from file system: file:/C:/Users/locro/OneDrive/Desktop/Zombie%20Invaders/target/classes/assets/sounds/enemies/zombie_runner/groar/zombie_groar_2.wav
03:30:14.832 [FXGL Background Thread 2 ] DEBUG FXGLAssetLoaderServi - Loading from file system: file:/C:/Users/locro/OneDrive/Desktop/Zombie%20Invaders/target/classes/assets/sounds/enemies/zombie_runner/groar/zombie_groar_3.wav
03:30:14.838 [FXGL Background Thread 2 ] DEBUG FXGLAssetLoaderServi - Loading from file system: file:/C:/Users/locro/OneDrive/Desktop/Zombie%20Invaders/target/classes/assets/sounds/enemies/zombie_runner/groar/zombie_groar_4.wav
03:30:14.847 [FXGL Background Thread 2 ] DEBUG FXGLAssetLoaderServi - Loading from file system: file:/C:/Users/locro/OneDrive/Desktop/Zombie%20Invaders/target/classes/assets/sounds/enemies/zombie_runner/zombie_runner_dead.wav
03:30:14.855 [FXGL Background Thread 2 ] DEBUG FXGLAssetLoaderServi - Loading from file system: file:/C:/Users/locro/OneDrive/Desktop/Zombie%20Invaders/target/classes/assets/sounds/explosion/grenade/explosion_grenade_1.wav
03:30:14.866 [FXGL Background Thread 2 ] DEBUG FXGLAssetLoaderServi - Loading from file system: file:/C:/Users/locro/OneDrive/Desktop/Zombie%20Invaders/target/classes/assets/sounds/explosion/grenade/explosion_grenade_2.wav
03:30:14.871 [FXGL Background Thread 2 ] DEBUG FXGLAssetLoaderServi - Loading from file system: file:/C:/Users/locro/OneDrive/Desktop/Zombie%20Invaders/target/classes/assets/sounds/explosion/grenade/explosion_grenade_3.wav
03:30:14.877 [FXGL Background Thread 2 ] DEBUG FXGLAssetLoaderServi - Loading from file system: file:/C:/Users/locro/OneDrive/Desktop/Zombie%20Invaders/target/classes/assets/sounds/impact_effects/grenada_pom.wav
03:30:14.884 [FXGL Background Thread 2 ] DEBUG FXGLAssetLoaderServi - Loading from file system: file:/C:/Users/locro/OneDrive/Desktop/Zombie%20Invaders/target/classes/assets/sounds/impact_effects/grenade_drop.wav
03:30:14.890 [FXGL Background Thread 2 ] DEBUG FXGLAssetLoaderServi - Loading from file system: file:/C:/Users/locro/OneDrive/Desktop/Zombie%20Invaders/target/classes/assets/sounds/impact_effects/impact_1.wav
03:30:14.901 [FXGL Background Thread 2 ] DEBUG FXGLAssetLoaderServi - Loading from file system: file:/C:/Users/locro/OneDrive/Desktop/Zombie%20Invaders/target/classes/assets/sounds/impact_effects/impact_3.wav
03:30:14.914 [FXGL Background Thread 2 ] DEBUG FXGLAssetLoaderServi - Loading from file system: file:/C:/Users/locro/OneDrive/Desktop/Zombie%20Invaders/target/classes/assets/sounds/impact_effects/impat_2.wav
03:30:14.920 [FXGL Background Thread 2 ] DEBUG FXGLAssetLoaderServi - Loading from file system: file:/C:/Users/locro/OneDrive/Desktop/Zombie%20Invaders/target/classes/assets/sounds/player/ammoSound/grab_ammo_1.wav
03:30:14.927 [FXGL Background Thread 2 ] DEBUG FXGLAssetLoaderServi - Loading from file system: file:/C:/Users/locro/OneDrive/Desktop/Zombie%20Invaders/target/classes/assets/sounds/player/ammoSound/grab_ammo_2.wav
03:30:14.931 [FXGL Background Thread 2 ] DEBUG FXGLAssetLoaderServi - Loading from file system: file:/C:/Users/locro/OneDrive/Desktop/Zombie%20Invaders/target/classes/assets/sounds/player/cure_1.wav
03:30:14.938 [FXGL Background Thread 2 ] DEBUG FXGLAssetLoaderServi - Loading from file system: file:/C:/Users/locro/OneDrive/Desktop/Zombie%20Invaders/target/classes/assets/sounds/player/dead.wav
03:30:14.945 [FXGL Background Thread 2 ] DEBUG FXGLAssetLoaderServi - Loading from file system: file:/C:/Users/locro/OneDrive/Desktop/Zombie%20Invaders/target/classes/assets/sounds/player/hit_1.wav
03:30:14.951 [FXGL Background Thread 2 ] DEBUG FXGLAssetLoaderServi - Loading from file system: file:/C:/Users/locro/OneDrive/Desktop/Zombie%20Invaders/target/classes/assets/sounds/player/hurt/hurt_1.wav
03:30:14.957 [FXGL Background Thread 2 ] DEBUG FXGLAssetLoaderServi - Loading from file system: file:/C:/Users/locro/OneDrive/Desktop/Zombie%20Invaders/target/classes/assets/sounds/player/hurt/hurt_2.wav
03:30:14.962 [FXGL Background Thread 2 ] DEBUG FXGLAssetLoaderServi - Loading from file system: file:/C:/Users/locro/OneDrive/Desktop/Zombie%20Invaders/target/classes/assets/sounds/player/no_empety.wav
03:30:14.970 [FXGL Background Thread 2 ] DEBUG FXGLAssetLoaderServi - Loading from file system: file:/C:/Users/locro/OneDrive/Desktop/Zombie%20Invaders/target/classes/assets/sounds/player/shoot_1.wav
03:30:14.976 [FXGL Background Thread 2 ] DEBUG FXGLAssetLoaderServi - Loading from file system: file:/C:/Users/locro/OneDrive/Desktop/Zombie%20Invaders/target/classes/assets/sounds/player/steps/step_1.wav
03:30:14.982 [FXGL Background Thread 2 ] DEBUG FXGLAssetLoaderServi - Loading from file system: file:/C:/Users/locro/OneDrive/Desktop/Zombie%20Invaders/target/classes/assets/sounds/player/steps/step_2.wav
03:30:14.988 [FXGL Background Thread 2 ] DEBUG FXGLAssetLoaderServi - Loading from file system: file:/C:/Users/locro/OneDrive/Desktop/Zombie%20Invaders/target/classes/assets/sounds/player/steps/step_3.wav
03:30:14.993 [FXGL Background Thread 2 ] DEBUG FXGLAssetLoaderServi - Loading from file system: file:/C:/Users/locro/OneDrive/Desktop/Zombie%20Invaders/target/classes/assets/sounds/player/steps/step_4.wav
03:30:15.000 [FXGL Background Thread 2 ] DEBUG FXGLAssetLoaderServi - Loading from file system: file:/C:/Users/locro/OneDrive/Desktop/Zombie%20Invaders/target/classes/assets/sounds/player/steps/step_5.wav
03:30:15.005 [FXGL Background Thread 2 ] DEBUG FXGLAssetLoaderServi - Loading from file system: file:/C:/Users/locro/OneDrive/Desktop/Zombie%20Invaders/target/classes/assets/sounds/player/switch_weapon/switch_1.wav
03:30:15.009 [FXGL Background Thread 2 ] DEBUG FXGLAssetLoaderServi - Loading from file system: file:/C:/Users/locro/OneDrive/Desktop/Zombie%20Invaders/target/classes/assets/sounds/player/switch_weapon/switch_2.wav
03:30:15.014 [FXGL Background Thread 2 ] DEBUG FXGLAssetLoaderServi - Loading from file system: file:/C:/Users/locro/OneDrive/Desktop/Zombie%20Invaders/target/classes/assets/sounds/player/switch_weapon/switch_3.wav
03:30:15.017 [FXGL Background Thread 2 ] DEBUG FXGLAssetLoaderServi - Loading from file system: file:/C:/Users/locro/OneDrive/Desktop/Zombie%20Invaders/target/classes/assets/sounds/sonidosUI/ui_change.wav
03:30:15.022 [FXGL Background Thread 2 ] DEBUG FXGLAssetLoaderServi - Loading from file system: file:/C:/Users/locro/OneDrive/Desktop/Zombie%20Invaders/target/classes/assets/sounds/sonidosUI/ui_error.wav
03:30:15.026 [FXGL Background Thread 2 ] DEBUG FXGLAssetLoaderServi - Loading from file system: file:/C:/Users/locro/OneDrive/Desktop/Zombie%20Invaders/target/classes/assets/sounds/soundsSystem/error.wav
03:30:15.029 [FXGL Background Thread 2 ] DEBUG FXGLAssetLoaderServi - Loading from file system: file:/C:/Users/locro/OneDrive/Desktop/Zombie%20Invaders/target/classes/assets/sounds/weapons/automatic_shotgun/automatic_shotgun_finish.wav
03:30:15.032 [FXGL Background Thread 2 ] DEBUG FXGLAssetLoaderServi - Loading from file system: file:/C:/Users/locro/OneDrive/Desktop/Zombie%20Invaders/target/classes/assets/sounds/weapons/automatic_shotgun/automatic_shotgun_reload.wav
03:30:15.036 [FXGL Background Thread 2 ] DEBUG FXGLAssetLoaderServi - Loading from file system: file:/C:/Users/locro/OneDrive/Desktop/Zombie%20Invaders/target/classes/assets/sounds/weapons/automatic_shotgun/automatic_shotgun_shoot.wav
03:30:15.039 [FXGL Background Thread 2 ] DEBUG FXGLAssetLoaderServi - Loading from file system: file:/C:/Users/locro/OneDrive/Desktop/Zombie%20Invaders/target/classes/assets/sounds/weapons/pistol/pistol_reload.wav
03:30:15.045 [FXGL Background Thread 2 ] DEBUG FXGLAssetLoaderServi - Loading from file system: file:/C:/Users/locro/OneDrive/Desktop/Zombie%20Invaders/target/classes/assets/sounds/weapons/pistol/pistol_shoot.wav
03:30:15.049 [FXGL Background Thread 2 ] DEBUG FXGLAssetLoaderServi - Loading from file system: file:/C:/Users/locro/OneDrive/Desktop/Zombie%20Invaders/target/classes/assets/sounds/weapons/rifle_assault/rifle_assault_reload.wav
03:30:15.053 [FXGL Background Thread 2 ] DEBUG FXGLAssetLoaderServi - Loading from file system: file:/C:/Users/locro/OneDrive/Desktop/Zombie%20Invaders/target/classes/assets/sounds/weapons/rifle_assault/rifle_assault_shoot.wav
03:30:15.058 [FXGL Background Thread 2 ] DEBUG FXGLAssetLoaderServi - Loading from file system: file:/C:/Users/locro/OneDrive/Desktop/Zombie%20Invaders/target/classes/assets/sounds/weapons/uzi/uzi_reload.wav
03:30:15.062 [FXGL Background Thread 2 ] DEBUG FXGLAssetLoaderServi - Loading from file system: file:/C:/Users/locro/OneDrive/Desktop/Zombie%20Invaders/target/classes/assets/sounds/weapons/uzi/uzi_shoot.wav
03:30:15.067 [FXGL Background Thread 2 ] DEBUG FXGLAssetLoaderServi - Loading from file system: file:/C:/Users/locro/OneDrive/Desktop/Zombie%20Invaders/target/classes/assets/music/boss_theme.mp3
03:30:15.103 [FXGL Background Thread 2 ] DEBUG FXGLAssetLoaderServi - Loading from file system: file:/C:/Users/locro/OneDrive/Desktop/Zombie%20Invaders/target/classes/assets/music/Main_menu.mp3
03:30:15.112 [FXGL Background Thread 2 ] DEBUG FXGLAssetLoaderServi - Loading from file system: file:/C:/Users/locro/OneDrive/Desktop/Zombie%20Invaders/target/classes/assets/music/soundtracks/soundtrack_1.mp3
03:30:15.119 [FXGL Background Thread 2 ] DEBUG FXGLAssetLoaderServi - Loading from file system: file:/C:/Users/locro/OneDrive/Desktop/Zombie%20Invaders/target/classes/assets/music/soundtracks/soundtrack_2.mp3
03:30:15.127 [FXGL Background Thread 2 ] DEBUG FXGLAssetLoaderServi - Loading from file system: file:/C:/Users/locro/OneDrive/Desktop/Zombie%20Invaders/target/classes/assets/music/soundtracks/soundtrack_3.mp3
03:30:15.143 [FXGL Background Thread 2 ] DEBUG FXGLAssetLoaderServi - Loading from file system: file:/C:/Users/locro/OneDrive/Desktop/Zombie%20Invaders/target/classes/assets/textures/skins/skin_default/skin_default_uzi.png
03:30:15.180 [FXGL Background Thread 2 ] DEBUG FXGLAssetLoaderServi - Loading from file system: file:/C:/Users/locro/OneDrive/Desktop/Zombie%20Invaders/target/classes/assets/textures/consumibles/box_grenade.png
03:30:15.207 [FXGL Background Thread 2 ] WARN  GameWorld            - Entity is already attached to world
03:30:15.209 [FXGL Background Thread 2 ] DEBUG FXGLAssetLoaderServi - Loading from file system: file:/C:/Users/locro/OneDrive/Desktop/Zombie%20Invaders/target/classes/assets/textures/consumibles/botiquin_small.png
03:30:15.222 [FXGL Background Thread 2 ] WARN  GameWorld            - Entity is already attached to world
03:30:15.243 [FXGL Background Thread 2 ] INFO  FXGLApplication      - Game initialization took: 0,780 sec
03:30:15.245 [JavaFX Application Thread] DEBUG Input                - Clearing active input actions
03:30:15.252 [JavaFX Application Thread] DEBUG GameApplicationServi - Removing overlay from FXGLLoadingScene and adding to GameScene
03:30:15.253 [JavaFX Application Thread] DEBUG PrimaryStageWindow   - FXGLLoadingScene -> GameScene
03:30:15.260 [JavaFX Application Thread] DEBUG FXGLAssetLoaderServi - Loading from file system: file:/C:/Users/locro/OneDrive/Desktop/Zombie%20Invaders/target/classes/assets/textures/enemies/zombie/zombie.png
03:30:15.726 [FXGL Background Thread 3 ] DEBUG Engine               - Logging environment variables
03:30:15.726 [FXGL Background Thread 3 ] DEBUG Engine               - achievements: []
03:30:15.727 [FXGL Background Thread 3 ] DEBUG Engine               - actualHeight: 864.0
03:30:15.728 [FXGL Background Thread 3 ] DEBUG Engine               - actualHeightProperty: ReadOnlyDoubleProperty [value: 864.0]
03:30:15.728 [FXGL Background Thread 3 ] DEBUG Engine               - actualWidth: 1536.0
03:30:15.728 [FXGL Background Thread 3 ] DEBUG Engine               - actualWidthProperty: ReadOnlyDoubleProperty [value: 1536.0]
03:30:15.728 [FXGL Background Thread 3 ] DEBUG Engine               - appIcon: icon.png
03:30:15.728 [FXGL Background Thread 3 ] DEBUG Engine               - applicationMode: DEVELOPER
03:30:15.728 [FXGL Background Thread 3 ] DEBUG Engine               - cSSList: [fxgl_dark.css]
03:30:15.728 [FXGL Background Thread 3 ] DEBUG Engine               - collisionDetectionStrategy: BRUTE_FORCE
03:30:15.728 [FXGL Background Thread 3 ] DEBUG Engine               - configClass: Optional.empty
03:30:15.728 [FXGL Background Thread 3 ] DEBUG Engine               - credits: []
03:30:15.729 [FXGL Background Thread 3 ] DEBUG Engine               - defaultCursor: CursorInfo(imageName=fxgl_default_cursor.png, hotspotX=7.0, hotspotY=6.0)
03:30:15.729 [FXGL Background Thread 3 ] DEBUG Engine               - devBBoxColorProperty: ObjectProperty [value: 0xff0000ff]
03:30:15.729 [FXGL Background Thread 3 ] DEBUG Engine               - devEnableDebugCameraProperty: BooleanProperty [value: false]
03:30:15.729 [FXGL Background Thread 3 ] DEBUG Engine               - devSensorColorProperty: ObjectProperty [value: 0xffff00ff]
03:30:15.730 [FXGL Background Thread 3 ] DEBUG Engine               - devShowBBoxProperty: BooleanProperty [value: false]
03:30:15.730 [FXGL Background Thread 3 ] DEBUG Engine               - devShowPositionProperty: BooleanProperty [value: false]
03:30:15.730 [FXGL Background Thread 3 ] DEBUG Engine               - enabledMenuItems: []
03:30:15.730 [FXGL Background Thread 3 ] DEBUG Engine               - engineServices: [class com.almasb.fxgl.app.services.FXGLAssetLoaderService, class com.almasb.fxgl.app.FXGLApplication$GameApplicationService, class com.almasb.fxgl.app.services.FXGLDialogService, class com.almasb.fxgl.app.services.IOTaskExecutorService, class com.almasb.fxgl.io.FileSystemService, class com.almasb.fxgl.localization.LocalizationService, class com.almasb.fxgl.app.services.SystemBundleService, class com.almasb.fxgl.profile.SaveLoadService, class com.almasb.fxgl.ui.FXGLUIFactoryServiceProvider, class com.almasb.fxgl.ui.FXGLDialogFactoryServiceProvider, class com.almasb.fxgl.audio.AudioPlayer, class com.almasb.fxgl.notification.impl.NotificationServiceProvider, class com.almasb.fxgl.achievement.AchievementService, class com.almasb.fxgl.cutscene.CutsceneService, class com.almasb.fxgl.minigames.MiniGameService, class com.almasb.fxgl.net.NetService, class com.almasb.fxgl.app.services.UpdaterService, class com.almasb.fxgl.dev.DevService]
03:30:15.730 [FXGL Background Thread 3 ] DEBUG Engine               - fontGame: Abel-Regular.ttf
03:30:15.730 [FXGL Background Thread 3 ] DEBUG Engine               - fontMono: TerminalLandMono-Regular.otf
03:30:15.730 [FXGL Background Thread 3 ] DEBUG Engine               - fontSizeScaleUI: 1.0
03:30:15.730 [FXGL Background Thread 3 ] DEBUG Engine               - fontText: Courier-Prime.ttf
03:30:15.730 [FXGL Background Thread 3 ] DEBUG Engine               - fontUI: VarelaRound-Regular.ttf
03:30:15.730 [FXGL Background Thread 3 ] DEBUG Engine               - fullScreen: BooleanProperty [value: false]
03:30:15.730 [FXGL Background Thread 3 ] DEBUG Engine               - gameDifficulty: MEDIUM
03:30:15.730 [FXGL Background Thread 3 ] DEBUG Engine               - gameDifficultyProperty: ObjectProperty [value: MEDIUM]
03:30:15.730 [FXGL Background Thread 3 ] DEBUG Engine               - globalMusicVolume: 0.5
03:30:15.730 [FXGL Background Thread 3 ] DEBUG Engine               - globalMusicVolumeProperty: DoubleProperty [value: 0.5]
03:30:15.730 [FXGL Background Thread 3 ] DEBUG Engine               - globalSoundVolume: 0.5
03:30:15.730 [FXGL Background Thread 3 ] DEBUG Engine               - globalSoundVolumeProperty: DoubleProperty [value: 0.5]
03:30:15.730 [FXGL Background Thread 3 ] DEBUG Engine               - height: 864
03:30:15.730 [FXGL Background Thread 3 ] DEBUG Engine               - is3D: false
03:30:15.730 [FXGL Background Thread 3 ] DEBUG Engine               - isAndroid: false
03:30:15.730 [FXGL Background Thread 3 ] DEBUG Engine               - isBrowser: false
03:30:15.730 [FXGL Background Thread 3 ] DEBUG Engine               - isClickFeedbackEnabled: false
03:30:15.730 [FXGL Background Thread 3 ] DEBUG Engine               - isCloseConfirmation: false
03:30:15.730 [FXGL Background Thread 3 ] DEBUG Engine               - isDesktop: true
03:30:15.730 [FXGL Background Thread 3 ] DEBUG Engine               - isDeveloperMenuEnabled: false
03:30:15.730 [FXGL Background Thread 3 ] DEBUG Engine               - isEmbedded: false
03:30:15.730 [FXGL Background Thread 3 ] DEBUG Engine               - isEntityPreloadEnabled: true
03:30:15.730 [FXGL Background Thread 3 ] DEBUG Engine               - isExperimentalTiledLargeMap: false
03:30:15.730 [FXGL Background Thread 3 ] DEBUG Engine               - isFileSystemWriteAllowed: true
03:30:15.731 [FXGL Background Thread 3 ] DEBUG Engine               - isFullScreenAllowed: true
03:30:15.731 [FXGL Background Thread 3 ] DEBUG Engine               - isFullScreenFromStart: false
03:30:15.731 [FXGL Background Thread 3 ] DEBUG Engine               - isGameMenuEnabled: true
03:30:15.731 [FXGL Background Thread 3 ] DEBUG Engine               - isIOS: false
03:30:15.731 [FXGL Background Thread 3 ] DEBUG Engine               - isIntroEnabled: false
03:30:15.731 [FXGL Background Thread 3 ] DEBUG Engine               - isLinux: false
03:30:15.731 [FXGL Background Thread 3 ] DEBUG Engine               - isMac: false
03:30:15.731 [FXGL Background Thread 3 ] DEBUG Engine               - isMainMenuEnabled: true
03:30:15.731 [FXGL Background Thread 3 ] DEBUG Engine               - isManualResizeEnabled: true
03:30:15.731 [FXGL Background Thread 3 ] DEBUG Engine               - isMobile: false
03:30:15.731 [FXGL Background Thread 3 ] DEBUG Engine               - isNative: false
03:30:15.731 [FXGL Background Thread 3 ] DEBUG Engine               - isPauseMusicWhenMinimized: true
03:30:15.731 [FXGL Background Thread 3 ] DEBUG Engine               - isPreserveResizeRatio: false
03:30:15.731 [FXGL Background Thread 3 ] DEBUG Engine               - isProfilingEnabled: false
03:30:15.731 [FXGL Background Thread 3 ] DEBUG Engine               - isScaleAffectedOnResize: true
03:30:15.731 [FXGL Background Thread 3 ] DEBUG Engine               - isSingleStep: false
03:30:15.731 [FXGL Background Thread 3 ] DEBUG Engine               - isUserProfileEnabled: false
03:30:15.731 [FXGL Background Thread 3 ] DEBUG Engine               - isWindows: true
03:30:15.731 [FXGL Background Thread 3 ] DEBUG Engine               - language: ObjectProperty [value: ENGLISH]
03:30:15.731 [FXGL Background Thread 3 ] DEBUG Engine               - menuKey: ESCAPE
03:30:15.731 [FXGL Background Thread 3 ] DEBUG Engine               - mouseSensitivity: 0.2
03:30:15.731 [FXGL Background Thread 3 ] DEBUG Engine               - notificationViewClass: class com.almasb.fxgl.notification.view.XboxNotificationView
03:30:15.731 [FXGL Background Thread 3 ] DEBUG Engine               - pixelsPerMeter: 50.0
03:30:15.732 [FXGL Background Thread 3 ] DEBUG Engine               - platform: WINDOWS
03:30:15.732 [FXGL Background Thread 3 ] DEBUG Engine               - prefHeightProperty: ReadOnlyDoubleProperty [value: 864.0]
03:30:15.732 [FXGL Background Thread 3 ] DEBUG Engine               - prefWidthProperty: ReadOnlyDoubleProperty [value: 1536.0]
03:30:15.732 [FXGL Background Thread 3 ] DEBUG Engine               - profileDir: profiles/
03:30:15.732 [FXGL Background Thread 3 ] DEBUG Engine               - profileName: StringProperty [value: DEFAULT]
03:30:15.732 [FXGL Background Thread 3 ] DEBUG Engine               - randomSeed: -1
03:30:15.732 [FXGL Background Thread 3 ] DEBUG Engine               - runtimeInfo: RuntimeInfo(platform=WINDOWS, version=17.3, build=30.03.2023 11.49)
03:30:15.732 [FXGL Background Thread 3 ] DEBUG Engine               - saveFileExt: sav
03:30:15.732 [FXGL Background Thread 3 ] DEBUG Engine               - scaledHeightProp$fxgl: DoubleProperty [bound, value: 864.0]
03:30:15.732 [FXGL Background Thread 3 ] DEBUG Engine               - scaledWidthProp$fxgl: DoubleProperty [bound, value: 1536.0]
03:30:15.732 [FXGL Background Thread 3 ] DEBUG Engine               - sceneFactory: com.marcosguianfrancojoel.zombie_invaders.MENU.MiEscenaMenu@216a1da7
03:30:15.732 [FXGL Background Thread 3 ] DEBUG Engine               - secondsIn24h: 60
03:30:15.732 [FXGL Background Thread 3 ] DEBUG Engine               - soundMenuBack: menu/back.wav
03:30:15.732 [FXGL Background Thread 3 ] DEBUG Engine               - soundMenuPress: menu/press.wav
03:30:15.733 [FXGL Background Thread 3 ] DEBUG Engine               - soundMenuSelect: menu/select.wav
03:30:15.733 [FXGL Background Thread 3 ] DEBUG Engine               - soundNotification: core/notification.wav
03:30:15.733 [FXGL Background Thread 3 ] DEBUG Engine               - stageStyle: DECORATED
03:30:15.733 [FXGL Background Thread 3 ] DEBUG Engine               - supportedLanguages: [ENGLISH, FRENCH, GERMAN, HUNGARIAN, RUSSIAN]
03:30:15.735 [FXGL Background Thread 3 ] DEBUG Engine               - ticksPerSecond: -1
03:30:15.736 [FXGL Background Thread 3 ] DEBUG Engine               - title: Zombie Invaders
03:30:15.737 [FXGL Background Thread 3 ] DEBUG Engine               - urlGithub: https://github.com/AlmasB/FXGL
03:30:15.737 [FXGL Background Thread 3 ] DEBUG Engine               - urlLeaderboard: http://fxgl-top.herokuapp.com/
03:30:15.737 [FXGL Background Thread 3 ] DEBUG Engine               - urlPOM: https://raw.githubusercontent.com/AlmasB/FXGL/release/README.md
03:30:15.737 [FXGL Background Thread 3 ] DEBUG Engine               - userAppClass: class com.marcosguianfrancojoel.zombie_invaders.GameMain
03:30:15.737 [FXGL Background Thread 3 ] DEBUG Engine               - version: 0.1
03:30:15.737 [FXGL Background Thread 3 ] DEBUG Engine               - versionCheckDays: 7
03:30:15.737 [FXGL Background Thread 3 ] DEBUG Engine               - width: 1536
03:30:15.737 [FXGL Background Thread 3 ] DEBUG Engine               - Logging services
03:30:15.737 [FXGL Background Thread 3 ] DEBUG Engine               - class com.almasb.fxgl.app.services.FXGLAssetLoaderService
03:30:15.737 [FXGL Background Thread 3 ] DEBUG Engine               - class com.almasb.fxgl.app.FXGLApplication$GameApplicationService
03:30:15.737 [FXGL Background Thread 3 ] DEBUG Engine               - class com.almasb.fxgl.app.services.FXGLDialogService
03:30:15.737 [FXGL Background Thread 3 ] DEBUG Engine               - class com.almasb.fxgl.app.services.IOTaskExecutorService
03:30:15.737 [FXGL Background Thread 3 ] DEBUG Engine               - class com.almasb.fxgl.io.FileSystemService
03:30:15.737 [FXGL Background Thread 3 ] DEBUG Engine               - class com.almasb.fxgl.localization.LocalizationService
03:30:15.737 [FXGL Background Thread 3 ] DEBUG Engine               - class com.almasb.fxgl.app.services.SystemBundleService
03:30:15.737 [FXGL Background Thread 3 ] DEBUG Engine               - class com.almasb.fxgl.profile.SaveLoadService
03:30:15.737 [FXGL Background Thread 3 ] DEBUG Engine               - class com.almasb.fxgl.ui.FXGLUIFactoryServiceProvider
03:30:15.737 [FXGL Background Thread 3 ] DEBUG Engine               - class com.almasb.fxgl.ui.FXGLDialogFactoryServiceProvider
03:30:15.737 [FXGL Background Thread 3 ] DEBUG Engine               - class com.almasb.fxgl.audio.AudioPlayer
03:30:15.737 [FXGL Background Thread 3 ] DEBUG Engine               - class com.almasb.fxgl.notification.impl.NotificationServiceProvider
03:30:15.737 [FXGL Background Thread 3 ] DEBUG Engine               - class com.almasb.fxgl.achievement.AchievementService
03:30:15.737 [FXGL Background Thread 3 ] DEBUG Engine               - class com.almasb.fxgl.cutscene.CutsceneService
03:30:15.737 [FXGL Background Thread 3 ] DEBUG Engine               - class com.almasb.fxgl.minigames.MiniGameService
03:30:15.737 [FXGL Background Thread 3 ] DEBUG Engine               - class com.almasb.fxgl.net.NetService
03:30:15.737 [FXGL Background Thread 3 ] DEBUG Engine               - class com.almasb.fxgl.app.services.UpdaterService
03:30:15.737 [FXGL Background Thread 3 ] DEBUG Engine               - class com.almasb.fxgl.dev.DevService
03:30:18.697 [JavaFX Application Thread] DEBUG PrimaryStageWindow   - Push state: MiMenu
03:30:18.697 [JavaFX Application Thread] DEBUG Input                - Clearing active input actions
03:30:18.697 [JavaFX Application Thread] DEBUG GameApplicationServi - Removing overlay from GameScene and adding to MiMenu
03:30:18.698 [JavaFX Application Thread] DEBUG PrimaryStageWindow   - GameScene -> MiMenu
03:30:19.226 [JavaFX Application Thread] DEBUG Menu                 - fireExit()
03:30:19.231 [JavaFX Application Thread] DEBUG PrimaryStageWindow   - Push state: DialogSubScene
03:30:19.231 [JavaFX Application Thread] DEBUG Input                - Clearing active input actions
03:30:19.232 [JavaFX Application Thread] DEBUG GameApplicationServi - Removing overlay from MiMenu and adding to DialogSubScene
03:30:19.232 [JavaFX Application Thread] DEBUG PrimaryStageWindow   - MiMenu -> DialogSubScene
03:30:19.721 [JavaFX Application Thread] DEBUG PrimaryStageWindow   - Pop state: DialogSubScene
03:30:19.722 [JavaFX Application Thread] DEBUG Input                - Clearing active input actions
03:30:19.723 [JavaFX Application Thread] DEBUG GameApplicationServi - Removing overlay from DialogSubScene and adding to MiMenu
03:30:19.723 [JavaFX Application Thread] DEBUG PrimaryStageWindow   - MiMenu <- DialogSubScene
03:30:19.723 [JavaFX Application Thread] DEBUG FXGLApplication      - Exiting FXGL
03:30:19.724 [JavaFX Application Thread] DEBUG LoopRunner           - Stopping loop
03:30:19.724 [JavaFX Application Thread] DEBUG SystemBundleService  - Saving FXGL system data
03:30:19.726 [JavaFX Application Thread] DEBUG FileSystemAccess     - Writing to: C:\Users\locro\OneDrive\Desktop\Zombie Invaders\system\fxgl.bundle
03:30:19.730 [JavaFX Application Thread] DEBUG Async                - Shutting down background threads
03:30:19.730 [JavaFX Application Thread] DEBUG PrimaryStageWindow   - Closing main window
03:30:19.755 [JavaFX Application Thread] DEBUG Logger               - Closing Logger
