03:27:04.510 [main                     ] DEBUG Logger               - Configured Logger
03:27:04.532 [main                     ] DEBUG GameApplication      - Logging settings
Title: Zombie Invaders
Version: 0.1
Width: 1536
Height: 864
Fullscreen: true
Intro: false
Profiling: false
Single step:false
App Mode: DEVELOPER
Menu Key: ESCAPE
Stage Style: DECORATED
Scene Factory: class com.marcosguianfrancojoel.zombie_invaders.MENU.MiEscenaMenu

03:27:05.165 [JavaFX Application Thread] DEBUG FXGLApplication      - Initializing FXGL
03:27:05.172 [JavaFX Application Thread] INFO  Engine               - FXGL-17.3 (30.03.2023 11.49) on WINDOWS (J:21.0.8 FX:21.0.6)
03:27:05.173 [JavaFX Application Thread] DEBUG Engine               - JRE Vendor Name: Eclipse Adoptium
03:27:05.173 [JavaFX Application Thread] DEBUG Engine               - Running on OS: Windows 11 version 10.0
03:27:05.173 [JavaFX Application Thread] DEBUG Engine               - Architecture: amd64
03:27:05.174 [JavaFX Application Thread] INFO  Engine               - Source code and latest versions at: https://github.com/AlmasB/FXGL
03:27:05.174 [JavaFX Application Thread] INFO  Engine               -       Ask questions and discuss at: https://github.com/AlmasB/FXGL/discussions
03:27:05.174 [JavaFX Application Thread] INFO  Engine               -              Join the FXGL chat at: https://gitter.im/AlmasB/FXGL
03:27:05.391 [JavaFX Application Thread] DEBUG PrimaryStageWindow   - Creating a JavaFX scene
03:27:05.484 [JavaFX Application Thread] DEBUG PrimaryStageWindow   - Target settings size: 1536.0 x 864.0
03:27:05.485 [JavaFX Application Thread] DEBUG PrimaryStageWindow   - Scaled scene size:    1536.0 x 864.0
03:27:05.485 [JavaFX Application Thread] DEBUG PrimaryStageWindow   - Scaled ratio: (1.0, 1.0)
03:27:05.487 [JavaFX Application Thread] DEBUG PrimaryStageWindow   - Set initial scene to FXGLStartupScene
03:27:05.495 [JavaFX Application Thread] DEBUG PrimaryStageWindow   - Opening main window
03:27:05.655 [JavaFX Application Thread] DEBUG PrimaryStageWindow   - Window border size: (14.4000244140625, 37.5999755859375)
03:27:05.656 [JavaFX Application Thread] DEBUG PrimaryStageWindow   - Scaled size: 1536.0 x 864.0
03:27:05.656 [JavaFX Application Thread] DEBUG PrimaryStageWindow   - Scaled ratio: (1.0, 1.0)
03:27:05.657 [JavaFX Application Thread] DEBUG PrimaryStageWindow   - Scene size: 1536.0 x 864.0
03:27:05.657 [JavaFX Application Thread] DEBUG PrimaryStageWindow   - Stage size: 1550.4000244140625 x 901.5999755859375
03:27:05.681 [FXGL Background Thread 1 ] DEBUG Engine               - Initializing environment variables
03:27:05.793 [FXGL Background Thread 1 ] DEBUG FXGLAssetLoaderServi - User app class for loading assets: class com.marcosguianfrancojoel.zombie_invaders.GameMain
03:27:05.794 [FXGL Background Thread 1 ] DEBUG GameApplicationServi - Applying CSS: fxgl_dark.css
03:27:05.795 [FXGL Background Thread 1 ] DEBUG FXGLAssetLoaderServi - Loading from file system: jar:file:/C:/Users/locro/.m2/repository/com/github/almasb/fxgl/17.3/fxgl-17.3.jar!/fxglassets/ui/css/fxgl_dark.css
03:27:05.867 [FXGL Background Thread 1 ] DEBUG GameApplicationServi - Initializing application scenes
03:27:05.988 [FXGL Background Thread 1 ] DEBUG GameWorld            - Game world initialized
03:27:06.082 [FXGL Background Thread 1 ] DEBUG PhysicsWorld         - Physics world initialized: appHeight=864, physics.ppm=50,0
03:27:06.083 [FXGL Background Thread 1 ] DEBUG PhysicsWorld         - Using strategy: BRUTE_FORCE
03:27:06.087 [FXGL Background Thread 1 ] DEBUG GameScene            - Game scene initialized: 1536x864
03:27:06.099 [FXGL Background Thread 1 ] DEBUG FXGLAssetLoaderServi - Loading from file system: file:/C:/Users/locro/OneDrive/Desktop/Zombie%20Invaders/target/classes/assets/textures/ui/fondoMenu.png
03:27:06.185 [FXGL Background Thread 1 ] DEBUG GameApplicationServi - Application scenes initialized
03:27:06.218 [FXGL Background Thread 1 ] DEBUG SystemBundleService  - Loading FXGL system data
03:27:06.225 [FXGL Background Thread 1 ] DEBUG FileSystemAccess     - Reading from: C:\Users\locro\OneDrive\Desktop\Zombie Invaders\system\fxgl.bundle
03:27:06.242 [FXGL Background Thread 1 ] DEBUG SystemBundleService  - Bundle FXGL: {}
03:27:06.242 [FXGL Background Thread 1 ] DEBUG UpdaterService       - Checking for updates
03:27:06.252 [FXGL Background Thread 4 ] DEBUG FXGLApplication      - Loading fonts
03:27:06.253 [FXGL Background Thread 4 ] DEBUG FXGLAssetLoaderServi - Loading from file system: jar:file:/C:/Users/locro/.m2/repository/com/github/almasb/fxgl/17.3/fxgl-17.3.jar!/fxglassets/ui/fonts/VarelaRound-Regular.ttf
03:27:06.254 [FXGL Background Thread 1 ] DEBUG FXGLApplication      - Loading default localization
03:27:06.255 [FXGL Background Thread 1 ] DEBUG FXGLAssetLoaderServi - Loading from file system: jar:file:/C:/Users/locro/.m2/repository/com/github/almasb/fxgl/17.3/fxgl-17.3.jar!/fxglassets/languages/english.lang
03:27:06.317 [FXGL Background Thread 1 ] INFO  FXGLApplication      - FXGL initialization took: 0,636 sec
03:27:06.346 [JavaFX Application Thread] DEBUG Input                - Registered new binding: Arriba - W
03:27:06.346 [JavaFX Application Thread] DEBUG Input                - Registered new binding: Abajo - S
03:27:06.346 [JavaFX Application Thread] DEBUG Input                - Registered new binding: Izquierda - A
03:27:06.346 [JavaFX Application Thread] DEBUG Input                - Registered new binding: Derecha - D
03:27:06.346 [JavaFX Application Thread] DEBUG Input                - Registered new binding: Cargar_municion - R
03:27:06.346 [JavaFX Application Thread] DEBUG Input                - Registered new binding: CambiarArmaSiguiente - Q
03:27:06.347 [JavaFX Application Thread] DEBUG Input                - Registered new binding: CambiarArmaAnterior - E
03:27:06.348 [FXGL Background Thread 4 ] DEBUG FXGLAssetLoaderServi - Loading from file system: jar:file:/C:/Users/locro/.m2/repository/com/github/almasb/fxgl/17.3/fxgl-17.3.jar!/fxglassets/ui/fonts/Abel-Regular.ttf
03:27:06.353 [JavaFX Application Thread] DEBUG Input                - Registered new binding: Disparar - LMB
03:27:06.353 [JavaFX Application Thread] DEBUG FXGLAssetLoaderServi - Loading from file system: file:/C:/Users/locro/OneDrive/Desktop/Zombie%20Invaders/target/classes/assets/textures/icon.png
03:27:06.358 [FXGL Background Thread 4 ] DEBUG FXGLAssetLoaderServi - Loading from file system: jar:file:/C:/Users/locro/.m2/repository/com/github/almasb/fxgl/17.3/fxgl-17.3.jar!/fxglassets/ui/fonts/TerminalLandMono-Regular.otf
03:27:06.373 [FXGL Background Thread 4 ] DEBUG FXGLAssetLoaderServi - Loading from file system: jar:file:/C:/Users/locro/.m2/repository/com/github/almasb/fxgl/17.3/fxgl-17.3.jar!/fxglassets/ui/fonts/Courier-Prime.ttf
03:27:06.410 [JavaFX Application Thread] DEBUG FXGLAssetLoaderServi - Loading from file system: jar:file:/C:/Users/locro/.m2/repository/com/github/almasb/fxgl/17.3/fxgl-17.3.jar!/fxglassets/textures/fxgl_default_cursor.png
03:27:06.414 [JavaFX Application Thread] DEBUG Input                - Registered new binding: Screenshot - CTRL+8
03:27:06.415 [JavaFX Application Thread] DEBUG Input                - Registered new binding: System info dump - CTRL+9
03:27:06.416 [JavaFX Application Thread] DEBUG Input                - Registered new binding: Restart - CTRL+R
03:27:06.417 [JavaFX Application Thread] DEBUG Input                - Registered new binding: Toggle Debug Camera - CTRL+7
03:27:06.432 [JavaFX Application Thread] DEBUG LoopRunner           - Starting loop
03:27:06.432 [JavaFX Application Thread] DEBUG LoopRunner           - Initializing JavaFX AnimationTimerLoop
03:27:06.440 [JavaFX Application Thread] DEBUG Input                - Clearing active input actions
03:27:06.451 [JavaFX Application Thread] DEBUG GameApplicationServi - Removing overlay from FXGLStartupScene and adding to FXGLMainMenuDummyScene
03:27:06.451 [JavaFX Application Thread] DEBUG PrimaryStageWindow   - FXGLStartupScene -> FXGLMainMenuDummyScene
03:27:06.451 [JavaFX Application Thread] DEBUG PrimaryStageWindow   - Push state: MiMenu
03:27:06.452 [JavaFX Application Thread] DEBUG Input                - Clearing active input actions
03:27:06.508 [JavaFX Application Thread] DEBUG GameApplicationServi - Removing overlay from FXGLMainMenuDummyScene and adding to MiMenu
03:27:06.509 [JavaFX Application Thread] DEBUG PrimaryStageWindow   - FXGLMainMenuDummyScene -> MiMenu
03:27:06.510 [JavaFX Application Thread] DEBUG FXGLApplication      - Registering font factories with UI factory
03:27:07.055 [FXGL Background Thread 2 ] INFO  UpdaterService       - Your current version:  17.3
03:27:07.057 [FXGL Background Thread 2 ] INFO  UpdaterService       - Latest stable version: 21.1
03:27:07.672 [JavaFX Application Thread] DEBUG FXGLAssetLoaderServi - Loading from file system: file:/C:/Users/locro/OneDrive/Desktop/Zombie%20Invaders/target/classes/assets/sounds/sonidosUI/ui_click.wav
03:27:07.776 [JavaFX Application Thread] DEBUG Menu                 - fireNewGame()
03:27:07.776 [JavaFX Application Thread] DEBUG GameApplicationServi - Starting new game
03:27:07.777 [JavaFX Application Thread] DEBUG PrimaryStageWindow   - Pop state: MiMenu
03:27:07.777 [JavaFX Application Thread] DEBUG Input                - Clearing active input actions
03:27:07.778 [JavaFX Application Thread] DEBUG GameApplicationServi - Removing overlay from MiMenu and adding to FXGLMainMenuDummyScene
03:27:07.778 [JavaFX Application Thread] DEBUG PrimaryStageWindow   - FXGLMainMenuDummyScene <- MiMenu
03:27:07.778 [JavaFX Application Thread] DEBUG Input                - Clearing active input actions
03:27:07.798 [JavaFX Application Thread] DEBUG GameApplicationServi - Removing overlay from FXGLMainMenuDummyScene and adding to FXGLLoadingScene
03:27:07.798 [JavaFX Application Thread] DEBUG PrimaryStageWindow   - FXGLMainMenuDummyScene -> FXGLLoadingScene
03:27:07.798 [JavaFX Application Thread] DEBUG GameApplicationServi - Clearing previous game
03:27:07.798 [JavaFX Application Thread] DEBUG GameScene            - Clearing game scene
03:27:07.799 [JavaFX Application Thread] DEBUG GameWorld            - Clearing game world
03:27:07.799 [JavaFX Application Thread] DEBUG PhysicsWorld         - Clearing physics world
03:27:07.802 [FXGL Background Thread 2 ] DEBUG FXGLApplication      - Initializing game
03:27:07.835 [FXGL Background Thread 2 ] DEBUG FXGLAssetLoaderServi - Loading from file system: file:/C:/Users/locro/OneDrive/Desktop/Zombie%20Invaders/target/classes/assets/textures/maps/level_1.png
03:27:08.051 [FXGL Background Thread 2 ] WARN  FXGLAssetLoaderServi - Asset "/assets/textures/skin_default_pistol.png" was not found!
03:27:08.052 [FXGL Background Thread 2 ] WARN  FXGLAssetLoaderServi - Failed to load RESIZABLE_IMAGE
03:27:08.127 [FXGL Background Thread 2 ] DEBUG FXGLAssetLoaderServi - Loading from file system: file:/C:/Users/locro/OneDrive/Desktop/Zombie%20Invaders/target/classes/assets/sounds/enemies/zombie/groar/zombie_groar_1.wav
03:27:08.136 [FXGL Background Thread 2 ] DEBUG FXGLAssetLoaderServi - Loading from file system: file:/C:/Users/locro/OneDrive/Desktop/Zombie%20Invaders/target/classes/assets/sounds/enemies/zombie/groar/zombie_groar_2.wav
03:27:08.142 [FXGL Background Thread 2 ] DEBUG FXGLAssetLoaderServi - Loading from file system: file:/C:/Users/locro/OneDrive/Desktop/Zombie%20Invaders/target/classes/assets/sounds/enemies/zombie/groar/zombie_groar_3.wav
03:27:08.150 [FXGL Background Thread 2 ] DEBUG FXGLAssetLoaderServi - Loading from file system: file:/C:/Users/locro/OneDrive/Desktop/Zombie%20Invaders/target/classes/assets/sounds/enemies/zombie/groar/zombie_groar_4.wav
03:27:08.158 [FXGL Background Thread 2 ] DEBUG FXGLAssetLoaderServi - Loading from file system: file:/C:/Users/locro/OneDrive/Desktop/Zombie%20Invaders/target/classes/assets/sounds/enemies/zombie/horde_sound.wav
03:27:08.167 [FXGL Background Thread 2 ] DEBUG FXGLAssetLoaderServi - Loading from file system: file:/C:/Users/locro/OneDrive/Desktop/Zombie%20Invaders/target/classes/assets/sounds/enemies/zombie/zombie_dead.wav
03:27:08.178 [FXGL Background Thread 2 ] DEBUG FXGLAssetLoaderServi - Loading from file system: file:/C:/Users/locro/OneDrive/Desktop/Zombie%20Invaders/target/classes/assets/sounds/enemies/zombie_fat/groar/zombie_groar_1.wav
03:27:08.187 [FXGL Background Thread 2 ] DEBUG FXGLAssetLoaderServi - Loading from file system: file:/C:/Users/locro/OneDrive/Desktop/Zombie%20Invaders/target/classes/assets/sounds/enemies/zombie_fat/groar/zombie_groar_2.wav
03:27:08.193 [FXGL Background Thread 2 ] DEBUG FXGLAssetLoaderServi - Loading from file system: file:/C:/Users/locro/OneDrive/Desktop/Zombie%20Invaders/target/classes/assets/sounds/enemies/zombie_fat/groar/zombie_groar_3.wav
03:27:08.199 [FXGL Background Thread 2 ] DEBUG FXGLAssetLoaderServi - Loading from file system: file:/C:/Users/locro/OneDrive/Desktop/Zombie%20Invaders/target/classes/assets/sounds/enemies/zombie_fat/groar/zombie_groar_4.wav
03:27:08.204 [FXGL Background Thread 2 ] DEBUG FXGLAssetLoaderServi - Loading from file system: file:/C:/Users/locro/OneDrive/Desktop/Zombie%20Invaders/target/classes/assets/sounds/enemies/zombie_fat/zombie_fat_dead.wav
03:27:08.208 [FXGL Background Thread 2 ] DEBUG FXGLAssetLoaderServi - Loading from file system: file:/C:/Users/locro/OneDrive/Desktop/Zombie%20Invaders/target/classes/assets/sounds/enemies/zombie_runner/groar/zombie_groar_1.wav
03:27:08.212 [FXGL Background Thread 2 ] DEBUG FXGLAssetLoaderServi - Loading from file system: file:/C:/Users/locro/OneDrive/Desktop/Zombie%20Invaders/target/classes/assets/sounds/enemies/zombie_runner/groar/zombie_groar_2.wav
03:27:08.217 [FXGL Background Thread 2 ] DEBUG FXGLAssetLoaderServi - Loading from file system: file:/C:/Users/locro/OneDrive/Desktop/Zombie%20Invaders/target/classes/assets/sounds/enemies/zombie_runner/groar/zombie_groar_3.wav
03:27:08.221 [FXGL Background Thread 2 ] DEBUG FXGLAssetLoaderServi - Loading from file system: file:/C:/Users/locro/OneDrive/Desktop/Zombie%20Invaders/target/classes/assets/sounds/enemies/zombie_runner/groar/zombie_groar_4.wav
03:27:08.226 [FXGL Background Thread 2 ] DEBUG FXGLAssetLoaderServi - Loading from file system: file:/C:/Users/locro/OneDrive/Desktop/Zombie%20Invaders/target/classes/assets/sounds/enemies/zombie_runner/zombie_runner_dead.wav
03:27:08.232 [FXGL Background Thread 2 ] DEBUG FXGLAssetLoaderServi - Loading from file system: file:/C:/Users/locro/OneDrive/Desktop/Zombie%20Invaders/target/classes/assets/sounds/explosion/grenade/explosion_grenade_1.wav
03:27:08.236 [FXGL Background Thread 2 ] DEBUG FXGLAssetLoaderServi - Loading from file system: file:/C:/Users/locro/OneDrive/Desktop/Zombie%20Invaders/target/classes/assets/sounds/explosion/grenade/explosion_grenade_2.wav
03:27:08.245 [FXGL Background Thread 2 ] DEBUG FXGLAssetLoaderServi - Loading from file system: file:/C:/Users/locro/OneDrive/Desktop/Zombie%20Invaders/target/classes/assets/sounds/explosion/grenade/explosion_grenade_3.wav
03:27:08.249 [FXGL Background Thread 2 ] DEBUG FXGLAssetLoaderServi - Loading from file system: file:/C:/Users/locro/OneDrive/Desktop/Zombie%20Invaders/target/classes/assets/sounds/impact_effects/grenada_pom.wav
03:27:08.253 [FXGL Background Thread 2 ] DEBUG FXGLAssetLoaderServi - Loading from file system: file:/C:/Users/locro/OneDrive/Desktop/Zombie%20Invaders/target/classes/assets/sounds/impact_effects/grenade_drop.wav
03:27:08.257 [FXGL Background Thread 2 ] DEBUG FXGLAssetLoaderServi - Loading from file system: file:/C:/Users/locro/OneDrive/Desktop/Zombie%20Invaders/target/classes/assets/sounds/impact_effects/impact_1.wav
03:27:08.261 [FXGL Background Thread 2 ] DEBUG FXGLAssetLoaderServi - Loading from file system: file:/C:/Users/locro/OneDrive/Desktop/Zombie%20Invaders/target/classes/assets/sounds/impact_effects/impact_3.wav
03:27:08.271 [FXGL Background Thread 2 ] DEBUG FXGLAssetLoaderServi - Loading from file system: file:/C:/Users/locro/OneDrive/Desktop/Zombie%20Invaders/target/classes/assets/sounds/impact_effects/impat_2.wav
03:27:08.276 [FXGL Background Thread 2 ] DEBUG FXGLAssetLoaderServi - Loading from file system: file:/C:/Users/locro/OneDrive/Desktop/Zombie%20Invaders/target/classes/assets/sounds/player/ammoSound/grab_ammo_1.wav
03:27:08.282 [FXGL Background Thread 2 ] DEBUG FXGLAssetLoaderServi - Loading from file system: file:/C:/Users/locro/OneDrive/Desktop/Zombie%20Invaders/target/classes/assets/sounds/player/ammoSound/grab_ammo_2.wav
03:27:08.286 [FXGL Background Thread 2 ] DEBUG FXGLAssetLoaderServi - Loading from file system: file:/C:/Users/locro/OneDrive/Desktop/Zombie%20Invaders/target/classes/assets/sounds/player/cure_1.wav
03:27:08.290 [FXGL Background Thread 2 ] DEBUG FXGLAssetLoaderServi - Loading from file system: file:/C:/Users/locro/OneDrive/Desktop/Zombie%20Invaders/target/classes/assets/sounds/player/dead.wav
03:27:08.295 [FXGL Background Thread 2 ] DEBUG FXGLAssetLoaderServi - Loading from file system: file:/C:/Users/locro/OneDrive/Desktop/Zombie%20Invaders/target/classes/assets/sounds/player/hit_1.wav
03:27:08.298 [FXGL Background Thread 2 ] DEBUG FXGLAssetLoaderServi - Loading from file system: file:/C:/Users/locro/OneDrive/Desktop/Zombie%20Invaders/target/classes/assets/sounds/player/hurt/hurt_1.wav
03:27:08.305 [FXGL Background Thread 2 ] DEBUG FXGLAssetLoaderServi - Loading from file system: file:/C:/Users/locro/OneDrive/Desktop/Zombie%20Invaders/target/classes/assets/sounds/player/hurt/hurt_2.wav
03:27:08.309 [FXGL Background Thread 2 ] DEBUG FXGLAssetLoaderServi - Loading from file system: file:/C:/Users/locro/OneDrive/Desktop/Zombie%20Invaders/target/classes/assets/sounds/player/no_empety.wav
03:27:08.312 [FXGL Background Thread 2 ] DEBUG FXGLAssetLoaderServi - Loading from file system: file:/C:/Users/locro/OneDrive/Desktop/Zombie%20Invaders/target/classes/assets/sounds/player/shoot_1.wav
03:27:08.317 [FXGL Background Thread 2 ] DEBUG FXGLAssetLoaderServi - Loading from file system: file:/C:/Users/locro/OneDrive/Desktop/Zombie%20Invaders/target/classes/assets/sounds/player/steps/step_1.wav
03:27:08.323 [FXGL Background Thread 2 ] DEBUG FXGLAssetLoaderServi - Loading from file system: file:/C:/Users/locro/OneDrive/Desktop/Zombie%20Invaders/target/classes/assets/sounds/player/steps/step_2.wav
03:27:08.327 [FXGL Background Thread 2 ] DEBUG FXGLAssetLoaderServi - Loading from file system: file:/C:/Users/locro/OneDrive/Desktop/Zombie%20Invaders/target/classes/assets/sounds/player/steps/step_3.wav
03:27:08.335 [FXGL Background Thread 2 ] DEBUG FXGLAssetLoaderServi - Loading from file system: file:/C:/Users/locro/OneDrive/Desktop/Zombie%20Invaders/target/classes/assets/sounds/player/steps/step_4.wav
03:27:08.339 [FXGL Background Thread 2 ] DEBUG FXGLAssetLoaderServi - Loading from file system: file:/C:/Users/locro/OneDrive/Desktop/Zombie%20Invaders/target/classes/assets/sounds/player/steps/step_5.wav
03:27:08.343 [FXGL Background Thread 2 ] DEBUG FXGLAssetLoaderServi - Loading from file system: file:/C:/Users/locro/OneDrive/Desktop/Zombie%20Invaders/target/classes/assets/sounds/player/switch_weapon/switch_1.wav
03:27:08.346 [FXGL Background Thread 2 ] DEBUG FXGLAssetLoaderServi - Loading from file system: file:/C:/Users/locro/OneDrive/Desktop/Zombie%20Invaders/target/classes/assets/sounds/player/switch_weapon/switch_2.wav
03:27:08.350 [FXGL Background Thread 2 ] DEBUG FXGLAssetLoaderServi - Loading from file system: file:/C:/Users/locro/OneDrive/Desktop/Zombie%20Invaders/target/classes/assets/sounds/player/switch_weapon/switch_3.wav
03:27:08.353 [FXGL Background Thread 2 ] DEBUG FXGLAssetLoaderServi - Loading from file system: file:/C:/Users/locro/OneDrive/Desktop/Zombie%20Invaders/target/classes/assets/sounds/sonidosUI/ui_change.wav
03:27:08.358 [FXGL Background Thread 2 ] DEBUG FXGLAssetLoaderServi - Loading from file system: file:/C:/Users/locro/OneDrive/Desktop/Zombie%20Invaders/target/classes/assets/sounds/sonidosUI/ui_error.wav
03:27:08.365 [FXGL Background Thread 2 ] DEBUG FXGLAssetLoaderServi - Loading from file system: file:/C:/Users/locro/OneDrive/Desktop/Zombie%20Invaders/target/classes/assets/sounds/soundsSystem/error.wav
03:27:08.368 [FXGL Background Thread 2 ] DEBUG FXGLAssetLoaderServi - Loading from file system: file:/C:/Users/locro/OneDrive/Desktop/Zombie%20Invaders/target/classes/assets/sounds/weapons/automatic_shotgun/automatic_shotgun_finish.wav
03:27:08.370 [FXGL Background Thread 2 ] DEBUG FXGLAssetLoaderServi - Loading from file system: file:/C:/Users/locro/OneDrive/Desktop/Zombie%20Invaders/target/classes/assets/sounds/weapons/automatic_shotgun/automatic_shotgun_reload.wav
03:27:08.375 [FXGL Background Thread 2 ] DEBUG FXGLAssetLoaderServi - Loading from file system: file:/C:/Users/locro/OneDrive/Desktop/Zombie%20Invaders/target/classes/assets/sounds/weapons/automatic_shotgun/automatic_shotgun_shoot.wav
03:27:08.379 [FXGL Background Thread 2 ] DEBUG FXGLAssetLoaderServi - Loading from file system: file:/C:/Users/locro/OneDrive/Desktop/Zombie%20Invaders/target/classes/assets/sounds/weapons/pistol/pistol_reload.wav
03:27:08.381 [FXGL Background Thread 2 ] DEBUG FXGLAssetLoaderServi - Loading from file system: file:/C:/Users/locro/OneDrive/Desktop/Zombie%20Invaders/target/classes/assets/sounds/weapons/pistol/pistol_shoot.wav
03:27:08.387 [FXGL Background Thread 2 ] DEBUG FXGLAssetLoaderServi - Loading from file system: file:/C:/Users/locro/OneDrive/Desktop/Zombie%20Invaders/target/classes/assets/sounds/weapons/rifle_assault/rifle_assault_reload.wav
03:27:08.391 [FXGL Background Thread 2 ] DEBUG FXGLAssetLoaderServi - Loading from file system: file:/C:/Users/locro/OneDrive/Desktop/Zombie%20Invaders/target/classes/assets/sounds/weapons/rifle_assault/rifle_assault_shoot.wav
03:27:08.394 [FXGL Background Thread 2 ] DEBUG FXGLAssetLoaderServi - Loading from file system: file:/C:/Users/locro/OneDrive/Desktop/Zombie%20Invaders/target/classes/assets/sounds/weapons/uzi/uzi_reload.wav
03:27:08.396 [FXGL Background Thread 2 ] DEBUG FXGLAssetLoaderServi - Loading from file system: file:/C:/Users/locro/OneDrive/Desktop/Zombie%20Invaders/target/classes/assets/sounds/weapons/uzi/uzi_shoot.wav
03:27:08.404 [FXGL Background Thread 2 ] DEBUG FXGLAssetLoaderServi - Loading from file system: file:/C:/Users/locro/OneDrive/Desktop/Zombie%20Invaders/target/classes/assets/music/boss_theme.mp3
03:27:08.449 [FXGL Background Thread 2 ] DEBUG FXGLAssetLoaderServi - Loading from file system: file:/C:/Users/locro/OneDrive/Desktop/Zombie%20Invaders/target/classes/assets/music/Main_menu.mp3
03:27:08.456 [FXGL Background Thread 2 ] DEBUG FXGLAssetLoaderServi - Loading from file system: file:/C:/Users/locro/OneDrive/Desktop/Zombie%20Invaders/target/classes/assets/music/soundtracks/soundtrack_1.mp3
03:27:08.460 [FXGL Background Thread 2 ] DEBUG FXGLAssetLoaderServi - Loading from file system: file:/C:/Users/locro/OneDrive/Desktop/Zombie%20Invaders/target/classes/assets/music/soundtracks/soundtrack_2.mp3
03:27:08.467 [FXGL Background Thread 2 ] DEBUG FXGLAssetLoaderServi - Loading from file system: file:/C:/Users/locro/OneDrive/Desktop/Zombie%20Invaders/target/classes/assets/music/soundtracks/soundtrack_3.mp3
03:27:08.477 [FXGL Background Thread 2 ] DEBUG FXGLAssetLoaderServi - Loading from file system: file:/C:/Users/locro/OneDrive/Desktop/Zombie%20Invaders/target/classes/assets/textures/skins/skin_default/skin_default_uzi.png
03:27:08.509 [FXGL Background Thread 2 ] DEBUG FXGLAssetLoaderServi - Loading from file system: file:/C:/Users/locro/OneDrive/Desktop/Zombie%20Invaders/target/classes/assets/textures/consumibles/box_grenade.png
03:27:08.520 [FXGL Background Thread 2 ] WARN  GameWorld            - Entity is already attached to world
03:27:08.522 [FXGL Background Thread 2 ] DEBUG FXGLAssetLoaderServi - Loading from file system: file:/C:/Users/locro/OneDrive/Desktop/Zombie%20Invaders/target/classes/assets/textures/consumibles/botiquin_small.png
03:27:08.536 [FXGL Background Thread 2 ] WARN  GameWorld            - Entity is already attached to world
03:27:08.571 [FXGL Background Thread 2 ] INFO  FXGLApplication      - Game initialization took: 0,768 sec
03:27:08.579 [JavaFX Application Thread] DEBUG Input                - Clearing active input actions
03:27:08.588 [JavaFX Application Thread] DEBUG GameApplicationServi - Removing overlay from FXGLLoadingScene and adding to GameScene
03:27:08.588 [JavaFX Application Thread] DEBUG PrimaryStageWindow   - FXGLLoadingScene -> GameScene
03:27:08.613 [JavaFX Application Thread] DEBUG FXGLAssetLoaderServi - Loading from file system: file:/C:/Users/locro/OneDrive/Desktop/Zombie%20Invaders/target/classes/assets/textures/enemies/zombie/zombie.png
03:27:09.248 [FXGL Background Thread 3 ] DEBUG Engine               - Logging environment variables
03:27:09.248 [FXGL Background Thread 3 ] DEBUG Engine               - achievements: []
03:27:09.248 [FXGL Background Thread 3 ] DEBUG Engine               - actualHeight: 864.0
03:27:09.248 [FXGL Background Thread 3 ] DEBUG Engine               - actualHeightProperty: ReadOnlyDoubleProperty [value: 864.0]
03:27:09.249 [FXGL Background Thread 3 ] DEBUG Engine               - actualWidth: 1536.0
03:27:09.249 [FXGL Background Thread 3 ] DEBUG Engine               - actualWidthProperty: ReadOnlyDoubleProperty [value: 1536.0]
03:27:09.249 [FXGL Background Thread 3 ] DEBUG Engine               - appIcon: icon.png
03:27:09.249 [FXGL Background Thread 3 ] DEBUG Engine               - applicationMode: DEVELOPER
03:27:09.249 [FXGL Background Thread 3 ] DEBUG Engine               - cSSList: [fxgl_dark.css]
03:27:09.249 [FXGL Background Thread 3 ] DEBUG Engine               - collisionDetectionStrategy: BRUTE_FORCE
03:27:09.249 [FXGL Background Thread 3 ] DEBUG Engine               - configClass: Optional.empty
03:27:09.249 [FXGL Background Thread 3 ] DEBUG Engine               - credits: []
03:27:09.251 [FXGL Background Thread 3 ] DEBUG Engine               - defaultCursor: CursorInfo(imageName=fxgl_default_cursor.png, hotspotX=7.0, hotspotY=6.0)
03:27:09.251 [FXGL Background Thread 3 ] DEBUG Engine               - devBBoxColorProperty: ObjectProperty [value: 0xff0000ff]
03:27:09.252 [FXGL Background Thread 3 ] DEBUG Engine               - devEnableDebugCameraProperty: BooleanProperty [value: false]
03:27:09.252 [FXGL Background Thread 3 ] DEBUG Engine               - devSensorColorProperty: ObjectProperty [value: 0xffff00ff]
03:27:09.252 [FXGL Background Thread 3 ] DEBUG Engine               - devShowBBoxProperty: BooleanProperty [value: false]
03:27:09.252 [FXGL Background Thread 3 ] DEBUG Engine               - devShowPositionProperty: BooleanProperty [value: false]
03:27:09.252 [FXGL Background Thread 3 ] DEBUG Engine               - enabledMenuItems: []
03:27:09.252 [FXGL Background Thread 3 ] DEBUG Engine               - engineServices: [class com.almasb.fxgl.app.services.FXGLAssetLoaderService, class com.almasb.fxgl.app.FXGLApplication$GameApplicationService, class com.almasb.fxgl.app.services.FXGLDialogService, class com.almasb.fxgl.app.services.IOTaskExecutorService, class com.almasb.fxgl.io.FileSystemService, class com.almasb.fxgl.localization.LocalizationService, class com.almasb.fxgl.app.services.SystemBundleService, class com.almasb.fxgl.profile.SaveLoadService, class com.almasb.fxgl.ui.FXGLUIFactoryServiceProvider, class com.almasb.fxgl.ui.FXGLDialogFactoryServiceProvider, class com.almasb.fxgl.audio.AudioPlayer, class com.almasb.fxgl.notification.impl.NotificationServiceProvider, class com.almasb.fxgl.achievement.AchievementService, class com.almasb.fxgl.cutscene.CutsceneService, class com.almasb.fxgl.minigames.MiniGameService, class com.almasb.fxgl.net.NetService, class com.almasb.fxgl.app.services.UpdaterService, class com.almasb.fxgl.dev.DevService]
03:27:09.252 [FXGL Background Thread 3 ] DEBUG Engine               - fontGame: Abel-Regular.ttf
03:27:09.252 [FXGL Background Thread 3 ] DEBUG Engine               - fontMono: TerminalLandMono-Regular.otf
03:27:09.252 [FXGL Background Thread 3 ] DEBUG Engine               - fontSizeScaleUI: 1.0
03:27:09.252 [FXGL Background Thread 3 ] DEBUG Engine               - fontText: Courier-Prime.ttf
03:27:09.252 [FXGL Background Thread 3 ] DEBUG Engine               - fontUI: VarelaRound-Regular.ttf
03:27:09.252 [FXGL Background Thread 3 ] DEBUG Engine               - fullScreen: BooleanProperty [value: false]
03:27:09.252 [FXGL Background Thread 3 ] DEBUG Engine               - gameDifficulty: MEDIUM
03:27:09.252 [FXGL Background Thread 3 ] DEBUG Engine               - gameDifficultyProperty: ObjectProperty [value: MEDIUM]
03:27:09.252 [FXGL Background Thread 3 ] DEBUG Engine               - globalMusicVolume: 0.5
03:27:09.252 [FXGL Background Thread 3 ] DEBUG Engine               - globalMusicVolumeProperty: DoubleProperty [value: 0.5]
03:27:09.252 [FXGL Background Thread 3 ] DEBUG Engine               - globalSoundVolume: 0.5
03:27:09.252 [FXGL Background Thread 3 ] DEBUG Engine               - globalSoundVolumeProperty: DoubleProperty [value: 0.5]
03:27:09.252 [FXGL Background Thread 3 ] DEBUG Engine               - height: 864
03:27:09.252 [FXGL Background Thread 3 ] DEBUG Engine               - is3D: false
03:27:09.252 [FXGL Background Thread 3 ] DEBUG Engine               - isAndroid: false
03:27:09.252 [FXGL Background Thread 3 ] DEBUG Engine               - isBrowser: false
03:27:09.252 [FXGL Background Thread 3 ] DEBUG Engine               - isClickFeedbackEnabled: false
03:27:09.252 [FXGL Background Thread 3 ] DEBUG Engine               - isCloseConfirmation: false
03:27:09.252 [FXGL Background Thread 3 ] DEBUG Engine               - isDesktop: true
03:27:09.253 [FXGL Background Thread 3 ] DEBUG Engine               - isDeveloperMenuEnabled: false
03:27:09.253 [FXGL Background Thread 3 ] DEBUG Engine               - isEmbedded: false
03:27:09.253 [FXGL Background Thread 3 ] DEBUG Engine               - isEntityPreloadEnabled: true
03:27:09.253 [FXGL Background Thread 3 ] DEBUG Engine               - isExperimentalTiledLargeMap: false
03:27:09.253 [FXGL Background Thread 3 ] DEBUG Engine               - isFileSystemWriteAllowed: true
03:27:09.253 [FXGL Background Thread 3 ] DEBUG Engine               - isFullScreenAllowed: true
03:27:09.253 [FXGL Background Thread 3 ] DEBUG Engine               - isFullScreenFromStart: false
03:27:09.253 [FXGL Background Thread 3 ] DEBUG Engine               - isGameMenuEnabled: true
03:27:09.253 [FXGL Background Thread 3 ] DEBUG Engine               - isIOS: false
03:27:09.253 [FXGL Background Thread 3 ] DEBUG Engine               - isIntroEnabled: false
03:27:09.253 [FXGL Background Thread 3 ] DEBUG Engine               - isLinux: false
03:27:09.253 [FXGL Background Thread 3 ] DEBUG Engine               - isMac: false
03:27:09.253 [FXGL Background Thread 3 ] DEBUG Engine               - isMainMenuEnabled: true
03:27:09.253 [FXGL Background Thread 3 ] DEBUG Engine               - isManualResizeEnabled: true
03:27:09.253 [FXGL Background Thread 3 ] DEBUG Engine               - isMobile: false
03:27:09.253 [FXGL Background Thread 3 ] DEBUG Engine               - isNative: false
03:27:09.253 [FXGL Background Thread 3 ] DEBUG Engine               - isPauseMusicWhenMinimized: true
03:27:09.253 [FXGL Background Thread 3 ] DEBUG Engine               - isPreserveResizeRatio: false
03:27:09.253 [FXGL Background Thread 3 ] DEBUG Engine               - isProfilingEnabled: false
03:27:09.253 [FXGL Background Thread 3 ] DEBUG Engine               - isScaleAffectedOnResize: true
03:27:09.253 [FXGL Background Thread 3 ] DEBUG Engine               - isSingleStep: false
03:27:09.253 [FXGL Background Thread 3 ] DEBUG Engine               - isUserProfileEnabled: false
03:27:09.253 [FXGL Background Thread 3 ] DEBUG Engine               - isWindows: true
03:27:09.253 [FXGL Background Thread 3 ] DEBUG Engine               - language: ObjectProperty [value: ENGLISH]
03:27:09.253 [FXGL Background Thread 3 ] DEBUG Engine               - menuKey: ESCAPE
03:27:09.254 [FXGL Background Thread 3 ] DEBUG Engine               - mouseSensitivity: 0.2
03:27:09.254 [FXGL Background Thread 3 ] DEBUG Engine               - notificationViewClass: class com.almasb.fxgl.notification.view.XboxNotificationView
03:27:09.254 [FXGL Background Thread 3 ] DEBUG Engine               - pixelsPerMeter: 50.0
03:27:09.254 [FXGL Background Thread 3 ] DEBUG Engine               - platform: WINDOWS
03:27:09.254 [FXGL Background Thread 3 ] DEBUG Engine               - prefHeightProperty: ReadOnlyDoubleProperty [value: 864.0]
03:27:09.254 [FXGL Background Thread 3 ] DEBUG Engine               - prefWidthProperty: ReadOnlyDoubleProperty [value: 1536.0]
03:27:09.254 [FXGL Background Thread 3 ] DEBUG Engine               - profileDir: profiles/
03:27:09.254 [FXGL Background Thread 3 ] DEBUG Engine               - profileName: StringProperty [value: DEFAULT]
03:27:09.254 [FXGL Background Thread 3 ] DEBUG Engine               - randomSeed: -1
03:27:09.257 [FXGL Background Thread 3 ] DEBUG Engine               - runtimeInfo: RuntimeInfo(platform=WINDOWS, version=17.3, build=30.03.2023 11.49)
03:27:09.258 [FXGL Background Thread 3 ] DEBUG Engine               - saveFileExt: sav
03:27:09.258 [FXGL Background Thread 3 ] DEBUG Engine               - scaledHeightProp$fxgl: DoubleProperty [bound, value: 864.0]
03:27:09.258 [FXGL Background Thread 3 ] DEBUG Engine               - scaledWidthProp$fxgl: DoubleProperty [bound, value: 1536.0]
03:27:09.258 [FXGL Background Thread 3 ] DEBUG Engine               - sceneFactory: com.marcosguianfrancojoel.zombie_invaders.MENU.MiEscenaMenu@216a1da7
03:27:09.258 [FXGL Background Thread 3 ] DEBUG Engine               - secondsIn24h: 60
03:27:09.258 [FXGL Background Thread 3 ] DEBUG Engine               - soundMenuBack: menu/back.wav
03:27:09.258 [FXGL Background Thread 3 ] DEBUG Engine               - soundMenuPress: menu/press.wav
03:27:09.258 [FXGL Background Thread 3 ] DEBUG Engine               - soundMenuSelect: menu/select.wav
03:27:09.258 [FXGL Background Thread 3 ] DEBUG Engine               - soundNotification: core/notification.wav
03:27:09.258 [FXGL Background Thread 3 ] DEBUG Engine               - stageStyle: DECORATED
03:27:09.258 [FXGL Background Thread 3 ] DEBUG Engine               - supportedLanguages: [ENGLISH, FRENCH, GERMAN, HUNGARIAN, RUSSIAN]
03:27:09.267 [FXGL Background Thread 3 ] DEBUG Engine               - ticksPerSecond: -1
03:27:09.267 [FXGL Background Thread 3 ] DEBUG Engine               - title: Zombie Invaders
03:27:09.267 [FXGL Background Thread 3 ] DEBUG Engine               - urlGithub: https://github.com/AlmasB/FXGL
03:27:09.268 [FXGL Background Thread 3 ] DEBUG Engine               - urlLeaderboard: http://fxgl-top.herokuapp.com/
03:27:09.268 [FXGL Background Thread 3 ] DEBUG Engine               - urlPOM: https://raw.githubusercontent.com/AlmasB/FXGL/release/README.md
03:27:09.268 [FXGL Background Thread 3 ] DEBUG Engine               - userAppClass: class com.marcosguianfrancojoel.zombie_invaders.GameMain
03:27:09.268 [FXGL Background Thread 3 ] DEBUG Engine               - version: 0.1
03:27:09.268 [FXGL Background Thread 3 ] DEBUG Engine               - versionCheckDays: 7
03:27:09.268 [FXGL Background Thread 3 ] DEBUG Engine               - width: 1536
03:27:09.268 [FXGL Background Thread 3 ] DEBUG Engine               - Logging services
03:27:09.269 [FXGL Background Thread 3 ] DEBUG Engine               - class com.almasb.fxgl.app.services.FXGLAssetLoaderService
03:27:09.269 [FXGL Background Thread 3 ] DEBUG Engine               - class com.almasb.fxgl.app.FXGLApplication$GameApplicationService
03:27:09.269 [FXGL Background Thread 3 ] DEBUG Engine               - class com.almasb.fxgl.app.services.FXGLDialogService
03:27:09.269 [FXGL Background Thread 3 ] DEBUG Engine               - class com.almasb.fxgl.app.services.IOTaskExecutorService
03:27:09.271 [FXGL Background Thread 3 ] DEBUG Engine               - class com.almasb.fxgl.io.FileSystemService
03:27:09.274 [FXGL Background Thread 3 ] DEBUG Engine               - class com.almasb.fxgl.localization.LocalizationService
03:27:09.274 [FXGL Background Thread 3 ] DEBUG Engine               - class com.almasb.fxgl.app.services.SystemBundleService
03:27:09.274 [FXGL Background Thread 3 ] DEBUG Engine               - class com.almasb.fxgl.profile.SaveLoadService
03:27:09.274 [FXGL Background Thread 3 ] DEBUG Engine               - class com.almasb.fxgl.ui.FXGLUIFactoryServiceProvider
03:27:09.274 [FXGL Background Thread 3 ] DEBUG Engine               - class com.almasb.fxgl.ui.FXGLDialogFactoryServiceProvider
03:27:09.275 [FXGL Background Thread 3 ] DEBUG Engine               - class com.almasb.fxgl.audio.AudioPlayer
03:27:09.275 [FXGL Background Thread 3 ] DEBUG Engine               - class com.almasb.fxgl.notification.impl.NotificationServiceProvider
03:27:09.275 [FXGL Background Thread 3 ] DEBUG Engine               - class com.almasb.fxgl.achievement.AchievementService
03:27:09.275 [FXGL Background Thread 3 ] DEBUG Engine               - class com.almasb.fxgl.cutscene.CutsceneService
03:27:09.275 [FXGL Background Thread 3 ] DEBUG Engine               - class com.almasb.fxgl.minigames.MiniGameService
03:27:09.275 [FXGL Background Thread 3 ] DEBUG Engine               - class com.almasb.fxgl.net.NetService
03:27:09.275 [FXGL Background Thread 3 ] DEBUG Engine               - class com.almasb.fxgl.app.services.UpdaterService
03:27:09.276 [FXGL Background Thread 3 ] DEBUG Engine               - class com.almasb.fxgl.dev.DevService
03:27:13.283 [JavaFX Application Thread] DEBUG FXGLAssetLoaderServi - Loading from file system: file:/C:/Users/locro/OneDrive/Desktop/Zombie%20Invaders/target/classes/assets/textures/enemies/zombie/zombie_died.png
03:27:13.302 [JavaFX Application Thread] DEBUG FXGLAssetLoaderServi - Loading from file system: file:/C:/Users/locro/OneDrive/Desktop/Zombie%20Invaders/target/classes/assets/textures/effects/blood_1.png
03:27:14.737 [JavaFX Application Thread] DEBUG FXGLAssetLoaderServi - Loading from file system: file:/C:/Users/locro/OneDrive/Desktop/Zombie%20Invaders/target/classes/assets/textures/effects/blood_1.png
03:27:18.497 [JavaFX Application Thread] DEBUG FXGLAssetLoaderServi - Loading from file system: file:/C:/Users/locro/OneDrive/Desktop/Zombie%20Invaders/target/classes/assets/textures/effects/blood_1.png
03:27:18.755 [JavaFX Application Thread] DEBUG FXGLAssetLoaderServi - Loading from file system: file:/C:/Users/locro/OneDrive/Desktop/Zombie%20Invaders/target/classes/assets/textures/effects/blood_1.png
03:27:19.106 [JavaFX Application Thread] DEBUG FXGLAssetLoaderServi - Loading from file system: file:/C:/Users/locro/OneDrive/Desktop/Zombie%20Invaders/target/classes/assets/textures/effects/blood_1.png
03:27:19.122 [JavaFX Application Thread] WARN  GameWorld            - Entity is already attached to world
03:27:28.802 [JavaFX Application Thread] DEBUG FXGLAssetLoaderServi - Loading from file system: file:/C:/Users/locro/OneDrive/Desktop/Zombie%20Invaders/target/classes/assets/textures/effects/blood_1.png
03:27:29.922 [JavaFX Application Thread] DEBUG FXGLAssetLoaderServi - Loading from file system: file:/C:/Users/locro/OneDrive/Desktop/Zombie%20Invaders/target/classes/assets/textures/effects/blood_1.png
03:27:30.754 [JavaFX Application Thread] DEBUG FXGLAssetLoaderServi - Loading from file system: file:/C:/Users/locro/OneDrive/Desktop/Zombie%20Invaders/target/classes/assets/textures/effects/blood_1.png
03:27:31.618 [JavaFX Application Thread] DEBUG FXGLAssetLoaderServi - Loading from file system: file:/C:/Users/locro/OneDrive/Desktop/Zombie%20Invaders/target/classes/assets/textures/effects/blood_1.png
03:27:33.506 [JavaFX Application Thread] DEBUG FXGLAssetLoaderServi - Loading from file system: file:/C:/Users/locro/OneDrive/Desktop/Zombie%20Invaders/target/classes/assets/textures/effects/blood_1.png
03:27:34.146 [JavaFX Application Thread] DEBUG FXGLAssetLoaderServi - Loading from file system: file:/C:/Users/locro/OneDrive/Desktop/Zombie%20Invaders/target/classes/assets/textures/effects/blood_1.png
03:27:36.849 [JavaFX Application Thread] DEBUG FXGLAssetLoaderServi - Loading from file system: file:/C:/Users/locro/OneDrive/Desktop/Zombie%20Invaders/target/classes/assets/textures/effects/blood_1.png
03:27:38.609 [JavaFX Application Thread] DEBUG FXGLAssetLoaderServi - Loading from file system: file:/C:/Users/locro/OneDrive/Desktop/Zombie%20Invaders/target/classes/assets/textures/effects/blood_1.png
03:27:38.623 [JavaFX Application Thread] WARN  GameWorld            - Entity is already attached to world
03:27:39.131 [JavaFX Application Thread] DEBUG PrimaryStageWindow   - Push state: MiMenu
03:27:39.131 [JavaFX Application Thread] DEBUG Input                - Clearing active input actions
03:27:39.132 [JavaFX Application Thread] DEBUG GameApplicationServi - Removing overlay from GameScene and adding to MiMenu
03:27:39.133 [JavaFX Application Thread] DEBUG PrimaryStageWindow   - GameScene -> MiMenu
03:27:39.847 [JavaFX Application Thread] DEBUG Menu                 - fireExit()
03:27:39.851 [JavaFX Application Thread] DEBUG PrimaryStageWindow   - Push state: DialogSubScene
03:27:39.851 [JavaFX Application Thread] DEBUG Input                - Clearing active input actions
03:27:39.851 [JavaFX Application Thread] DEBUG GameApplicationServi - Removing overlay from MiMenu and adding to DialogSubScene
03:27:39.851 [JavaFX Application Thread] DEBUG PrimaryStageWindow   - MiMenu -> DialogSubScene
03:27:40.362 [JavaFX Application Thread] DEBUG PrimaryStageWindow   - Pop state: DialogSubScene
03:27:40.362 [JavaFX Application Thread] DEBUG Input                - Clearing active input actions
03:27:40.363 [JavaFX Application Thread] DEBUG GameApplicationServi - Removing overlay from DialogSubScene and adding to MiMenu
03:27:40.363 [JavaFX Application Thread] DEBUG PrimaryStageWindow   - MiMenu <- DialogSubScene
03:27:40.364 [JavaFX Application Thread] DEBUG FXGLApplication      - Exiting FXGL
03:27:40.364 [JavaFX Application Thread] DEBUG LoopRunner           - Stopping loop
03:27:40.364 [JavaFX Application Thread] DEBUG SystemBundleService  - Saving FXGL system data
03:27:40.367 [JavaFX Application Thread] DEBUG FileSystemAccess     - Writing to: C:\Users\locro\OneDrive\Desktop\Zombie Invaders\system\fxgl.bundle
03:27:40.370 [JavaFX Application Thread] DEBUG Async                - Shutting down background threads
03:27:40.370 [JavaFX Application Thread] DEBUG PrimaryStageWindow   - Closing main window
03:27:40.395 [JavaFX Application Thread] DEBUG Logger               - Closing Logger
